Using pre-set license
Built from '2020.2/release' branch; Version is '2020.2.0f1 (3721df5a8b28) revision 3613151'; Using compiler version '192528614'; Build Type 'Release'
OS: 'Windows 10  (10.0.0) 64bit' Language: 'ko' Physical Memory: 8075 MB
BatchMode: 1, IsHumanControllingUs: 0, StartBugReporterOnCrash: 0, Is64bit: 1, IsPro: 0

 COMMAND LINE ARGUMENTS:
D:\Unity\2020.2.0f1\Editor\Unity.exe
-adb2
-batchMode
-noUpm
-name
AssetImportWorker2
-projectPath
D:/Unity Projects/My Clicker Game
-logFile
Logs/AssetImportWorker2.log
-srvPort
54409
Successfully changed project path to: D:/Unity Projects/My Clicker Game
D:/Unity Projects/My Clicker Game
Using Asset Import Pipeline V2.
Refreshing native plugins compatible for Editor in 69.63 ms, found 1 plugins.
Preloading 0 native plugins for Editor in 0.00 ms.
Initialize engine version: 2020.2.0f1 (3721df5a8b28)
[Subsystems] Discovering subsystems at path D:/Unity/2020.2.0f1/Editor/Data/Resources/UnitySubsystems
[Subsystems] Discovering subsystems at path D:/Unity Projects/My Clicker Game/Assets
GfxDevice: creating device client; threaded=0
Direct3D:
    Version:  Direct3D 11.0 [level 11.0]
    Renderer: NVIDIA GeForce GTX 950M (ID=0x139a)
    Vendor:   
    VRAM:     2010 MB
    Driver:   27.21.14.6109
Initialize mono
Mono path[0] = 'D:/Unity/2020.2.0f1/Editor/Data/Managed'
Mono path[1] = 'D:/Unity/2020.2.0f1/Editor/Data/MonoBleedingEdge/lib/mono/unityjit'
Mono config path = 'D:/Unity/2020.2.0f1/Editor/Data/MonoBleedingEdge/etc'
Using monoOptions --debugger-agent=transport=dt_socket,embedding=1,server=y,suspend=n,address=127.0.0.1:56724
Begin MonoManager ReloadAssembly
Registering precompiled unity dll's ...
Register platform support module: D:/Unity/2020.2.0f1/Editor/Data/PlaybackEngines/WindowsStandaloneSupport/UnityEditor.WindowsStandalone.Extensions.dll
Registered in 0.001339 seconds.
Native extension for WindowsStandalone target not found
Refreshing native plugins compatible for Editor in 52.99 ms, found 1 plugins.
Preloading 0 native plugins for Editor in 0.00 ms.
Invoked RoslynAnalysisRunner static constructor.
RoslynAnalysisRunner will not be running.
RoslynAnalysisRunner has terminated.
Mono: successfully reloaded assembly
- Completed reload, in  2.426 seconds
Platform modules already initialized, skipping
Registering precompiled user dll's ...
Registered in 0.001571 seconds.
Begin MonoManager ReloadAssembly
Native extension for WindowsStandalone target not found
Refreshing native plugins compatible for Editor in 52.54 ms, found 1 plugins.
Preloading 0 native plugins for Editor in 0.00 ms.
Invoked RoslynAnalysisRunner static constructor.
RoslynAnalysisRunner will not be running.
RoslynAnalysisRunner has terminated.
Mono: successfully reloaded assembly
- Completed reload, in  1.407 seconds
Platform modules already initialized, skipping
========================================================================
Worker process is ready to serve import requests
Launched and connected shader compiler UnityShaderCompiler.exe after 0.25 seconds
Refreshing native plugins compatible for Editor in 0.67 ms, found 1 plugins.
Preloading 0 native plugins for Editor in 0.00 ms.
Unloading 1806 Unused Serialized files (Serialized files now loaded: 0)
System memory in use before: 87.3 MB.
System memory in use after: 87.3 MB.

Unloading 24 unused Assets to reduce memory usage. Loaded Objects now: 2251.
Total: 2.703800 ms (FindLiveObjects: 0.437000 ms CreateObjectMapping: 0.124700 ms MarkObjects: 1.984300 ms  DeleteObjects: 0.156300 ms)

========================================================================
Received Import Request.
  path: Assets/PF SET1
  artifactKey: Guid(6f515ef06a2ac4f43beab2e318b11a56) Importer(815301076,1909f56bfc062723c751e8b465ee728b)
Start importing Assets/PF SET1 using Guid(6f515ef06a2ac4f43beab2e318b11a56) Importer(815301076,1909f56bfc062723c751e8b465ee728b)  -> (artifact id: '42b2a55e812739446234db6d009ad642') in 0.054120 seconds
  Import took 0.057914 seconds .

========================================================================
Received Prepare
Registering precompiled user dll's ...
Registered in 0.001268 seconds.
Begin MonoManager ReloadAssembly
Native extension for WindowsStandalone target not found
Refreshing native plugins compatible for Editor in 0.42 ms, found 1 plugins.
Preloading 0 native plugins for Editor in 0.00 ms.
Invoked RoslynAnalysisRunner static constructor.
RoslynAnalysisRunner will not be running.
RoslynAnalysisRunner has terminated.
Mono: successfully reloaded assembly
- Completed reload, in  1.384 seconds
Platform modules already initialized, skipping
Refreshing native plugins compatible for Editor in 0.63 ms, found 1 plugins.
Preloading 0 native plugins for Editor in 0.00 ms.
Unloading 1801 Unused Serialized files (Serialized files now loaded: 0)
System memory in use before: 87.4 MB.
System memory in use after: 87.4 MB.

Unloading 12 unused Assets to reduce memory usage. Loaded Objects now: 2254.
Total: 3.705400 ms (FindLiveObjects: 0.202500 ms CreateObjectMapping: 0.073500 ms MarkObjects: 3.266300 ms  DeleteObjects: 0.161600 ms)

========================================================================
Received Prepare
Registering precompiled user dll's ...
Registered in 0.001123 seconds.
Begin MonoManager ReloadAssembly
Native extension for WindowsStandalone target not found
Refreshing native plugins compatible for Editor in 0.43 ms, found 1 plugins.
Preloading 0 native plugins for Editor in 0.00 ms.
Invoked RoslynAnalysisRunner static constructor.
RoslynAnalysisRunner will not be running.
RoslynAnalysisRunner has terminated.
Mono: successfully reloaded assembly
- Completed reload, in  1.336 seconds
Platform modules already initialized, skipping
Refreshing native plugins compatible for Editor in 0.68 ms, found 1 plugins.
Preloading 0 native plugins for Editor in 0.00 ms.
Unloading 1801 Unused Serialized files (Serialized files now loaded: 0)
System memory in use before: 87.6 MB.
System memory in use after: 87.6 MB.

Unloading 12 unused Assets to reduce memory usage. Loaded Objects now: 2257.
Total: 4.093000 ms (FindLiveObjects: 0.427900 ms CreateObjectMapping: 0.170000 ms MarkObjects: 3.300900 ms  DeleteObjects: 0.191800 ms)

========================================================================
Received Prepare
Registering precompiled user dll's ...
Registered in 0.002089 seconds.
Begin MonoManager ReloadAssembly
Native extension for WindowsStandalone target not found
Refreshing native plugins compatible for Editor in 0.50 ms, found 1 plugins.
Preloading 0 native plugins for Editor in 0.00 ms.
Invoked RoslynAnalysisRunner static constructor.
RoslynAnalysisRunner will not be running.
RoslynAnalysisRunner has terminated.
Mono: successfully reloaded assembly
- Completed reload, in  1.388 seconds
Platform modules already initialized, skipping
Refreshing native plugins compatible for Editor in 0.42 ms, found 1 plugins.
Preloading 0 native plugins for Editor in 0.00 ms.
Unloading 1801 Unused Serialized files (Serialized files now loaded: 0)
System memory in use before: 87.7 MB.
System memory in use after: 87.7 MB.

Unloading 12 unused Assets to reduce memory usage. Loaded Objects now: 2260.
Total: 2.507300 ms (FindLiveObjects: 0.305800 ms CreateObjectMapping: 0.097800 ms MarkObjects: 1.931900 ms  DeleteObjects: 0.151600 ms)

========================================================================
Received Import Request.
  Time since last request: 253.023821 seconds.
  path: Assets/playerData.json
  artifactKey: Guid(a501f1c234584724dab07d6716b3ff97) Importer(815301076,1909f56bfc062723c751e8b465ee728b)
Start importing Assets/playerData.json using Guid(a501f1c234584724dab07d6716b3ff97) Importer(815301076,1909f56bfc062723c751e8b465ee728b)  -> (artifact id: 'adf8348c55993c7558130e08d42a604d') in 0.145542 seconds
  Import took 0.150174 seconds .

========================================================================
Received Import Request.
  Time since last request: 0.542757 seconds.
  path: Assets/playerDataCost.json
  artifactKey: Guid(c60e12bc9c5adf941a3f2950ff322bf1) Importer(815301076,1909f56bfc062723c751e8b465ee728b)
Start importing Assets/playerDataCost.json using Guid(c60e12bc9c5adf941a3f2950ff322bf1) Importer(815301076,1909f56bfc062723c751e8b465ee728b)  -> (artifact id: '328f39f95c949ff61692636c937a857c') in 0.014259 seconds
  Import took 0.018917 seconds .

========================================================================
Received Import Request.
  Time since last request: 0.001448 seconds.
  path: Assets/playerDataCost.json
  artifactKey: Guid(c60e12bc9c5adf941a3f2950ff322bf1) Importer(815301076,1909f56bfc062723c751e8b465ee728b)
Start importing Assets/playerDataCost.json using Guid(c60e12bc9c5adf941a3f2950ff322bf1) Importer(815301076,1909f56bfc062723c751e8b465ee728b)  -> (artifact id: '328f39f95c949ff61692636c937a857c') in 0.007379 seconds
  Import took 0.012989 seconds .

========================================================================
Received Prepare
Registering precompiled user dll's ...
Registered in 0.002667 seconds.
Begin MonoManager ReloadAssembly
Native extension for WindowsStandalone target not found
Refreshing native plugins compatible for Editor in 0.54 ms, found 1 plugins.
Preloading 0 native plugins for Editor in 0.00 ms.
Invoked RoslynAnalysisRunner static constructor.
RoslynAnalysisRunner will not be running.
RoslynAnalysisRunner has terminated.
Mono: successfully reloaded assembly
- Completed reload, in  1.276 seconds
Platform modules already initialized, skipping
Refreshing native plugins compatible for Editor in 0.45 ms, found 1 plugins.
Preloading 0 native plugins for Editor in 0.00 ms.
Unloading 1801 Unused Serialized files (Serialized files now loaded: 0)
System memory in use before: 87.8 MB.
System memory in use after: 87.8 MB.

Unloading 12 unused Assets to reduce memory usage. Loaded Objects now: 2263.
Total: 2.707700 ms (FindLiveObjects: 0.211200 ms CreateObjectMapping: 0.092700 ms MarkObjects: 2.255300 ms  DeleteObjects: 0.147200 ms)

========================================================================
Received Prepare
Registering precompiled user dll's ...
Registered in 0.002507 seconds.
Begin MonoManager ReloadAssembly
Native extension for WindowsStandalone target not found
Refreshing native plugins compatible for Editor in 0.80 ms, found 1 plugins.
Preloading 0 native plugins for Editor in 0.00 ms.
Invoked RoslynAnalysisRunner static constructor.
RoslynAnalysisRunner will not be running.
RoslynAnalysisRunner has terminated.
Mono: successfully reloaded assembly
- Completed reload, in  1.766 seconds
Platform modules already initialized, skipping
Refreshing native plugins compatible for Editor in 0.78 ms, found 1 plugins.
Preloading 0 native plugins for Editor in 0.00 ms.
Unloading 1801 Unused Serialized files (Serialized files now loaded: 0)
System memory in use before: 87.9 MB.
System memory in use after: 87.9 MB.

Unloading 12 unused Assets to reduce memory usage. Loaded Objects now: 2266.
Total: 4.534400 ms (FindLiveObjects: 0.696000 ms CreateObjectMapping: 0.276800 ms MarkObjects: 3.335600 ms  DeleteObjects: 0.223600 ms)

========================================================================
Received Prepare
Registering precompiled user dll's ...
Registered in 0.001314 seconds.
Begin MonoManager ReloadAssembly
Native extension for WindowsStandalone target not found
Refreshing native plugins compatible for Editor in 0.44 ms, found 1 plugins.
Preloading 0 native plugins for Editor in 0.00 ms.
Invoked RoslynAnalysisRunner static constructor.
RoslynAnalysisRunner will not be running.
RoslynAnalysisRunner has terminated.
Mono: successfully reloaded assembly
- Completed reload, in  1.246 seconds
Platform modules already initialized, skipping
Refreshing native plugins compatible for Editor in 0.51 ms, found 1 plugins.
Preloading 0 native plugins for Editor in 0.00 ms.
Unloading 1801 Unused Serialized files (Serialized files now loaded: 0)
System memory in use before: 88.0 MB.
System memory in use after: 88.0 MB.

Unloading 12 unused Assets to reduce memory usage. Loaded Objects now: 2269.
Total: 2.881600 ms (FindLiveObjects: 0.220900 ms CreateObjectMapping: 0.090600 ms MarkObjects: 2.308600 ms  DeleteObjects: 0.260100 ms)

========================================================================
Received Prepare
Registering precompiled user dll's ...
Registered in 0.001202 seconds.
Begin MonoManager ReloadAssembly
Native extension for WindowsStandalone target not found
Refreshing native plugins compatible for Editor in 0.41 ms, found 1 plugins.
Preloading 0 native plugins for Editor in 0.00 ms.
Invoked RoslynAnalysisRunner static constructor.
RoslynAnalysisRunner will not be running.
RoslynAnalysisRunner has terminated.
Mono: successfully reloaded assembly
- Completed reload, in  1.291 seconds
Platform modules already initialized, skipping
Refreshing native plugins compatible for Editor in 0.44 ms, found 1 plugins.
Preloading 0 native plugins for Editor in 0.00 ms.
Unloading 1801 Unused Serialized files (Serialized files now loaded: 0)
System memory in use before: 88.2 MB.
System memory in use after: 88.2 MB.

Unloading 12 unused Assets to reduce memory usage. Loaded Objects now: 2272.
Total: 3.069900 ms (FindLiveObjects: 0.240600 ms CreateObjectMapping: 0.101200 ms MarkObjects: 2.598800 ms  DeleteObjects: 0.124300 ms)

========================================================================
Received Prepare
Registering precompiled user dll's ...
Registered in 0.001062 seconds.
Begin MonoManager ReloadAssembly
Native extension for WindowsStandalone target not found
Refreshing native plugins compatible for Editor in 0.44 ms, found 1 plugins.
Preloading 0 native plugins for Editor in 0.00 ms.
Invoked RoslynAnalysisRunner static constructor.
RoslynAnalysisRunner will not be running.
RoslynAnalysisRunner has terminated.
Mono: successfully reloaded assembly
- Completed reload, in  1.216 seconds
Platform modules already initialized, skipping
Refreshing native plugins compatible for Editor in 0.42 ms, found 1 plugins.
Preloading 0 native plugins for Editor in 0.00 ms.
Unloading 1801 Unused Serialized files (Serialized files now loaded: 0)
System memory in use before: 88.3 MB.
System memory in use after: 88.3 MB.

Unloading 12 unused Assets to reduce memory usage. Loaded Objects now: 2275.
Total: 2.593900 ms (FindLiveObjects: 0.257800 ms CreateObjectMapping: 0.101700 ms MarkObjects: 2.084400 ms  DeleteObjects: 0.148700 ms)

========================================================================
Received Import Request.
  Time since last request: 566.200645 seconds.
  path: Assets/playerData.json
  artifactKey: Guid(a501f1c234584724dab07d6716b3ff97) Importer(815301076,1909f56bfc062723c751e8b465ee728b)
Start importing Assets/playerData.json using Guid(a501f1c234584724dab07d6716b3ff97) Importer(815301076,1909f56bfc062723c751e8b465ee728b)  -> (artifact id: '2267d7101aaffaf65a91482fe5c0f4b1') in 0.024564 seconds
  Import took 0.029156 seconds .

========================================================================
Received Import Request.
  Time since last request: 1.362278 seconds.
  path: Assets/playerDataCost.json
  artifactKey: Guid(c60e12bc9c5adf941a3f2950ff322bf1) Importer(815301076,1909f56bfc062723c751e8b465ee728b)
Start importing Assets/playerDataCost.json using Guid(c60e12bc9c5adf941a3f2950ff322bf1) Importer(815301076,1909f56bfc062723c751e8b465ee728b)  -> (artifact id: '5ee147303c97760bc749c841ca60b008') in 0.007960 seconds
  Import took 0.012855 seconds .

========================================================================
Received Prepare
Registering precompiled user dll's ...
Registered in 0.001118 seconds.
Begin MonoManager ReloadAssembly
Native extension for WindowsStandalone target not found
Refreshing native plugins compatible for Editor in 0.41 ms, found 1 plugins.
Preloading 0 native plugins for Editor in 0.00 ms.
Invoked RoslynAnalysisRunner static constructor.
RoslynAnalysisRunner will not be running.
RoslynAnalysisRunner has terminated.
Mono: successfully reloaded assembly
- Completed reload, in  1.328 seconds
Platform modules already initialized, skipping
Refreshing native plugins compatible for Editor in 0.46 ms, found 1 plugins.
Preloading 0 native plugins for Editor in 0.00 ms.
Unloading 1801 Unused Serialized files (Serialized files now loaded: 0)
System memory in use before: 88.4 MB.
System memory in use after: 88.4 MB.

Unloading 12 unused Assets to reduce memory usage. Loaded Objects now: 2278.
Total: 2.547400 ms (FindLiveObjects: 0.234800 ms CreateObjectMapping: 0.103600 ms MarkObjects: 2.096600 ms  DeleteObjects: 0.111100 ms)

========================================================================
Received Prepare
Registering precompiled user dll's ...
Registered in 0.001998 seconds.
Begin MonoManager ReloadAssembly
Native extension for WindowsStandalone target not found
Refreshing native plugins compatible for Editor in 0.48 ms, found 1 plugins.
Preloading 0 native plugins for Editor in 0.00 ms.
Invoked RoslynAnalysisRunner static constructor.
RoslynAnalysisRunner will not be running.
RoslynAnalysisRunner has terminated.
Mono: successfully reloaded assembly
- Completed reload, in  1.247 seconds
Platform modules already initialized, skipping
Refreshing native plugins compatible for Editor in 0.44 ms, found 1 plugins.
Preloading 0 native plugins for Editor in 0.00 ms.
Unloading 1801 Unused Serialized files (Serialized files now loaded: 0)
System memory in use before: 88.5 MB.
System memory in use after: 88.5 MB.

Unloading 12 unused Assets to reduce memory usage. Loaded Objects now: 2281.
Total: 3.019800 ms (FindLiveObjects: 0.236900 ms CreateObjectMapping: 0.104300 ms MarkObjects: 2.548500 ms  DeleteObjects: 0.128800 ms)

========================================================================
Received Prepare
Registering precompiled user dll's ...
Registered in 0.001174 seconds.
Begin MonoManager ReloadAssembly
Native extension for WindowsStandalone target not found
Refreshing native plugins compatible for Editor in 0.56 ms, found 1 plugins.
Preloading 0 native plugins for Editor in 0.00 ms.
Invoked RoslynAnalysisRunner static constructor.
RoslynAnalysisRunner will not be running.
RoslynAnalysisRunner has terminated.
Mono: successfully reloaded assembly
- Completed reload, in  1.307 seconds
Platform modules already initialized, skipping
Refreshing native plugins compatible for Editor in 0.42 ms, found 1 plugins.
Preloading 0 native plugins for Editor in 0.00 ms.
Unloading 1801 Unused Serialized files (Serialized files now loaded: 0)
System memory in use before: 88.6 MB.
System memory in use after: 88.6 MB.

Unloading 12 unused Assets to reduce memory usage. Loaded Objects now: 2284.
Total: 2.278200 ms (FindLiveObjects: 0.240800 ms CreateObjectMapping: 0.091800 ms MarkObjects: 1.830000 ms  DeleteObjects: 0.114300 ms)

========================================================================
Received Prepare
Registering precompiled user dll's ...
Registered in 0.001431 seconds.
Begin MonoManager ReloadAssembly
Native extension for WindowsStandalone target not found
Refreshing native plugins compatible for Editor in 0.48 ms, found 1 plugins.
Preloading 0 native plugins for Editor in 0.00 ms.
Invoked RoslynAnalysisRunner static constructor.
RoslynAnalysisRunner will not be running.
RoslynAnalysisRunner has terminated.
Mono: successfully reloaded assembly
- Completed reload, in  1.912 seconds
Platform modules already initialized, skipping
Refreshing native plugins compatible for Editor in 0.91 ms, found 1 plugins.
Preloading 0 native plugins for Editor in 0.00 ms.
Unloading 1801 Unused Serialized files (Serialized files now loaded: 0)
System memory in use before: 88.8 MB.
System memory in use after: 88.8 MB.

Unloading 12 unused Assets to reduce memory usage. Loaded Objects now: 2287.
Total: 3.856400 ms (FindLiveObjects: 0.389800 ms CreateObjectMapping: 0.133900 ms MarkObjects: 3.069200 ms  DeleteObjects: 0.261000 ms)

========================================================================
Received Import Request.
  Time since last request: 1091.923229 seconds.
  path: Assets/playerData.json
  artifactKey: Guid(a501f1c234584724dab07d6716b3ff97) Importer(815301076,1909f56bfc062723c751e8b465ee728b)
Start importing Assets/playerData.json using Guid(a501f1c234584724dab07d6716b3ff97) Importer(815301076,1909f56bfc062723c751e8b465ee728b)  -> (artifact id: '1935f23dbc5beca0bafdfbb5b6aae10d') in 0.076798 seconds
  Import took 0.088102 seconds .

========================================================================
Received Import Request.
  Time since last request: 0.599345 seconds.
  path: Assets/playerDataCost.json
  artifactKey: Guid(c60e12bc9c5adf941a3f2950ff322bf1) Importer(815301076,1909f56bfc062723c751e8b465ee728b)
Start importing Assets/playerDataCost.json using Guid(c60e12bc9c5adf941a3f2950ff322bf1) Importer(815301076,1909f56bfc062723c751e8b465ee728b)  -> (artifact id: 'b6a8414c65f2188b356f4b13986e6d01') in 0.013355 seconds
  Import took 0.017807 seconds .

========================================================================
Received Prepare
Registering precompiled user dll's ...
Registered in 0.001223 seconds.
Begin MonoManager ReloadAssembly
Native extension for WindowsStandalone target not found
Refreshing native plugins compatible for Editor in 0.47 ms, found 1 plugins.
Preloading 0 native plugins for Editor in 0.00 ms.
Invoked RoslynAnalysisRunner static constructor.
RoslynAnalysisRunner will not be running.
RoslynAnalysisRunner has terminated.
Mono: successfully reloaded assembly
- Completed reload, in  1.250 seconds
Platform modules already initialized, skipping
Refreshing native plugins compatible for Editor in 0.61 ms, found 1 plugins.
Preloading 0 native plugins for Editor in 0.00 ms.
Unloading 1801 Unused Serialized files (Serialized files now loaded: 0)
System memory in use before: 88.9 MB.
System memory in use after: 88.9 MB.

Unloading 12 unused Assets to reduce memory usage. Loaded Objects now: 2290.
Total: 2.828700 ms (FindLiveObjects: 0.360200 ms CreateObjectMapping: 0.133700 ms MarkObjects: 2.215600 ms  DeleteObjects: 0.118000 ms)

========================================================================
Received Import Request.
  Time since last request: 204.520869 seconds.
  path: Assets/playerData.json
  artifactKey: Guid(a501f1c234584724dab07d6716b3ff97) Importer(815301076,1909f56bfc062723c751e8b465ee728b)
Start importing Assets/playerData.json using Guid(a501f1c234584724dab07d6716b3ff97) Importer(815301076,1909f56bfc062723c751e8b465ee728b)  -> (artifact id: '2fbafc683476c5fdf266e915da51bb3f') in 0.016963 seconds
  Import took 0.021006 seconds .

========================================================================
Received Prepare
Registering precompiled user dll's ...
Registered in 0.001318 seconds.
Begin MonoManager ReloadAssembly
Native extension for WindowsStandalone target not found
Refreshing native plugins compatible for Editor in 0.52 ms, found 1 plugins.
Preloading 0 native plugins for Editor in 0.00 ms.
Invoked RoslynAnalysisRunner static constructor.
RoslynAnalysisRunner will not be running.
RoslynAnalysisRunner has terminated.
Mono: successfully reloaded assembly
- Completed reload, in  1.246 seconds
Platform modules already initialized, skipping
Refreshing native plugins compatible for Editor in 0.47 ms, found 1 plugins.
Preloading 0 native plugins for Editor in 0.00 ms.
Unloading 1801 Unused Serialized files (Serialized files now loaded: 0)
System memory in use before: 89.0 MB.
System memory in use after: 89.0 MB.

Unloading 12 unused Assets to reduce memory usage. Loaded Objects now: 2293.
Total: 2.405000 ms (FindLiveObjects: 0.234100 ms CreateObjectMapping: 0.100900 ms MarkObjects: 1.949800 ms  DeleteObjects: 0.118700 ms)

========================================================================
Received Prepare
Registering precompiled user dll's ...
Registered in 0.001152 seconds.
Begin MonoManager ReloadAssembly
Native extension for WindowsStandalone target not found
Refreshing native plugins compatible for Editor in 0.44 ms, found 1 plugins.
Preloading 0 native plugins for Editor in 0.00 ms.
Invoked RoslynAnalysisRunner static constructor.
RoslynAnalysisRunner will not be running.
RoslynAnalysisRunner has terminated.
Mono: successfully reloaded assembly
- Completed reload, in  1.777 seconds
Platform modules already initialized, skipping
Refreshing native plugins compatible for Editor in 0.85 ms, found 1 plugins.
Preloading 0 native plugins for Editor in 0.00 ms.
Unloading 1801 Unused Serialized files (Serialized files now loaded: 0)
System memory in use before: 89.1 MB.
System memory in use after: 89.1 MB.

Unloading 12 unused Assets to reduce memory usage. Loaded Objects now: 2296.
Total: 2.961700 ms (FindLiveObjects: 0.250000 ms CreateObjectMapping: 0.095800 ms MarkObjects: 2.398300 ms  DeleteObjects: 0.216100 ms)

========================================================================
Received Import Request.
  Time since last request: 230.922442 seconds.
  path: Assets/playerData.json
  artifactKey: Guid(a501f1c234584724dab07d6716b3ff97) Importer(815301076,1909f56bfc062723c751e8b465ee728b)
Start importing Assets/playerData.json using Guid(a501f1c234584724dab07d6716b3ff97) Importer(815301076,1909f56bfc062723c751e8b465ee728b)  -> (artifact id: 'f2f263f3aef5539a3ffb4769907183b9') in 0.027033 seconds
  Import took 0.032870 seconds .

========================================================================
Received Prepare
Registering precompiled user dll's ...
Registered in 0.001415 seconds.
Begin MonoManager ReloadAssembly
Native extension for WindowsStandalone target not found
Refreshing native plugins compatible for Editor in 0.41 ms, found 1 plugins.
Preloading 0 native plugins for Editor in 0.00 ms.
Invoked RoslynAnalysisRunner static constructor.
RoslynAnalysisRunner will not be running.
RoslynAnalysisRunner has terminated.
Mono: successfully reloaded assembly
- Completed reload, in  1.383 seconds
Platform modules already initialized, skipping
Refreshing native plugins compatible for Editor in 0.48 ms, found 1 plugins.
Preloading 0 native plugins for Editor in 0.00 ms.
Unloading 1801 Unused Serialized files (Serialized files now loaded: 0)
System memory in use before: 89.2 MB.
System memory in use after: 89.2 MB.

Unloading 12 unused Assets to reduce memory usage. Loaded Objects now: 2299.
Total: 2.523900 ms (FindLiveObjects: 0.269200 ms CreateObjectMapping: 0.101800 ms MarkObjects: 2.033600 ms  DeleteObjects: 0.117900 ms)

========================================================================
Received Import Request.
  Time since last request: 1279.415283 seconds.
  path: Assets/playerData.json
  artifactKey: Guid(a501f1c234584724dab07d6716b3ff97) Importer(815301076,1909f56bfc062723c751e8b465ee728b)
Start importing Assets/playerData.json using Guid(a501f1c234584724dab07d6716b3ff97) Importer(815301076,1909f56bfc062723c751e8b465ee728b)  -> (artifact id: 'c408df4629c14ef730d21b53aa8ec9d1') in 0.018881 seconds
  Import took 0.023242 seconds .

========================================================================
Received Import Request.
  Time since last request: 138.293119 seconds.
  path: Assets/Scripts/DataManager.cs
  artifactKey: Guid(8258d6e340f051648aeaf776d2d50e46) Importer(815301076,1909f56bfc062723c751e8b465ee728b)
Start importing Assets/Scripts/DataManager.cs using Guid(8258d6e340f051648aeaf776d2d50e46) Importer(815301076,1909f56bfc062723c751e8b465ee728b)  -> (artifact id: 'baa386f77cbdce1dfc2eddfa65c23092') in 0.028955 seconds
  Import took 0.033812 seconds .

========================================================================
Received Import Request.
  Time since last request: 0.517466 seconds.
  path: Assets/Scripts/EnemyManager.cs
  artifactKey: Guid(04c24095c026351478f7da70549b1343) Importer(815301076,1909f56bfc062723c751e8b465ee728b)
Start importing Assets/Scripts/EnemyManager.cs using Guid(04c24095c026351478f7da70549b1343) Importer(815301076,1909f56bfc062723c751e8b465ee728b)  -> (artifact id: '7bdc9febfbe7963a8041f2c84e17e5d7') in 0.067618 seconds
  Import took 0.072431 seconds .

========================================================================
Received Import Request.
  Time since last request: 0.000457 seconds.
  path: Assets/Scripts/ObjectPoolingManager.cs
  artifactKey: Guid(97e697dbe5705754381371ae47fb2f39) Importer(815301076,1909f56bfc062723c751e8b465ee728b)
Start importing Assets/Scripts/ObjectPoolingManager.cs using Guid(97e697dbe5705754381371ae47fb2f39) Importer(815301076,1909f56bfc062723c751e8b465ee728b)  -> (artifact id: '9ef7b50aa65737f49c107b5dbb1037e7') in 0.010809 seconds
  Import took 0.014936 seconds .

========================================================================
Received Import Request.
  Time since last request: 0.000075 seconds.
  path: Assets/Scripts/InventoryManger.cs
  artifactKey: Guid(054b2f0cd8966384d81b9362720b32f1) Importer(815301076,1909f56bfc062723c751e8b465ee728b)
Start importing Assets/Scripts/InventoryManger.cs using Guid(054b2f0cd8966384d81b9362720b32f1) Importer(815301076,1909f56bfc062723c751e8b465ee728b)  -> (artifact id: 'b8d38f9f8888a4192ce9b285e9297f69') in 0.010080 seconds
  Import took 0.014798 seconds .

========================================================================
Received Import Request.
  Time since last request: 0.110670 seconds.
  path: Assets/Scripts/UIManager.cs
  artifactKey: Guid(aa3612e3da676364bbbb211a5d0ecf1a) Importer(815301076,1909f56bfc062723c751e8b465ee728b)
Start importing Assets/Scripts/UIManager.cs using Guid(aa3612e3da676364bbbb211a5d0ecf1a) Importer(815301076,1909f56bfc062723c751e8b465ee728b)  -> (artifact id: '341b809365a1afcdc9f143d4e1171fc9') in 0.010622 seconds
  Import took 0.015195 seconds .

AssetImportWorkerClient::OnTransportError - code=2 error=End of file
