Using pre-set license
Built from '2020.2/release' branch; Version is '2020.2.0f1 (3721df5a8b28) revision 3613151'; Using compiler version '192528614'; Build Type 'Release'
OS: 'Windows 10  (10.0.0) 64bit' Language: 'ko' Physical Memory: 8075 MB
BatchMode: 1, IsHumanControllingUs: 0, StartBugReporterOnCrash: 0, Is64bit: 1, IsPro: 0

 COMMAND LINE ARGUMENTS:
D:\Unity\2020.2.0f1\Editor\Unity.exe
-adb2
-batchMode
-noUpm
-name
AssetImportWorker0
-projectPath
D:/Unity Projects/My Clicker Game
-logFile
Logs/AssetImportWorker0.log
-srvPort
57735
Successfully changed project path to: D:/Unity Projects/My Clicker Game
D:/Unity Projects/My Clicker Game
Using Asset Import Pipeline V2.
Refreshing native plugins compatible for Editor in 68.25 ms, found 1 plugins.
Preloading 0 native plugins for Editor in 0.00 ms.
Initialize engine version: 2020.2.0f1 (3721df5a8b28)
[Subsystems] Discovering subsystems at path D:/Unity/2020.2.0f1/Editor/Data/Resources/UnitySubsystems
[Subsystems] Discovering subsystems at path D:/Unity Projects/My Clicker Game/Assets
GfxDevice: creating device client; threaded=0
Direct3D:
    Version:  Direct3D 11.0 [level 11.0]
    Renderer: NVIDIA GeForce GTX 950M (ID=0x139a)
    Vendor:   
    VRAM:     2010 MB
    Driver:   27.21.14.6140
Initialize mono
Mono path[0] = 'D:/Unity/2020.2.0f1/Editor/Data/Managed'
Mono path[1] = 'D:/Unity/2020.2.0f1/Editor/Data/MonoBleedingEdge/lib/mono/unityjit'
Mono config path = 'D:/Unity/2020.2.0f1/Editor/Data/MonoBleedingEdge/etc'
Using monoOptions --debugger-agent=transport=dt_socket,embedding=1,server=y,suspend=n,address=127.0.0.1:56928
Begin MonoManager ReloadAssembly
Registering precompiled unity dll's ...
Register platform support module: D:/Unity/2020.2.0f1/Editor/Data/PlaybackEngines/WindowsStandaloneSupport/UnityEditor.WindowsStandalone.Extensions.dll
Registered in 0.001207 seconds.
Native extension for WindowsStandalone target not found
Refreshing native plugins compatible for Editor in 58.15 ms, found 1 plugins.
Preloading 0 native plugins for Editor in 0.00 ms.
Invoked RoslynAnalysisRunner static constructor.
RoslynAnalysisRunner will not be running.
RoslynAnalysisRunner has terminated.
Mono: successfully reloaded assembly
- Completed reload, in  2.230 seconds
Platform modules already initialized, skipping
Registering precompiled user dll's ...
Registered in 0.001300 seconds.
Begin MonoManager ReloadAssembly
Native extension for WindowsStandalone target not found
Refreshing native plugins compatible for Editor in 51.74 ms, found 1 plugins.
Preloading 0 native plugins for Editor in 0.00 ms.
Invoked RoslynAnalysisRunner static constructor.
RoslynAnalysisRunner will not be running.
RoslynAnalysisRunner has terminated.
Mono: successfully reloaded assembly
- Completed reload, in  1.272 seconds
Platform modules already initialized, skipping
========================================================================
Worker process is ready to serve import requests
Launched and connected shader compiler UnityShaderCompiler.exe after 0.09 seconds
Refreshing native plugins compatible for Editor in 0.47 ms, found 1 plugins.
Preloading 0 native plugins for Editor in 0.00 ms.
Unloading 1812 Unused Serialized files (Serialized files now loaded: 0)
System memory in use before: 158.2 MB.
System memory in use after: 158.2 MB.

Unloading 22 unused Assets to reduce memory usage. Loaded Objects now: 2262.
Total: 2.598100 ms (FindLiveObjects: 0.219100 ms CreateObjectMapping: 0.100000 ms MarkObjects: 2.152900 ms  DeleteObjects: 0.124800 ms)

========================================================================
Received Prepare
Refreshing native plugins compatible for Editor in 1.91 ms, found 1 plugins.
Preloading 0 native plugins for Editor in 0.00 ms.
Unloading 9 Unused Serialized files (Serialized files now loaded: 0)
System memory in use before: 122.6 MB.
System memory in use after: 122.6 MB.

Unloading 9 unused Assets to reduce memory usage. Loaded Objects now: 2262.
Total: 2.356500 ms (FindLiveObjects: 0.258100 ms CreateObjectMapping: 0.075900 ms MarkObjects: 1.889500 ms  DeleteObjects: 0.131900 ms)

========================================================================
Received Import Request.
  path: Assets/Martial Hero/Sprites/Death.png
  artifactKey: Guid(1db9a306592ac9545975fcdd51459943) Importer(815301076,1909f56bfc062723c751e8b465ee728b)
Start importing Assets/Martial Hero/Sprites/Death.png using Guid(1db9a306592ac9545975fcdd51459943) Importer(815301076,1909f56bfc062723c751e8b465ee728b)  -> (artifact id: '7811c6991f8779bb31ebd8df502eea7b') in 0.386397 seconds
  Import took 0.390979 seconds .

========================================================================
Received Import Request.
  Time since last request: 0.001211 seconds.
  path: Assets/Martial Hero/Sprites/Attack1.png
  artifactKey: Guid(c50b517797d93614aac4ca58aaf97355) Importer(815301076,1909f56bfc062723c751e8b465ee728b)
Start importing Assets/Martial Hero/Sprites/Attack1.png using Guid(c50b517797d93614aac4ca58aaf97355) Importer(815301076,1909f56bfc062723c751e8b465ee728b)  -> (artifact id: 'cc5a8fe2690bc8be6106d6712b06e66a') in 0.106210 seconds
  Import took 0.110581 seconds .

========================================================================
Received Import Request.
  Time since last request: 0.936017 seconds.
  path: Assets/Martial Hero/Sprites/Idle.png
  artifactKey: Guid(0bd97e23f8b532a4f8969605a3b00a4e) Importer(815301076,1909f56bfc062723c751e8b465ee728b)
Start importing Assets/Martial Hero/Sprites/Idle.png using Guid(0bd97e23f8b532a4f8969605a3b00a4e) Importer(815301076,1909f56bfc062723c751e8b465ee728b)  -> (artifact id: '3ea8e321680e8d04245b7e3e4e8280cc') in 0.074290 seconds
  Import took 0.078756 seconds .

========================================================================
Received Prepare
Registering precompiled user dll's ...
Registered in 0.002046 seconds.
Begin MonoManager ReloadAssembly
Native extension for WindowsStandalone target not found
Refreshing native plugins compatible for Editor in 0.55 ms, found 1 plugins.
Preloading 0 native plugins for Editor in 0.00 ms.
Invoked RoslynAnalysisRunner static constructor.
RoslynAnalysisRunner will not be running.
RoslynAnalysisRunner has terminated.
Mono: successfully reloaded assembly
- Completed reload, in  1.179 seconds
Platform modules already initialized, skipping
Refreshing native plugins compatible for Editor in 0.47 ms, found 1 plugins.
Preloading 0 native plugins for Editor in 0.00 ms.
Unloading 1808 Unused Serialized files (Serialized files now loaded: 0)
System memory in use before: 161.6 MB.
System memory in use after: 161.7 MB.

Unloading 11 unused Assets to reduce memory usage. Loaded Objects now: 2273.
Total: 2.665700 ms (FindLiveObjects: 0.398200 ms CreateObjectMapping: 0.133700 ms MarkObjects: 2.001500 ms  DeleteObjects: 0.130700 ms)

========================================================================
Received Import Request.
  Time since last request: 81.479368 seconds.
  path: Assets/Scenes/Main.unity
  artifactKey: Guid(7d5da99c9b362f143bafe1078efd1803) Importer(815301076,1909f56bfc062723c751e8b465ee728b)
Start importing Assets/Scenes/Main.unity using Guid(7d5da99c9b362f143bafe1078efd1803) Importer(815301076,1909f56bfc062723c751e8b465ee728b)  -> (artifact id: '8e7ad2c2d012811e88c6264967f9a095') in 0.056249 seconds
  Import took 0.078494 seconds .

========================================================================
Received Import Request.
  Time since last request: 33.679677 seconds.
  path: Assets/Scenes/Playing.unity
  artifactKey: Guid(6327ea76e82c9844297d459fe0681e77) Importer(815301076,1909f56bfc062723c751e8b465ee728b)
Start importing Assets/Scenes/Playing.unity using Guid(6327ea76e82c9844297d459fe0681e77) Importer(815301076,1909f56bfc062723c751e8b465ee728b)  -> (artifact id: '059caddca5c35b526dbe5302c0f4e3ab') in 0.012504 seconds
  Import took 0.018744 seconds .

========================================================================
Received Import Request.
  Time since last request: 4.694600 seconds.
  path: Assets/Scenes/Main.unity
  artifactKey: Guid(7d5da99c9b362f143bafe1078efd1803) Importer(815301076,1909f56bfc062723c751e8b465ee728b)
Start importing Assets/Scenes/Main.unity using Guid(7d5da99c9b362f143bafe1078efd1803) Importer(815301076,1909f56bfc062723c751e8b465ee728b)  -> (artifact id: '4e0242af42615a6396efb2c2f3658a00') in 0.008734 seconds
  Import took 0.014255 seconds .

========================================================================
Received Prepare
Registering precompiled user dll's ...
Registered in 0.001726 seconds.
Begin MonoManager ReloadAssembly
Native extension for WindowsStandalone target not found
Refreshing native plugins compatible for Editor in 1.08 ms, found 1 plugins.
Preloading 0 native plugins for Editor in 0.00 ms.
Invoked RoslynAnalysisRunner static constructor.
RoslynAnalysisRunner will not be running.
RoslynAnalysisRunner has terminated.
Mono: successfully reloaded assembly
- Completed reload, in  1.498 seconds
Platform modules already initialized, skipping
Refreshing native plugins compatible for Editor in 0.46 ms, found 1 plugins.
Preloading 0 native plugins for Editor in 0.00 ms.
Unloading 1809 Unused Serialized files (Serialized files now loaded: 0)
System memory in use before: 161.9 MB.
System memory in use after: 161.9 MB.

Unloading 11 unused Assets to reduce memory usage. Loaded Objects now: 2276.
Total: 2.409700 ms (FindLiveObjects: 0.216800 ms CreateObjectMapping: 0.084400 ms MarkObjects: 2.018300 ms  DeleteObjects: 0.088600 ms)

========================================================================
Received Prepare
Registering precompiled user dll's ...
Registered in 0.001300 seconds.
Begin MonoManager ReloadAssembly
Native extension for WindowsStandalone target not found
Refreshing native plugins compatible for Editor in 0.42 ms, found 1 plugins.
Preloading 0 native plugins for Editor in 0.00 ms.
Invoked RoslynAnalysisRunner static constructor.
RoslynAnalysisRunner will not be running.
RoslynAnalysisRunner has terminated.
Mono: successfully reloaded assembly
- Completed reload, in  1.295 seconds
Platform modules already initialized, skipping
Refreshing native plugins compatible for Editor in 0.57 ms, found 1 plugins.
Preloading 0 native plugins for Editor in 0.00 ms.
Unloading 1809 Unused Serialized files (Serialized files now loaded: 0)
System memory in use before: 162.1 MB.
System memory in use after: 162.2 MB.

Unloading 11 unused Assets to reduce memory usage. Loaded Objects now: 2279.
Total: 3.040300 ms (FindLiveObjects: 0.428500 ms CreateObjectMapping: 0.129700 ms MarkObjects: 2.320000 ms  DeleteObjects: 0.160500 ms)

========================================================================
Received Import Request.
  Time since last request: 796.381022 seconds.
  path: Assets/Scripts/LoadingManager.cs
  artifactKey: Guid(278094e4413e79e47b29765fd7a5d240) Importer(815301076,1909f56bfc062723c751e8b465ee728b)
Start importing Assets/Scripts/LoadingManager.cs using Guid(278094e4413e79e47b29765fd7a5d240) Importer(815301076,1909f56bfc062723c751e8b465ee728b)  -> (artifact id: 'c8099017c6e51b7e0ab6f220f619bec5') in 0.032567 seconds
  Import took 0.037121 seconds .

========================================================================
Received Prepare
Registering precompiled user dll's ...
Registered in 0.002131 seconds.
Begin MonoManager ReloadAssembly
Native extension for WindowsStandalone target not found
Refreshing native plugins compatible for Editor in 0.61 ms, found 1 plugins.
Preloading 0 native plugins for Editor in 0.00 ms.
Invoked RoslynAnalysisRunner static constructor.
RoslynAnalysisRunner will not be running.
RoslynAnalysisRunner has terminated.
Mono: successfully reloaded assembly
- Completed reload, in  2.557 seconds
Platform modules already initialized, skipping
Refreshing native plugins compatible for Editor in 1.31 ms, found 1 plugins.
Preloading 0 native plugins for Editor in 0.00 ms.
Unloading 1809 Unused Serialized files (Serialized files now loaded: 0)
System memory in use before: 162.3 MB.
System memory in use after: 162.3 MB.

Unloading 11 unused Assets to reduce memory usage. Loaded Objects now: 2282.
Total: 5.908500 ms (FindLiveObjects: 0.450100 ms CreateObjectMapping: 0.097700 ms MarkObjects: 5.253900 ms  DeleteObjects: 0.102500 ms)

========================================================================
Received Prepare
Registering precompiled user dll's ...
Registered in 0.002232 seconds.
Begin MonoManager ReloadAssembly
Native extension for WindowsStandalone target not found
Refreshing native plugins compatible for Editor in 0.71 ms, found 1 plugins.
Preloading 0 native plugins for Editor in 0.00 ms.
Invoked RoslynAnalysisRunner static constructor.
RoslynAnalysisRunner will not be running.
RoslynAnalysisRunner has terminated.
Mono: successfully reloaded assembly
- Completed reload, in  1.174 seconds
Platform modules already initialized, skipping
Refreshing native plugins compatible for Editor in 0.87 ms, found 1 plugins.
Preloading 0 native plugins for Editor in 0.00 ms.
Unloading 1809 Unused Serialized files (Serialized files now loaded: 0)
System memory in use before: 162.5 MB.
System memory in use after: 162.6 MB.

Unloading 11 unused Assets to reduce memory usage. Loaded Objects now: 2285.
Total: 2.659300 ms (FindLiveObjects: 0.224900 ms CreateObjectMapping: 0.095900 ms MarkObjects: 2.243800 ms  DeleteObjects: 0.093100 ms)

========================================================================
Received Prepare
Registering precompiled user dll's ...
Registered in 0.001213 seconds.
Begin MonoManager ReloadAssembly
Native extension for WindowsStandalone target not found
Refreshing native plugins compatible for Editor in 0.43 ms, found 1 plugins.
Preloading 0 native plugins for Editor in 0.00 ms.
Invoked RoslynAnalysisRunner static constructor.
RoslynAnalysisRunner will not be running.
RoslynAnalysisRunner has terminated.
Mono: successfully reloaded assembly
- Completed reload, in  1.224 seconds
Platform modules already initialized, skipping
Refreshing native plugins compatible for Editor in 0.45 ms, found 1 plugins.
Preloading 0 native plugins for Editor in 0.00 ms.
Unloading 1809 Unused Serialized files (Serialized files now loaded: 0)
System memory in use before: 162.7 MB.
System memory in use after: 162.8 MB.

Unloading 11 unused Assets to reduce memory usage. Loaded Objects now: 2288.
Total: 2.768700 ms (FindLiveObjects: 0.277600 ms CreateObjectMapping: 0.091200 ms MarkObjects: 2.299000 ms  DeleteObjects: 0.099500 ms)

========================================================================
Received Prepare
Registering precompiled user dll's ...
Registered in 0.001113 seconds.
Begin MonoManager ReloadAssembly
Native extension for WindowsStandalone target not found
Refreshing native plugins compatible for Editor in 0.50 ms, found 1 plugins.
Preloading 0 native plugins for Editor in 0.00 ms.
Invoked RoslynAnalysisRunner static constructor.
RoslynAnalysisRunner will not be running.
RoslynAnalysisRunner has terminated.
Mono: successfully reloaded assembly
- Completed reload, in  1.256 seconds
Platform modules already initialized, skipping
Refreshing native plugins compatible for Editor in 0.53 ms, found 1 plugins.
Preloading 0 native plugins for Editor in 0.00 ms.
Unloading 1809 Unused Serialized files (Serialized files now loaded: 0)
System memory in use before: 162.9 MB.
System memory in use after: 163.0 MB.

Unloading 11 unused Assets to reduce memory usage. Loaded Objects now: 2291.
Total: 3.121600 ms (FindLiveObjects: 0.313700 ms CreateObjectMapping: 0.112300 ms MarkObjects: 2.580900 ms  DeleteObjects: 0.113000 ms)

========================================================================
Received Import Request.
  Time since last request: 296.044347 seconds.
  path: Assets/Scripts/MainBGScroller.cs
  artifactKey: Guid(ab5a9d05a52cb1f4a8751ea44f936ac6) Importer(815301076,1909f56bfc062723c751e8b465ee728b)
Start importing Assets/Scripts/MainBGScroller.cs using Guid(ab5a9d05a52cb1f4a8751ea44f936ac6) Importer(815301076,1909f56bfc062723c751e8b465ee728b)  -> (artifact id: '053cdca137b98b305e1e188490249c5f') in 0.042051 seconds
  Import took 0.051348 seconds .

========================================================================
Received Prepare
Registering precompiled user dll's ...
Registered in 0.017980 seconds.
Begin MonoManager ReloadAssembly
Native extension for WindowsStandalone target not found
Refreshing native plugins compatible for Editor in 1.42 ms, found 1 plugins.
Preloading 0 native plugins for Editor in 0.00 ms.
Invoked RoslynAnalysisRunner static constructor.
RoslynAnalysisRunner will not be running.
RoslynAnalysisRunner has terminated.
Mono: successfully reloaded assembly
- Completed reload, in  1.953 seconds
Platform modules already initialized, skipping
Refreshing native plugins compatible for Editor in 0.49 ms, found 1 plugins.
Preloading 0 native plugins for Editor in 0.00 ms.
Unloading 1810 Unused Serialized files (Serialized files now loaded: 0)
System memory in use before: 163.2 MB.
System memory in use after: 163.2 MB.

Unloading 11 unused Assets to reduce memory usage. Loaded Objects now: 2295.
Total: 3.319000 ms (FindLiveObjects: 0.218600 ms CreateObjectMapping: 0.094000 ms MarkObjects: 2.326600 ms  DeleteObjects: 0.677800 ms)

========================================================================
Received Prepare
Registering precompiled user dll's ...
Registered in 0.001254 seconds.
Begin MonoManager ReloadAssembly
Native extension for WindowsStandalone target not found
Refreshing native plugins compatible for Editor in 0.43 ms, found 1 plugins.
Preloading 0 native plugins for Editor in 0.00 ms.
Invoked RoslynAnalysisRunner static constructor.
RoslynAnalysisRunner will not be running.
RoslynAnalysisRunner has terminated.
Mono: successfully reloaded assembly
- Completed reload, in  1.720 seconds
Platform modules already initialized, skipping
Refreshing native plugins compatible for Editor in 0.43 ms, found 1 plugins.
Preloading 0 native plugins for Editor in 0.00 ms.
Unloading 1810 Unused Serialized files (Serialized files now loaded: 0)
System memory in use before: 163.4 MB.
System memory in use after: 163.4 MB.

Unloading 11 unused Assets to reduce memory usage. Loaded Objects now: 2298.
Total: 2.593300 ms (FindLiveObjects: 0.238300 ms CreateObjectMapping: 0.092700 ms MarkObjects: 1.998600 ms  DeleteObjects: 0.262300 ms)

========================================================================
Received Prepare
Registering precompiled user dll's ...
Registered in 0.001678 seconds.
Begin MonoManager ReloadAssembly
Native extension for WindowsStandalone target not found
Refreshing native plugins compatible for Editor in 0.43 ms, found 1 plugins.
Preloading 0 native plugins for Editor in 0.00 ms.
Invoked RoslynAnalysisRunner static constructor.
RoslynAnalysisRunner will not be running.
RoslynAnalysisRunner has terminated.
Mono: successfully reloaded assembly
- Completed reload, in  1.343 seconds
Platform modules already initialized, skipping
Refreshing native plugins compatible for Editor in 1.24 ms, found 1 plugins.
Preloading 0 native plugins for Editor in 0.00 ms.
Unloading 1810 Unused Serialized files (Serialized files now loaded: 0)
System memory in use before: 163.4 MB.
System memory in use after: 163.4 MB.

Unloading 11 unused Assets to reduce memory usage. Loaded Objects now: 2301.
Total: 4.099400 ms (FindLiveObjects: 0.253500 ms CreateObjectMapping: 0.121900 ms MarkObjects: 2.928400 ms  DeleteObjects: 0.793200 ms)

========================================================================
Received Prepare
Registering precompiled user dll's ...
Registered in 0.001638 seconds.
Begin MonoManager ReloadAssembly
Native extension for WindowsStandalone target not found
Refreshing native plugins compatible for Editor in 0.71 ms, found 1 plugins.
Preloading 0 native plugins for Editor in 0.00 ms.
Invoked RoslynAnalysisRunner static constructor.
RoslynAnalysisRunner will not be running.
RoslynAnalysisRunner has terminated.
Mono: successfully reloaded assembly
- Completed reload, in  4.099 seconds
Platform modules already initialized, skipping
Refreshing native plugins compatible for Editor in 35.38 ms, found 1 plugins.
Preloading 0 native plugins for Editor in 0.00 ms.
Unloading 1810 Unused Serialized files (Serialized files now loaded: 0)
System memory in use before: 162.8 MB.
System memory in use after: 162.8 MB.

Unloading 11 unused Assets to reduce memory usage. Loaded Objects now: 2304.
Total: 3.097400 ms (FindLiveObjects: 0.851000 ms CreateObjectMapping: 0.168500 ms MarkObjects: 1.976800 ms  DeleteObjects: 0.099300 ms)

========================================================================
Received Prepare
Registering precompiled user dll's ...
Registered in 0.001249 seconds.
Begin MonoManager ReloadAssembly
Native extension for WindowsStandalone target not found
Refreshing native plugins compatible for Editor in 0.45 ms, found 1 plugins.
Preloading 0 native plugins for Editor in 0.00 ms.
Invoked RoslynAnalysisRunner static constructor.
RoslynAnalysisRunner will not be running.
RoslynAnalysisRunner has terminated.
Mono: successfully reloaded assembly
- Completed reload, in  1.328 seconds
Platform modules already initialized, skipping
Refreshing native plugins compatible for Editor in 0.43 ms, found 1 plugins.
Preloading 0 native plugins for Editor in 0.00 ms.
Unloading 1810 Unused Serialized files (Serialized files now loaded: 0)
System memory in use before: 163.0 MB.
System memory in use after: 163.0 MB.

Unloading 11 unused Assets to reduce memory usage. Loaded Objects now: 2307.
Total: 2.505700 ms (FindLiveObjects: 0.218700 ms CreateObjectMapping: 0.086700 ms MarkObjects: 2.090200 ms  DeleteObjects: 0.108900 ms)

========================================================================
Received Prepare
Registering precompiled user dll's ...
Registered in 0.001241 seconds.
Begin MonoManager ReloadAssembly
Native extension for WindowsStandalone target not found
Refreshing native plugins compatible for Editor in 0.50 ms, found 1 plugins.
Preloading 0 native plugins for Editor in 0.00 ms.
Invoked RoslynAnalysisRunner static constructor.
RoslynAnalysisRunner will not be running.
RoslynAnalysisRunner has terminated.
Mono: successfully reloaded assembly
- Completed reload, in  1.260 seconds
Platform modules already initialized, skipping
Refreshing native plugins compatible for Editor in 0.46 ms, found 1 plugins.
Preloading 0 native plugins for Editor in 0.00 ms.
Unloading 1810 Unused Serialized files (Serialized files now loaded: 0)
System memory in use before: 163.2 MB.
System memory in use after: 163.2 MB.

Unloading 11 unused Assets to reduce memory usage. Loaded Objects now: 2310.
Total: 2.595000 ms (FindLiveObjects: 0.235800 ms CreateObjectMapping: 0.082200 ms MarkObjects: 2.178500 ms  DeleteObjects: 0.096900 ms)

========================================================================
Received Prepare
Registering precompiled user dll's ...
Registered in 0.001286 seconds.
Begin MonoManager ReloadAssembly
Native extension for WindowsStandalone target not found
Refreshing native plugins compatible for Editor in 0.57 ms, found 1 plugins.
Preloading 0 native plugins for Editor in 0.00 ms.
Invoked RoslynAnalysisRunner static constructor.
RoslynAnalysisRunner will not be running.
RoslynAnalysisRunner has terminated.
Mono: successfully reloaded assembly
- Completed reload, in  1.277 seconds
Platform modules already initialized, skipping
Refreshing native plugins compatible for Editor in 0.47 ms, found 1 plugins.
Preloading 0 native plugins for Editor in 0.00 ms.
Unloading 1810 Unused Serialized files (Serialized files now loaded: 0)
System memory in use before: 163.4 MB.
System memory in use after: 163.4 MB.

Unloading 11 unused Assets to reduce memory usage. Loaded Objects now: 2313.
Total: 2.521300 ms (FindLiveObjects: 0.241000 ms CreateObjectMapping: 0.104300 ms MarkObjects: 2.059600 ms  DeleteObjects: 0.114500 ms)

========================================================================
Received Prepare
Registering precompiled user dll's ...
Registered in 0.001196 seconds.
Begin MonoManager ReloadAssembly
Native extension for WindowsStandalone target not found
Refreshing native plugins compatible for Editor in 0.55 ms, found 1 plugins.
Preloading 0 native plugins for Editor in 0.00 ms.
Invoked RoslynAnalysisRunner static constructor.
RoslynAnalysisRunner will not be running.
RoslynAnalysisRunner has terminated.
Mono: successfully reloaded assembly
- Completed reload, in  1.291 seconds
Platform modules already initialized, skipping
Refreshing native plugins compatible for Editor in 0.45 ms, found 1 plugins.
Preloading 0 native plugins for Editor in 0.00 ms.
Unloading 1810 Unused Serialized files (Serialized files now loaded: 0)
System memory in use before: 163.4 MB.
System memory in use after: 163.4 MB.

Unloading 11 unused Assets to reduce memory usage. Loaded Objects now: 2316.
Total: 2.444200 ms (FindLiveObjects: 0.217700 ms CreateObjectMapping: 0.093900 ms MarkObjects: 2.009700 ms  DeleteObjects: 0.121500 ms)

========================================================================
Received Prepare
Registering precompiled user dll's ...
Registered in 0.001233 seconds.
Begin MonoManager ReloadAssembly
Native extension for WindowsStandalone target not found
Refreshing native plugins compatible for Editor in 0.43 ms, found 1 plugins.
Preloading 0 native plugins for Editor in 0.00 ms.
Invoked RoslynAnalysisRunner static constructor.
RoslynAnalysisRunner will not be running.
RoslynAnalysisRunner has terminated.
Mono: successfully reloaded assembly
- Completed reload, in  1.648 seconds
Platform modules already initialized, skipping
Refreshing native plugins compatible for Editor in 0.72 ms, found 1 plugins.
Preloading 0 native plugins for Editor in 0.00 ms.
Unloading 1810 Unused Serialized files (Serialized files now loaded: 0)
System memory in use before: 162.8 MB.
System memory in use after: 162.8 MB.

Unloading 11 unused Assets to reduce memory usage. Loaded Objects now: 2319.
Total: 3.070900 ms (FindLiveObjects: 0.242000 ms CreateObjectMapping: 0.096400 ms MarkObjects: 2.620800 ms  DeleteObjects: 0.109900 ms)

========================================================================
Received Import Request.
  Time since last request: 609.118968 seconds.
  path: Assets/Scripts/Manager
  artifactKey: Guid(92c22ddd0f35e274aa3d7aee48d991c5) Importer(815301076,1909f56bfc062723c751e8b465ee728b)
Start importing Assets/Scripts/Manager using Guid(92c22ddd0f35e274aa3d7aee48d991c5) Importer(815301076,1909f56bfc062723c751e8b465ee728b)  -> (artifact id: '2ab8a2bb1d8e431a655c1aa63ce2f150') in 0.058492 seconds
  Import took 0.063036 seconds .

========================================================================
Received Import Request.
  Time since last request: 1.234716 seconds.
  path: Assets/Scripts/BGScroller.cs
  artifactKey: Guid(7e1092c07a614ea47b83d83d13434a7b) Importer(815301076,1909f56bfc062723c751e8b465ee728b)
Start importing Assets/Scripts/BGScroller.cs using Guid(7e1092c07a614ea47b83d83d13434a7b) Importer(815301076,1909f56bfc062723c751e8b465ee728b)  -> (artifact id: '233c2f66a746a7679396ab5dcc6d5e4e') in 0.107665 seconds
  Import took 0.111524 seconds .

========================================================================
Received Prepare
Registering precompiled user dll's ...
Registered in 0.002130 seconds.
Begin MonoManager ReloadAssembly
Native extension for WindowsStandalone target not found
Refreshing native plugins compatible for Editor in 0.43 ms, found 1 plugins.
Preloading 0 native plugins for Editor in 0.00 ms.
Invoked RoslynAnalysisRunner static constructor.
RoslynAnalysisRunner will not be running.
RoslynAnalysisRunner has terminated.
Mono: successfully reloaded assembly
- Completed reload, in  1.235 seconds
Platform modules already initialized, skipping
Refreshing native plugins compatible for Editor in 0.42 ms, found 1 plugins.
Preloading 0 native plugins for Editor in 0.00 ms.
Unloading 1810 Unused Serialized files (Serialized files now loaded: 0)
System memory in use before: 163.0 MB.
System memory in use after: 163.0 MB.

Unloading 11 unused Assets to reduce memory usage. Loaded Objects now: 2322.
Total: 3.276400 ms (FindLiveObjects: 0.377600 ms CreateObjectMapping: 0.143600 ms MarkObjects: 2.629800 ms  DeleteObjects: 0.123400 ms)

========================================================================
Received Prepare
Registering precompiled user dll's ...
Registered in 0.001113 seconds.
Begin MonoManager ReloadAssembly
Native extension for WindowsStandalone target not found
Refreshing native plugins compatible for Editor in 0.47 ms, found 1 plugins.
Preloading 0 native plugins for Editor in 0.00 ms.
Invoked RoslynAnalysisRunner static constructor.
RoslynAnalysisRunner will not be running.
RoslynAnalysisRunner has terminated.
Mono: successfully reloaded assembly
- Completed reload, in  1.678 seconds
Platform modules already initialized, skipping
Refreshing native plugins compatible for Editor in 0.49 ms, found 1 plugins.
Preloading 0 native plugins for Editor in 0.00 ms.
Unloading 1810 Unused Serialized files (Serialized files now loaded: 0)
System memory in use before: 163.2 MB.
System memory in use after: 163.2 MB.

Unloading 11 unused Assets to reduce memory usage. Loaded Objects now: 2325.
Total: 4.002900 ms (FindLiveObjects: 0.234400 ms CreateObjectMapping: 0.087600 ms MarkObjects: 3.512900 ms  DeleteObjects: 0.166500 ms)

========================================================================
Received Import Request.
  Time since last request: 375.951672 seconds.
  path: Assets/Resources/Anim/GameName
  artifactKey: Guid(a843f7739d947b5468b1d2b54eb87ae3) Importer(815301076,1909f56bfc062723c751e8b465ee728b)
Start importing Assets/Resources/Anim/GameName using Guid(a843f7739d947b5468b1d2b54eb87ae3) Importer(815301076,1909f56bfc062723c751e8b465ee728b)  -> (artifact id: 'c5e36abbb11e8a8d12c3d6c5c0b1dffc') in 0.017082 seconds
  Import took 0.025509 seconds .

========================================================================
Received Import Request.
  Time since last request: 20.339712 seconds.
  path: Assets/Resources/Anim/GameName/Name.anim
  artifactKey: Guid(192190504a520224687f2bc0c94c44e6) Importer(815301076,1909f56bfc062723c751e8b465ee728b)
Start importing Assets/Resources/Anim/GameName/Name.anim using Guid(192190504a520224687f2bc0c94c44e6) Importer(815301076,1909f56bfc062723c751e8b465ee728b)  -> (artifact id: 'a2929871eba4218550f969557874efe3') in 0.054485 seconds
  Import took 0.063330 seconds .

========================================================================
Received Prepare
Registering precompiled user dll's ...
Registered in 0.001751 seconds.
Begin MonoManager ReloadAssembly
Native extension for WindowsStandalone target not found
Refreshing native plugins compatible for Editor in 0.50 ms, found 1 plugins.
Preloading 0 native plugins for Editor in 0.00 ms.
Invoked RoslynAnalysisRunner static constructor.
RoslynAnalysisRunner will not be running.
RoslynAnalysisRunner has terminated.
Mono: successfully reloaded assembly
- Completed reload, in  1.526 seconds
Platform modules already initialized, skipping
Refreshing native plugins compatible for Editor in 0.71 ms, found 1 plugins.
Preloading 0 native plugins for Editor in 0.00 ms.
Unloading 1810 Unused Serialized files (Serialized files now loaded: 0)
System memory in use before: 163.4 MB.
System memory in use after: 163.4 MB.

Unloading 11 unused Assets to reduce memory usage. Loaded Objects now: 2328.
Total: 4.687100 ms (FindLiveObjects: 0.219200 ms CreateObjectMapping: 0.101400 ms MarkObjects: 4.225400 ms  DeleteObjects: 0.139400 ms)

========================================================================
Received Import Request.
  Time since last request: 204.713086 seconds.
  path: Assets/Resources/Anim/GameName/Name.anim
  artifactKey: Guid(192190504a520224687f2bc0c94c44e6) Importer(815301076,1909f56bfc062723c751e8b465ee728b)
Start importing Assets/Resources/Anim/GameName/Name.anim using Guid(192190504a520224687f2bc0c94c44e6) Importer(815301076,1909f56bfc062723c751e8b465ee728b)  -> (artifact id: '7fdb1ad6db00ca15e65fa40034d4b8df') in 0.061428 seconds
  Import took 0.067748 seconds .

========================================================================
Received Import Request.
  Time since last request: 0.001936 seconds.
  path: Assets/Resources/Anim/GameName/Name.anim
  artifactKey: Guid(192190504a520224687f2bc0c94c44e6) Importer(815301076,1909f56bfc062723c751e8b465ee728b)
Start importing Assets/Resources/Anim/GameName/Name.anim using Guid(192190504a520224687f2bc0c94c44e6) Importer(815301076,1909f56bfc062723c751e8b465ee728b)  -> (artifact id: '7fdb1ad6db00ca15e65fa40034d4b8df') in 0.022143 seconds
  Import took 0.035704 seconds .

========================================================================
Received Import Request.
  Time since last request: 2.158707 seconds.
  path: Assets/Resources/Anim/GameName/Game_Name.controller
  artifactKey: Guid(f1bb71b869a870e4ba78213c8976c008) Importer(815301076,1909f56bfc062723c751e8b465ee728b)
Start importing Assets/Resources/Anim/GameName/Game_Name.controller using Guid(f1bb71b869a870e4ba78213c8976c008) Importer(815301076,1909f56bfc062723c751e8b465ee728b)  -> (artifact id: '4c36e2c65a74bf51e8b99de706d1150a') in 0.091819 seconds
  Import took 0.095748 seconds .

========================================================================
Received Prepare
Registering precompiled user dll's ...
Registered in 0.001242 seconds.
Begin MonoManager ReloadAssembly
Native extension for WindowsStandalone target not found
Refreshing native plugins compatible for Editor in 0.83 ms, found 1 plugins.
Preloading 0 native plugins for Editor in 0.00 ms.
Invoked RoslynAnalysisRunner static constructor.
RoslynAnalysisRunner will not be running.
RoslynAnalysisRunner has terminated.
Mono: successfully reloaded assembly
- Completed reload, in  2.100 seconds
Platform modules already initialized, skipping
Refreshing native plugins compatible for Editor in 0.66 ms, found 1 plugins.
Preloading 0 native plugins for Editor in 0.00 ms.
Unloading 1810 Unused Serialized files (Serialized files now loaded: 0)
System memory in use before: 163.5 MB.
System memory in use after: 163.5 MB.

Unloading 11 unused Assets to reduce memory usage. Loaded Objects now: 2331.
Total: 4.648000 ms (FindLiveObjects: 0.677400 ms CreateObjectMapping: 0.204800 ms MarkObjects: 3.489100 ms  DeleteObjects: 0.273800 ms)

========================================================================
Received Prepare
Registering precompiled user dll's ...
Registered in 0.004330 seconds.
Begin MonoManager ReloadAssembly
Native extension for WindowsStandalone target not found
Refreshing native plugins compatible for Editor in 0.43 ms, found 1 plugins.
Preloading 0 native plugins for Editor in 0.00 ms.
Invoked RoslynAnalysisRunner static constructor.
RoslynAnalysisRunner will not be running.
RoslynAnalysisRunner has terminated.
Mono: successfully reloaded assembly
- Completed reload, in  1.445 seconds
Platform modules already initialized, skipping
Refreshing native plugins compatible for Editor in 2.07 ms, found 1 plugins.
Preloading 0 native plugins for Editor in 0.00 ms.
Unloading 1810 Unused Serialized files (Serialized files now loaded: 0)
System memory in use before: 162.8 MB.
System memory in use after: 162.8 MB.

Unloading 11 unused Assets to reduce memory usage. Loaded Objects now: 2334.
Total: 3.838900 ms (FindLiveObjects: 0.413300 ms CreateObjectMapping: 0.126000 ms MarkObjects: 3.182500 ms  DeleteObjects: 0.114300 ms)

========================================================================
Received Import Request.
  Time since last request: 396.445792 seconds.
  path: Assets/Scripts/MainBGScroller.cs
  artifactKey: Guid(ab5a9d05a52cb1f4a8751ea44f936ac6) Importer(815301076,1909f56bfc062723c751e8b465ee728b)
Start importing Assets/Scripts/MainBGScroller.cs using Guid(ab5a9d05a52cb1f4a8751ea44f936ac6) Importer(815301076,1909f56bfc062723c751e8b465ee728b)  -> (artifact id: 'a06dd4ec30a60551018814b452353471') in 0.008802 seconds
  Import took 0.014213 seconds .

========================================================================
Received Import Request.
  Time since last request: 5.299661 seconds.
  path: Assets/Scripts/Manager/LoadingManager.cs
  artifactKey: Guid(278094e4413e79e47b29765fd7a5d240) Importer(815301076,1909f56bfc062723c751e8b465ee728b)
Start importing Assets/Scripts/Manager/LoadingManager.cs using Guid(278094e4413e79e47b29765fd7a5d240) Importer(815301076,1909f56bfc062723c751e8b465ee728b)  -> (artifact id: 'd7ad2042a80207af842e20215b8c990c') in 0.013048 seconds
  Import took 0.018166 seconds .

========================================================================
Received Prepare
Registering precompiled user dll's ...
Registered in 0.001083 seconds.
Begin MonoManager ReloadAssembly
Native extension for WindowsStandalone target not found
Refreshing native plugins compatible for Editor in 0.52 ms, found 1 plugins.
Preloading 0 native plugins for Editor in 0.00 ms.
Invoked RoslynAnalysisRunner static constructor.
RoslynAnalysisRunner will not be running.
RoslynAnalysisRunner has terminated.
Mono: successfully reloaded assembly
- Completed reload, in  1.734 seconds
Platform modules already initialized, skipping
Refreshing native plugins compatible for Editor in 0.60 ms, found 1 plugins.
Preloading 0 native plugins for Editor in 0.00 ms.
Unloading 1810 Unused Serialized files (Serialized files now loaded: 0)
System memory in use before: 163.0 MB.
System memory in use after: 163.0 MB.

Unloading 11 unused Assets to reduce memory usage. Loaded Objects now: 2337.
Total: 2.980100 ms (FindLiveObjects: 0.228500 ms CreateObjectMapping: 0.090400 ms MarkObjects: 2.547400 ms  DeleteObjects: 0.112100 ms)

========================================================================
Received Import Request.
  Time since last request: 278.333520 seconds.
  path: Assets/Scripts/Manager/LoadingManager.cs
  artifactKey: Guid(278094e4413e79e47b29765fd7a5d240) Importer(815301076,1909f56bfc062723c751e8b465ee728b)
Start importing Assets/Scripts/Manager/LoadingManager.cs using Guid(278094e4413e79e47b29765fd7a5d240) Importer(815301076,1909f56bfc062723c751e8b465ee728b)  -> (artifact id: 'ad6c1e754a78db3ee93595f05aba167f') in 0.007862 seconds
  Import took 0.012079 seconds .

========================================================================
Received Prepare
Registering precompiled user dll's ...
Registered in 0.001199 seconds.
Begin MonoManager ReloadAssembly
Native extension for WindowsStandalone target not found
Refreshing native plugins compatible for Editor in 0.48 ms, found 1 plugins.
Preloading 0 native plugins for Editor in 0.00 ms.
Invoked RoslynAnalysisRunner static constructor.
RoslynAnalysisRunner will not be running.
RoslynAnalysisRunner has terminated.
Mono: successfully reloaded assembly
- Completed reload, in  1.871 seconds
Platform modules already initialized, skipping
Refreshing native plugins compatible for Editor in 0.83 ms, found 1 plugins.
Preloading 0 native plugins for Editor in 0.00 ms.
Unloading 1810 Unused Serialized files (Serialized files now loaded: 0)
System memory in use before: 163.2 MB.
System memory in use after: 163.2 MB.

Unloading 11 unused Assets to reduce memory usage. Loaded Objects now: 2340.
Total: 10.743300 ms (FindLiveObjects: 4.409300 ms CreateObjectMapping: 0.253200 ms MarkObjects: 5.963700 ms  DeleteObjects: 0.115700 ms)

========================================================================
Received Prepare
Registering precompiled user dll's ...
Registered in 0.005127 seconds.
Begin MonoManager ReloadAssembly
Native extension for WindowsStandalone target not found
Refreshing native plugins compatible for Editor in 0.73 ms, found 1 plugins.
Preloading 0 native plugins for Editor in 0.00 ms.
Invoked RoslynAnalysisRunner static constructor.
RoslynAnalysisRunner will not be running.
RoslynAnalysisRunner has terminated.
Mono: successfully reloaded assembly
- Completed reload, in  1.456 seconds
Platform modules already initialized, skipping
Refreshing native plugins compatible for Editor in 0.45 ms, found 1 plugins.
Preloading 0 native plugins for Editor in 0.00 ms.
Unloading 1810 Unused Serialized files (Serialized files now loaded: 0)
System memory in use before: 163.4 MB.
System memory in use after: 163.4 MB.

Unloading 11 unused Assets to reduce memory usage. Loaded Objects now: 2343.
Total: 2.341800 ms (FindLiveObjects: 0.226600 ms CreateObjectMapping: 0.082300 ms MarkObjects: 1.924800 ms  DeleteObjects: 0.106800 ms)

========================================================================
Received Prepare
Registering precompiled user dll's ...
Registered in 0.001174 seconds.
Begin MonoManager ReloadAssembly
Native extension for WindowsStandalone target not found
Refreshing native plugins compatible for Editor in 0.72 ms, found 1 plugins.
Preloading 0 native plugins for Editor in 0.00 ms.
Invoked RoslynAnalysisRunner static constructor.
RoslynAnalysisRunner will not be running.
RoslynAnalysisRunner has terminated.
Mono: successfully reloaded assembly
- Completed reload, in  1.740 seconds
Platform modules already initialized, skipping
Refreshing native plugins compatible for Editor in 0.45 ms, found 1 plugins.
Preloading 0 native plugins for Editor in 0.00 ms.
Unloading 1810 Unused Serialized files (Serialized files now loaded: 0)
System memory in use before: 163.5 MB.
System memory in use after: 163.6 MB.

Unloading 11 unused Assets to reduce memory usage. Loaded Objects now: 2346.
Total: 3.903100 ms (FindLiveObjects: 0.940900 ms CreateObjectMapping: 0.263000 ms MarkObjects: 2.411000 ms  DeleteObjects: 0.284600 ms)

========================================================================
Received Prepare
Registering precompiled user dll's ...
Registered in 0.001162 seconds.
Begin MonoManager ReloadAssembly
Native extension for WindowsStandalone target not found
Refreshing native plugins compatible for Editor in 0.75 ms, found 1 plugins.
Preloading 0 native plugins for Editor in 0.00 ms.
Invoked RoslynAnalysisRunner static constructor.
RoslynAnalysisRunner will not be running.
RoslynAnalysisRunner has terminated.
Mono: successfully reloaded assembly
- Completed reload, in  1.525 seconds
Platform modules already initialized, skipping
Refreshing native plugins compatible for Editor in 0.49 ms, found 1 plugins.
Preloading 0 native plugins for Editor in 0.00 ms.
Unloading 1810 Unused Serialized files (Serialized files now loaded: 0)
System memory in use before: 162.8 MB.
System memory in use after: 162.8 MB.

Unloading 11 unused Assets to reduce memory usage. Loaded Objects now: 2349.
Total: 3.815100 ms (FindLiveObjects: 0.270600 ms CreateObjectMapping: 0.092800 ms MarkObjects: 3.279600 ms  DeleteObjects: 0.169700 ms)

========================================================================
Received Prepare
Registering precompiled user dll's ...
Registered in 0.001354 seconds.
Begin MonoManager ReloadAssembly
Native extension for WindowsStandalone target not found
Refreshing native plugins compatible for Editor in 0.48 ms, found 1 plugins.
Preloading 0 native plugins for Editor in 0.00 ms.
Invoked RoslynAnalysisRunner static constructor.
RoslynAnalysisRunner will not be running.
RoslynAnalysisRunner has terminated.
Mono: successfully reloaded assembly
- Completed reload, in  1.539 seconds
Platform modules already initialized, skipping
Refreshing native plugins compatible for Editor in 0.95 ms, found 1 plugins.
Preloading 0 native plugins for Editor in 0.00 ms.
Unloading 1810 Unused Serialized files (Serialized files now loaded: 0)
System memory in use before: 163.0 MB.
System memory in use after: 163.0 MB.

Unloading 11 unused Assets to reduce memory usage. Loaded Objects now: 2352.
Total: 6.146300 ms (FindLiveObjects: 0.859700 ms CreateObjectMapping: 0.271800 ms MarkObjects: 4.872700 ms  DeleteObjects: 0.139500 ms)

========================================================================
Received Prepare
Registering precompiled user dll's ...
Registered in 0.001305 seconds.
Begin MonoManager ReloadAssembly
Native extension for WindowsStandalone target not found
Refreshing native plugins compatible for Editor in 0.44 ms, found 1 plugins.
Preloading 0 native plugins for Editor in 0.00 ms.
Invoked RoslynAnalysisRunner static constructor.
RoslynAnalysisRunner will not be running.
RoslynAnalysisRunner has terminated.
Mono: successfully reloaded assembly
- Completed reload, in  1.366 seconds
Platform modules already initialized, skipping
Refreshing native plugins compatible for Editor in 0.81 ms, found 1 plugins.
Preloading 0 native plugins for Editor in 0.00 ms.
Unloading 1810 Unused Serialized files (Serialized files now loaded: 0)
System memory in use before: 163.2 MB.
System memory in use after: 163.2 MB.

Unloading 11 unused Assets to reduce memory usage. Loaded Objects now: 2355.
Total: 2.684500 ms (FindLiveObjects: 0.245700 ms CreateObjectMapping: 0.092700 ms MarkObjects: 2.238100 ms  DeleteObjects: 0.106600 ms)

========================================================================
Received Import Request.
  Time since last request: 491.519933 seconds.
  path: Assets/Resources/Sprites/Player/AttackMotion/1.png
  artifactKey: Guid(5ee492a9ed659ca42a9e69d3c7547186) Importer(815301076,1909f56bfc062723c751e8b465ee728b)
Start importing Assets/Resources/Sprites/Player/AttackMotion/1.png using Guid(5ee492a9ed659ca42a9e69d3c7547186) Importer(815301076,1909f56bfc062723c751e8b465ee728b)  -> (artifact id: '2639ac23b11a7f20853456a260146625') in 0.354812 seconds
  Import took 0.360119 seconds .

========================================================================
Received Import Request.
  Time since last request: 0.000377 seconds.
  path: Assets/Resources/Sprites/Player/AttackMotion/5.png
  artifactKey: Guid(7ddfcef867c4db9428c1a942a324b5c0) Importer(815301076,1909f56bfc062723c751e8b465ee728b)
Start importing Assets/Resources/Sprites/Player/AttackMotion/5.png using Guid(7ddfcef867c4db9428c1a942a324b5c0) Importer(815301076,1909f56bfc062723c751e8b465ee728b)  -> (artifact id: 'd912e5fb49c92a2680baa97dd59d7ea3') in 0.247342 seconds
  Import took 0.252570 seconds .

========================================================================
Received Import Request.
  Time since last request: 0.000232 seconds.
  path: Assets/Resources/Sprites/Player/AttackMotion/4.png
  artifactKey: Guid(982a3105f93852047bf23c8d0b75ab19) Importer(815301076,1909f56bfc062723c751e8b465ee728b)
Start importing Assets/Resources/Sprites/Player/AttackMotion/4.png using Guid(982a3105f93852047bf23c8d0b75ab19) Importer(815301076,1909f56bfc062723c751e8b465ee728b)  -> (artifact id: '0b831afea1a8057416b8961f23e3d3d9') in 0.212103 seconds
  Import took 0.220562 seconds .

========================================================================
Received Import Request.
  Time since last request: 0.000332 seconds.
  path: Assets/Resources/Sprites/Player/attack1.png
  artifactKey: Guid(62fd709da056923468b6d195f17b3a47) Importer(815301076,1909f56bfc062723c751e8b465ee728b)
Start importing Assets/Resources/Sprites/Player/attack1.png using Guid(62fd709da056923468b6d195f17b3a47) Importer(815301076,1909f56bfc062723c751e8b465ee728b)  -> (artifact id: '581f6c06142f6bebc67578fb9b6b837b') in 0.210697 seconds
  Import took 0.218010 seconds .

========================================================================
Received Import Request.
  Time since last request: 0.000223 seconds.
  path: Assets/Resources/Sprites/Player/AttackMotion/1.png
  artifactKey: Guid(5ee492a9ed659ca42a9e69d3c7547186) Importer(815301076,1909f56bfc062723c751e8b465ee728b)
Start importing Assets/Resources/Sprites/Player/AttackMotion/1.png using Guid(5ee492a9ed659ca42a9e69d3c7547186) Importer(815301076,1909f56bfc062723c751e8b465ee728b)  -> (artifact id: '2639ac23b11a7f20853456a260146625') in 0.024721 seconds
  Import took 0.030839 seconds .

========================================================================
Received Import Request.
  Time since last request: 0.000728 seconds.
  path: Assets/Resources/Sprites/Player/AttackMotion/2.png
  artifactKey: Guid(aa5404ed6ed20b347bc041eb713f5899) Importer(815301076,1909f56bfc062723c751e8b465ee728b)
Start importing Assets/Resources/Sprites/Player/AttackMotion/2.png using Guid(aa5404ed6ed20b347bc041eb713f5899) Importer(815301076,1909f56bfc062723c751e8b465ee728b)  -> (artifact id: '5ca168fb7c3dab210896b65d0d71a9b8') in 0.167701 seconds
  Import took 0.176121 seconds .

========================================================================
Received Import Request.
  Time since last request: 0.000255 seconds.
  path: Assets/Resources/Sprites/Player/AttackMotion/3.png
  artifactKey: Guid(8186b9409e77bc945b1668e80e9d9683) Importer(815301076,1909f56bfc062723c751e8b465ee728b)
Start importing Assets/Resources/Sprites/Player/AttackMotion/3.png using Guid(8186b9409e77bc945b1668e80e9d9683) Importer(815301076,1909f56bfc062723c751e8b465ee728b)  -> (artifact id: '2054d732f02cd24a0353ce8f031ea8f9') in 0.149984 seconds
  Import took 0.154538 seconds .

========================================================================
Received Import Request.
  Time since last request: 0.760574 seconds.
  path: Assets/Resources/Sprites/Player/attack2.png
  artifactKey: Guid(809c0e1ee1eb54143baa56a8694bebe8) Importer(815301076,1909f56bfc062723c751e8b465ee728b)
Start importing Assets/Resources/Sprites/Player/attack2.png using Guid(809c0e1ee1eb54143baa56a8694bebe8) Importer(815301076,1909f56bfc062723c751e8b465ee728b)  -> (artifact id: '1fee6ea5c37576359030339261851631') in 0.214210 seconds
  Import took 0.220504 seconds .

========================================================================
Received Import Request.
  Time since last request: 0.000280 seconds.
  path: Assets/Resources/Sprites/Enemy/Mushroom/Attack2.png
  artifactKey: Guid(179f77b4a77508644bb0e4717e8add6a) Importer(815301076,1909f56bfc062723c751e8b465ee728b)
Start importing Assets/Resources/Sprites/Enemy/Mushroom/Attack2.png using Guid(179f77b4a77508644bb0e4717e8add6a) Importer(815301076,1909f56bfc062723c751e8b465ee728b)  -> (artifact id: '883dfe68e4e86cac326ced2a262fa146') in 0.197732 seconds
  Import took 0.201698 seconds .

========================================================================
Received Import Request.
  Time since last request: 0.485314 seconds.
  path: Assets/Resources/Sprites/Enemy/Goblin/Attack2.png
  artifactKey: Guid(0bde33da364a06c4ab011aca33752f33) Importer(815301076,1909f56bfc062723c751e8b465ee728b)
Start importing Assets/Resources/Sprites/Enemy/Goblin/Attack2.png using Guid(0bde33da364a06c4ab011aca33752f33) Importer(815301076,1909f56bfc062723c751e8b465ee728b)  -> (artifact id: '4dbefb93cfd5f470a2abd3bbab33856d') in 0.192986 seconds
  Import took 0.204550 seconds .

========================================================================
Received Import Request.
  Time since last request: 0.000083 seconds.
  path: Assets/Resources/Sprites/Enemy/Goblin/Death.png
  artifactKey: Guid(cbd77a78256671c4c9cf1492e8ce39b1) Importer(815301076,1909f56bfc062723c751e8b465ee728b)
Start importing Assets/Resources/Sprites/Enemy/Goblin/Death.png using Guid(cbd77a78256671c4c9cf1492e8ce39b1) Importer(815301076,1909f56bfc062723c751e8b465ee728b)  -> (artifact id: 'cedb67affd699d6f24fb8eefd5e4bbf0') in 0.187316 seconds
  Import took 0.200592 seconds .

========================================================================
Received Import Request.
  Time since last request: 0.000264 seconds.
  path: Assets/Resources/Sprites/Enemy/Skeleton/Attack1.png
  artifactKey: Guid(5f19f67e94a2e2f4ba57d2b338387c11) Importer(815301076,1909f56bfc062723c751e8b465ee728b)
Start importing Assets/Resources/Sprites/Enemy/Skeleton/Attack1.png using Guid(5f19f67e94a2e2f4ba57d2b338387c11) Importer(815301076,1909f56bfc062723c751e8b465ee728b)  -> (artifact id: 'ee9240db05e4e11e3acf58cb9b57a7ba') in 0.199607 seconds
  Import took 0.203526 seconds .

========================================================================
Received Import Request.
  Time since last request: 0.000222 seconds.
  path: Assets/Resources/Sprites/Enemy/Mushroom/Run.png
  artifactKey: Guid(c6ac0078f39473048b9f54d791095f35) Importer(815301076,1909f56bfc062723c751e8b465ee728b)
Start importing Assets/Resources/Sprites/Enemy/Mushroom/Run.png using Guid(c6ac0078f39473048b9f54d791095f35) Importer(815301076,1909f56bfc062723c751e8b465ee728b)  -> (artifact id: '640b8b3552319cc51201a40a2db0da88') in 0.128283 seconds
  Import took 0.132695 seconds .

========================================================================
Received Import Request.
  Time since last request: 0.000243 seconds.
  path: Assets/Resources/Sprites/Enemy/Mushroom/Idle.png
  artifactKey: Guid(f8b30c2afe165d645b54d500a9c30862) Importer(815301076,1909f56bfc062723c751e8b465ee728b)
Start importing Assets/Resources/Sprites/Enemy/Mushroom/Idle.png using Guid(f8b30c2afe165d645b54d500a9c30862) Importer(815301076,1909f56bfc062723c751e8b465ee728b)  -> (artifact id: 'ff37532a9c41bdb1638958a8efb6b39d') in 0.070165 seconds
  Import took 0.074099 seconds .

========================================================================
Received Import Request.
  Time since last request: 0.000240 seconds.
  path: Assets/Resources/Sprites/Enemy/Skeleton/Take Hit.png
  artifactKey: Guid(f7fb89b82e205ea4ba8a88cee4d3070b) Importer(815301076,1909f56bfc062723c751e8b465ee728b)
Start importing Assets/Resources/Sprites/Enemy/Skeleton/Take Hit.png using Guid(f7fb89b82e205ea4ba8a88cee4d3070b) Importer(815301076,1909f56bfc062723c751e8b465ee728b)  -> (artifact id: '911c170c5c5ae2bd49838aa620a25f49') in 0.128110 seconds
  Import took 0.136867 seconds .

========================================================================
Received Import Request.
  Time since last request: 0.000347 seconds.
  path: Assets/Resources/Sprites/Enemy/Skeleton/Attack2.png
  artifactKey: Guid(267c7fb536f99514ea7c4e7236d4bdf8) Importer(815301076,1909f56bfc062723c751e8b465ee728b)
Start importing Assets/Resources/Sprites/Enemy/Skeleton/Attack2.png using Guid(267c7fb536f99514ea7c4e7236d4bdf8) Importer(815301076,1909f56bfc062723c751e8b465ee728b)  -> (artifact id: '93f35ad2821d26918152bff93fac50a3') in 0.124612 seconds
  Import took 0.131924 seconds .

========================================================================
Received Import Request.
  Time since last request: 0.000266 seconds.
  path: Assets/Resources/Sprites/Enemy/Flying eye/Flight.png
  artifactKey: Guid(6d7cd4f7505dc674c891ca8946cfd98b) Importer(815301076,1909f56bfc062723c751e8b465ee728b)
Start importing Assets/Resources/Sprites/Enemy/Flying eye/Flight.png using Guid(6d7cd4f7505dc674c891ca8946cfd98b) Importer(815301076,1909f56bfc062723c751e8b465ee728b)  -> (artifact id: '89f48e7b5c7d750c9b6b0dec7870c44e') in 0.114268 seconds
  Import took 0.119595 seconds .

========================================================================
Received Import Request.
  Time since last request: 0.000240 seconds.
  path: Assets/Resources/Sprites/Enemy/Skeleton/Idle.png
  artifactKey: Guid(1018b0ba13578bf459bd254ae1a2be99) Importer(815301076,1909f56bfc062723c751e8b465ee728b)
Start importing Assets/Resources/Sprites/Enemy/Skeleton/Idle.png using Guid(1018b0ba13578bf459bd254ae1a2be99) Importer(815301076,1909f56bfc062723c751e8b465ee728b)  -> (artifact id: 'cdbb13ee561d2f28c31b209b023ec9b5') in 0.066938 seconds
  Import took 0.071539 seconds .

========================================================================
Received Import Request.
  Time since last request: 0.000329 seconds.
  path: Assets/Resources/Sprites/Enemy/Mushroom/Death.png
  artifactKey: Guid(895ce69a98d58464aaaf85c1f9ee9497) Importer(815301076,1909f56bfc062723c751e8b465ee728b)
Start importing Assets/Resources/Sprites/Enemy/Mushroom/Death.png using Guid(895ce69a98d58464aaaf85c1f9ee9497) Importer(815301076,1909f56bfc062723c751e8b465ee728b)  -> (artifact id: '253250327c519cea9a6a89b501e8756e') in 0.110368 seconds
  Import took 0.114911 seconds .

========================================================================
Received Import Request.
  Time since last request: 0.000327 seconds.
  path: Assets/Resources/Sprites/Enemy/Goblin/Attack1.png
  artifactKey: Guid(f84c06efa9991bd49b5553f54f400348) Importer(815301076,1909f56bfc062723c751e8b465ee728b)
Start importing Assets/Resources/Sprites/Enemy/Goblin/Attack1.png using Guid(f84c06efa9991bd49b5553f54f400348) Importer(815301076,1909f56bfc062723c751e8b465ee728b)  -> (artifact id: '02cd11e28f9b8165d9cca6ad01c96eeb') in 0.116239 seconds
  Import took 0.120740 seconds .

========================================================================
Received Import Request.
  Time since last request: 0.000211 seconds.
  path: Assets/Resources/Sprites/Enemy/Flying eye/Attack1.png
  artifactKey: Guid(ce3326307819d6e4497038e63e070108) Importer(815301076,1909f56bfc062723c751e8b465ee728b)
Start importing Assets/Resources/Sprites/Enemy/Flying eye/Attack1.png using Guid(ce3326307819d6e4497038e63e070108) Importer(815301076,1909f56bfc062723c751e8b465ee728b)  -> (artifact id: '2c2dfcf51b8d4970d2038ef4281b1d55') in 0.090989 seconds
  Import took 0.095464 seconds .

========================================================================
Received Import Request.
  Time since last request: 0.000278 seconds.
  path: Assets/Resources/Sprites/Enemy/Flying eye/Death.png
  artifactKey: Guid(b9517addf15136e47a89337d912454b0) Importer(815301076,1909f56bfc062723c751e8b465ee728b)
Start importing Assets/Resources/Sprites/Enemy/Flying eye/Death.png using Guid(b9517addf15136e47a89337d912454b0) Importer(815301076,1909f56bfc062723c751e8b465ee728b)  -> (artifact id: 'f2e0a9f2be89c4c87af722738bd00b95') in 0.118654 seconds
  Import took 0.125440 seconds .

========================================================================
Received Import Request.
  Time since last request: 0.000672 seconds.
  path: Assets/Resources/Sprites/Enemy/Goblin/Run.png
  artifactKey: Guid(048dae4a3e3ffa741b83654644b60a16) Importer(815301076,1909f56bfc062723c751e8b465ee728b)
Start importing Assets/Resources/Sprites/Enemy/Goblin/Run.png using Guid(048dae4a3e3ffa741b83654644b60a16) Importer(815301076,1909f56bfc062723c751e8b465ee728b)  -> (artifact id: '1fc54b6e3fc1d1393090feff1105cb6a') in 0.193427 seconds
  Import took 0.203596 seconds .

========================================================================
Received Import Request.
  Time since last request: 0.000291 seconds.
  path: Assets/Resources/Sprites/Enemy/Skeleton/Death.png
  artifactKey: Guid(29ba92ebaa6f6964083271810310d1ca) Importer(815301076,1909f56bfc062723c751e8b465ee728b)
Start importing Assets/Resources/Sprites/Enemy/Skeleton/Death.png using Guid(29ba92ebaa6f6964083271810310d1ca) Importer(815301076,1909f56bfc062723c751e8b465ee728b)  -> (artifact id: 'c49e20a954bd936ee0f2e89e892458b4') in 0.110166 seconds
  Import took 0.116290 seconds .

========================================================================
Received Import Request.
  Time since last request: 0.000332 seconds.
  path: Assets/Resources/Sprites/Enemy/Goblin/Take Hit.png
  artifactKey: Guid(8dee453321432cc47b70ddef8f3a3a68) Importer(815301076,1909f56bfc062723c751e8b465ee728b)
Start importing Assets/Resources/Sprites/Enemy/Goblin/Take Hit.png using Guid(8dee453321432cc47b70ddef8f3a3a68) Importer(815301076,1909f56bfc062723c751e8b465ee728b)  -> (artifact id: '82af871a56f2c116f84380ec0cd69d9d') in 0.095160 seconds
  Import took 0.099855 seconds .

========================================================================
Received Import Request.
  Time since last request: 0.000213 seconds.
  path: Assets/Resources/Sprites/Enemy/Mushroom/Attack1.png
  artifactKey: Guid(5cdfcef2d5ef97347a8d7935407f81ab) Importer(815301076,1909f56bfc062723c751e8b465ee728b)
Start importing Assets/Resources/Sprites/Enemy/Mushroom/Attack1.png using Guid(5cdfcef2d5ef97347a8d7935407f81ab) Importer(815301076,1909f56bfc062723c751e8b465ee728b)  -> (artifact id: 'd9e9fd3dd7b6e7a81c8fa84a242e4673') in 0.086056 seconds
  Import took 0.090366 seconds .

========================================================================
Received Import Request.
  Time since last request: 0.000244 seconds.
  path: Assets/Resources/Sprites/Enemy/Mushroom/Take Hit.png
  artifactKey: Guid(dcdda75e148449b4283619583230b32e) Importer(815301076,1909f56bfc062723c751e8b465ee728b)
Start importing Assets/Resources/Sprites/Enemy/Mushroom/Take Hit.png using Guid(dcdda75e148449b4283619583230b32e) Importer(815301076,1909f56bfc062723c751e8b465ee728b)  -> (artifact id: '02c8a0a6933bf8cab324b46b65ce4268') in 0.092875 seconds
  Import took 0.098979 seconds .

========================================================================
Received Import Request.
  Time since last request: 0.000293 seconds.
  path: Assets/Resources/Sprites/Enemy/Flying eye/Take Hit.png
  artifactKey: Guid(244d2b7af82202d4daae9b898fd596d1) Importer(815301076,1909f56bfc062723c751e8b465ee728b)
Start importing Assets/Resources/Sprites/Enemy/Flying eye/Take Hit.png using Guid(244d2b7af82202d4daae9b898fd596d1) Importer(815301076,1909f56bfc062723c751e8b465ee728b)  -> (artifact id: '1c3bbb2dd1e99d4ad4d77995dc77ff11') in 0.086498 seconds
  Import took 0.095467 seconds .

========================================================================
Received Import Request.
  Time since last request: 0.000391 seconds.
  path: Assets/Resources/Sprites/Enemy/Goblin/Idle.png
  artifactKey: Guid(c1cdd26cc09ad224884556bc4d8296ae) Importer(815301076,1909f56bfc062723c751e8b465ee728b)
Start importing Assets/Resources/Sprites/Enemy/Goblin/Idle.png using Guid(c1cdd26cc09ad224884556bc4d8296ae) Importer(815301076,1909f56bfc062723c751e8b465ee728b)  -> (artifact id: '591f4265c36d3704696e9ee76a12447d') in 0.052121 seconds
  Import took 0.060067 seconds .

========================================================================
Received Import Request.
  Time since last request: 0.000264 seconds.
  path: Assets/Martial Hero/Sprites/Take Hit - white silhouette.png
  artifactKey: Guid(5f3849e414a15ef4bafea810f38d8e35) Importer(815301076,1909f56bfc062723c751e8b465ee728b)
Start importing Assets/Martial Hero/Sprites/Take Hit - white silhouette.png using Guid(5f3849e414a15ef4bafea810f38d8e35) Importer(815301076,1909f56bfc062723c751e8b465ee728b)  -> (artifact id: '634a557ed0b6fcae525f31b0badc3062') in 0.098664 seconds
  Import took 0.104225 seconds .

========================================================================
Received Import Request.
  Time since last request: 0.000499 seconds.
  path: Assets/Resources/Sprites/Enemy/Flying eye/Attack2.png
  artifactKey: Guid(dd255f029b1eb1347b77fb335d97ea38) Importer(815301076,1909f56bfc062723c751e8b465ee728b)
Start importing Assets/Resources/Sprites/Enemy/Flying eye/Attack2.png using Guid(dd255f029b1eb1347b77fb335d97ea38) Importer(815301076,1909f56bfc062723c751e8b465ee728b)  -> (artifact id: 'c04ef6daf5bceeb0b4dc6cb7834c7262') in 0.079900 seconds
  Import took 0.083794 seconds .

========================================================================
Received Import Request.
  Time since last request: 4.943300 seconds.
  path: Assets/Resources/Sprites/Enemy/Skeleton/Walk.png
  artifactKey: Guid(c5b15ca3a0987ac46b73e4a04e12eeb2) Importer(815301076,1909f56bfc062723c751e8b465ee728b)
Start importing Assets/Resources/Sprites/Enemy/Skeleton/Walk.png using Guid(c5b15ca3a0987ac46b73e4a04e12eeb2) Importer(815301076,1909f56bfc062723c751e8b465ee728b)  -> (artifact id: '5c8e4ba6802330a0086a449426713562') in 0.111506 seconds
  Import took 0.119920 seconds .

========================================================================
Received Prepare
Registering precompiled user dll's ...
Registered in 0.001123 seconds.
Begin MonoManager ReloadAssembly
Native extension for WindowsStandalone target not found
Refreshing native plugins compatible for Editor in 0.47 ms, found 1 plugins.
Preloading 0 native plugins for Editor in 0.00 ms.
Invoked RoslynAnalysisRunner static constructor.
RoslynAnalysisRunner will not be running.
RoslynAnalysisRunner has terminated.
Mono: successfully reloaded assembly
- Completed reload, in  1.227 seconds
Platform modules already initialized, skipping
Refreshing native plugins compatible for Editor in 0.48 ms, found 1 plugins.
Preloading 0 native plugins for Editor in 0.00 ms.
Unloading 1810 Unused Serialized files (Serialized files now loaded: 0)
System memory in use before: 163.4 MB.
System memory in use after: 163.4 MB.

Unloading 11 unused Assets to reduce memory usage. Loaded Objects now: 2362.
Total: 2.559800 ms (FindLiveObjects: 0.225300 ms CreateObjectMapping: 0.094800 ms MarkObjects: 2.133400 ms  DeleteObjects: 0.105300 ms)

========================================================================
Received Prepare
Registering precompiled user dll's ...
Registered in 0.001169 seconds.
Begin MonoManager ReloadAssembly
Native extension for WindowsStandalone target not found
Refreshing native plugins compatible for Editor in 0.55 ms, found 1 plugins.
Preloading 0 native plugins for Editor in 0.00 ms.
Invoked RoslynAnalysisRunner static constructor.
RoslynAnalysisRunner will not be running.
RoslynAnalysisRunner has terminated.
Mono: successfully reloaded assembly
- Completed reload, in  1.267 seconds
Platform modules already initialized, skipping
Refreshing native plugins compatible for Editor in 0.48 ms, found 1 plugins.
Preloading 0 native plugins for Editor in 0.00 ms.
Unloading 1810 Unused Serialized files (Serialized files now loaded: 0)
System memory in use before: 163.6 MB.
System memory in use after: 163.6 MB.

Unloading 11 unused Assets to reduce memory usage. Loaded Objects now: 2365.
Total: 2.843200 ms (FindLiveObjects: 0.234000 ms CreateObjectMapping: 0.109200 ms MarkObjects: 2.329800 ms  DeleteObjects: 0.168700 ms)

========================================================================
Received Prepare
Registering precompiled user dll's ...
Registered in 0.090250 seconds.
Begin MonoManager ReloadAssembly
Native extension for WindowsStandalone target not found
Refreshing native plugins compatible for Editor in 0.42 ms, found 1 plugins.
Preloading 0 native plugins for Editor in 0.00 ms.
Invoked RoslynAnalysisRunner static constructor.
RoslynAnalysisRunner will not be running.
RoslynAnalysisRunner has terminated.
Mono: successfully reloaded assembly
- Completed reload, in  3.425 seconds
Platform modules already initialized, skipping
Refreshing native plugins compatible for Editor in 0.44 ms, found 1 plugins.
Preloading 0 native plugins for Editor in 0.00 ms.
Unloading 1810 Unused Serialized files (Serialized files now loaded: 0)
System memory in use before: 162.8 MB.
System memory in use after: 162.8 MB.

Unloading 11 unused Assets to reduce memory usage. Loaded Objects now: 2368.
Total: 2.800400 ms (FindLiveObjects: 0.385800 ms CreateObjectMapping: 0.105900 ms MarkObjects: 2.073800 ms  DeleteObjects: 0.233500 ms)

AssetImportWorkerClient::OnTransportError - code=2 error=End of file
