Using pre-set license
Built from '2020.2/release' branch; Version is '2020.2.0f1 (3721df5a8b28) revision 3613151'; Using compiler version '192528614'; Build Type 'Release'
OS: 'Windows 10  (10.0.0) 64bit' Language: 'ko' Physical Memory: 8075 MB
BatchMode: 1, IsHumanControllingUs: 0, StartBugReporterOnCrash: 0, Is64bit: 1, IsPro: 0

 COMMAND LINE ARGUMENTS:
D:\Unity\2020.2.0f1\Editor\Unity.exe
-adb2
-batchMode
-noUpm
-name
AssetImportWorker0
-projectPath
D:/Unity Projects/My Clicker Game
-logFile
Logs/AssetImportWorker0.log
-srvPort
52315
Successfully changed project path to: D:/Unity Projects/My Clicker Game
D:/Unity Projects/My Clicker Game
Using Asset Import Pipeline V2.
Refreshing native plugins compatible for Editor in 56.89 ms, found 1 plugins.
Preloading 0 native plugins for Editor in 0.00 ms.
Initialize engine version: 2020.2.0f1 (3721df5a8b28)
[Subsystems] Discovering subsystems at path D:/Unity/2020.2.0f1/Editor/Data/Resources/UnitySubsystems
[Subsystems] Discovering subsystems at path D:/Unity Projects/My Clicker Game/Assets
GfxDevice: creating device client; threaded=0
Direct3D:
    Version:  Direct3D 11.0 [level 11.0]
    Renderer: NVIDIA GeForce GTX 950M (ID=0x139a)
    Vendor:   
    VRAM:     2010 MB
    Driver:   27.21.14.6140
Initialize mono
Mono path[0] = 'D:/Unity/2020.2.0f1/Editor/Data/Managed'
Mono path[1] = 'D:/Unity/2020.2.0f1/Editor/Data/MonoBleedingEdge/lib/mono/unityjit'
Mono config path = 'D:/Unity/2020.2.0f1/Editor/Data/MonoBleedingEdge/etc'
Using monoOptions --debugger-agent=transport=dt_socket,embedding=1,server=y,suspend=n,address=127.0.0.1:56308
Begin MonoManager ReloadAssembly
Registering precompiled unity dll's ...
Register platform support module: D:/Unity/2020.2.0f1/Editor/Data/PlaybackEngines/WindowsStandaloneSupport/UnityEditor.WindowsStandalone.Extensions.dll
Registered in 0.001676 seconds.
Native extension for WindowsStandalone target not found
Refreshing native plugins compatible for Editor in 56.84 ms, found 1 plugins.
Preloading 0 native plugins for Editor in 0.00 ms.
Invoked RoslynAnalysisRunner static constructor.
RoslynAnalysisRunner will not be running.
RoslynAnalysisRunner has terminated.
Mono: successfully reloaded assembly
- Completed reload, in  2.300 seconds
Platform modules already initialized, skipping
Registering precompiled user dll's ...
Registered in 0.001399 seconds.
Begin MonoManager ReloadAssembly
Native extension for WindowsStandalone target not found
Refreshing native plugins compatible for Editor in 61.46 ms, found 1 plugins.
Preloading 0 native plugins for Editor in 0.00 ms.
Invoked RoslynAnalysisRunner static constructor.
RoslynAnalysisRunner will not be running.
RoslynAnalysisRunner has terminated.
Mono: successfully reloaded assembly
- Completed reload, in  1.451 seconds
Platform modules already initialized, skipping
========================================================================
Worker process is ready to serve import requests
Launched and connected shader compiler UnityShaderCompiler.exe after 0.10 seconds
Refreshing native plugins compatible for Editor in 0.42 ms, found 1 plugins.
Preloading 0 native plugins for Editor in 0.00 ms.
Unloading 1813 Unused Serialized files (Serialized files now loaded: 0)
System memory in use before: 158.4 MB.
System memory in use after: 158.4 MB.

Unloading 22 unused Assets to reduce memory usage. Loaded Objects now: 2263.
Total: 2.758200 ms (FindLiveObjects: 0.242900 ms CreateObjectMapping: 0.084900 ms MarkObjects: 2.285500 ms  DeleteObjects: 0.143400 ms)

========================================================================
Received Import Request.
  path: Assets/Resources/Sprites/Logo
  artifactKey: Guid(397725d06ae2a3d4fa731c0fbd15c1e5) Importer(815301076,1909f56bfc062723c751e8b465ee728b)
Start importing Assets/Resources/Sprites/Logo using Guid(397725d06ae2a3d4fa731c0fbd15c1e5) Importer(815301076,1909f56bfc062723c751e8b465ee728b)  -> (artifact id: '7b136e1b0631a2ee2d41f7fb50d6e515') in 0.020086 seconds
  Import took 0.025806 seconds .

========================================================================
Received Import Request.
  Time since last request: 0.000601 seconds.
  path: Assets/Resources/Sprites/Logo/Main.jpg
  artifactKey: Guid(24d793446d184594480e406e80e0f30e) Importer(815301076,1909f56bfc062723c751e8b465ee728b)
Start importing Assets/Resources/Sprites/Logo/Main.jpg using Guid(24d793446d184594480e406e80e0f30e) Importer(815301076,1909f56bfc062723c751e8b465ee728b)  -> (artifact id: '3fa3024515d0f88966056fbfa5cb63ca') in 0.349090 seconds
  Import took 0.354243 seconds .

========================================================================
Received Prepare
Registering precompiled user dll's ...
Registered in 0.001109 seconds.
Begin MonoManager ReloadAssembly
Native extension for WindowsStandalone target not found
Refreshing native plugins compatible for Editor in 0.41 ms, found 1 plugins.
Preloading 0 native plugins for Editor in 0.00 ms.
Invoked RoslynAnalysisRunner static constructor.
RoslynAnalysisRunner will not be running.
RoslynAnalysisRunner has terminated.
Mono: successfully reloaded assembly
- Completed reload, in  1.402 seconds
Platform modules already initialized, skipping
Refreshing native plugins compatible for Editor in 0.92 ms, found 1 plugins.
Preloading 0 native plugins for Editor in 0.00 ms.
Unloading 1809 Unused Serialized files (Serialized files now loaded: 0)
System memory in use before: 161.7 MB.
System memory in use after: 161.7 MB.

Unloading 11 unused Assets to reduce memory usage. Loaded Objects now: 2272.
Total: 3.160600 ms (FindLiveObjects: 0.397300 ms CreateObjectMapping: 0.142800 ms MarkObjects: 2.435400 ms  DeleteObjects: 0.183000 ms)

========================================================================
Received Import Request.
  Time since last request: 1415.067851 seconds.
  path: Assets/Resources/Sprites/Logo/Logo.png
  artifactKey: Guid(05587560867c56b48bd8d2e169d736b8) Importer(815301076,1909f56bfc062723c751e8b465ee728b)
Start importing Assets/Resources/Sprites/Logo/Logo.png using Guid(05587560867c56b48bd8d2e169d736b8) Importer(815301076,1909f56bfc062723c751e8b465ee728b)  -> (artifact id: '25885782962c0d4c689e7c46555d81e8') in 0.499176 seconds
  Import took 0.616214 seconds .

========================================================================
Received Prepare
Registering precompiled user dll's ...
Registered in 0.002441 seconds.
Begin MonoManager ReloadAssembly
Native extension for WindowsStandalone target not found
Refreshing native plugins compatible for Editor in 0.41 ms, found 1 plugins.
Preloading 0 native plugins for Editor in 0.00 ms.
Invoked RoslynAnalysisRunner static constructor.
RoslynAnalysisRunner will not be running.
RoslynAnalysisRunner has terminated.
Mono: successfully reloaded assembly
- Completed reload, in  1.427 seconds
Platform modules already initialized, skipping
Refreshing native plugins compatible for Editor in 0.63 ms, found 1 plugins.
Preloading 0 native plugins for Editor in 0.00 ms.
Unloading 1810 Unused Serialized files (Serialized files now loaded: 0)
System memory in use before: 161.9 MB.
System memory in use after: 162.0 MB.

Unloading 11 unused Assets to reduce memory usage. Loaded Objects now: 2276.
Total: 4.004700 ms (FindLiveObjects: 0.312300 ms CreateObjectMapping: 0.246500 ms MarkObjects: 3.328400 ms  DeleteObjects: 0.115300 ms)

========================================================================
Received Prepare
Registering precompiled user dll's ...
Registered in 0.001219 seconds.
Begin MonoManager ReloadAssembly
Native extension for WindowsStandalone target not found
Refreshing native plugins compatible for Editor in 0.66 ms, found 1 plugins.
Preloading 0 native plugins for Editor in 0.00 ms.
Invoked RoslynAnalysisRunner static constructor.
RoslynAnalysisRunner will not be running.
RoslynAnalysisRunner has terminated.
Mono: successfully reloaded assembly
- Completed reload, in  1.479 seconds
Platform modules already initialized, skipping
Refreshing native plugins compatible for Editor in 0.50 ms, found 1 plugins.
Preloading 0 native plugins for Editor in 0.00 ms.
Unloading 1810 Unused Serialized files (Serialized files now loaded: 0)
System memory in use before: 162.2 MB.
System memory in use after: 162.2 MB.

Unloading 11 unused Assets to reduce memory usage. Loaded Objects now: 2279.
Total: 5.805800 ms (FindLiveObjects: 0.679600 ms CreateObjectMapping: 1.328800 ms MarkObjects: 3.427500 ms  DeleteObjects: 0.367600 ms)

========================================================================
Received Prepare
Registering precompiled user dll's ...
Registered in 0.001126 seconds.
Begin MonoManager ReloadAssembly
Native extension for WindowsStandalone target not found
Refreshing native plugins compatible for Editor in 0.41 ms, found 1 plugins.
Preloading 0 native plugins for Editor in 0.00 ms.
Invoked RoslynAnalysisRunner static constructor.
RoslynAnalysisRunner will not be running.
RoslynAnalysisRunner has terminated.
Mono: successfully reloaded assembly
- Completed reload, in  1.255 seconds
Platform modules already initialized, skipping
Refreshing native plugins compatible for Editor in 0.46 ms, found 1 plugins.
Preloading 0 native plugins for Editor in 0.00 ms.
Unloading 1810 Unused Serialized files (Serialized files now loaded: 0)
System memory in use before: 162.4 MB.
System memory in use after: 162.4 MB.

Unloading 11 unused Assets to reduce memory usage. Loaded Objects now: 2282.
Total: 2.682500 ms (FindLiveObjects: 0.217000 ms CreateObjectMapping: 0.095600 ms MarkObjects: 2.231900 ms  DeleteObjects: 0.136400 ms)

========================================================================
Received Prepare
Registering precompiled user dll's ...
Registered in 0.001069 seconds.
Begin MonoManager ReloadAssembly
Native extension for WindowsStandalone target not found
Refreshing native plugins compatible for Editor in 0.58 ms, found 1 plugins.
Preloading 0 native plugins for Editor in 0.00 ms.
Invoked RoslynAnalysisRunner static constructor.
RoslynAnalysisRunner will not be running.
RoslynAnalysisRunner has terminated.
Mono: successfully reloaded assembly
- Completed reload, in  1.245 seconds
Platform modules already initialized, skipping
Refreshing native plugins compatible for Editor in 0.50 ms, found 1 plugins.
Preloading 0 native plugins for Editor in 0.00 ms.
Unloading 1810 Unused Serialized files (Serialized files now loaded: 0)
System memory in use before: 162.6 MB.
System memory in use after: 162.6 MB.

Unloading 11 unused Assets to reduce memory usage. Loaded Objects now: 2285.
Total: 2.727200 ms (FindLiveObjects: 0.229900 ms CreateObjectMapping: 0.097700 ms MarkObjects: 2.280300 ms  DeleteObjects: 0.117600 ms)

========================================================================
Received Prepare
Registering precompiled user dll's ...
Registered in 0.001668 seconds.
Begin MonoManager ReloadAssembly
Native extension for WindowsStandalone target not found
Refreshing native plugins compatible for Editor in 0.65 ms, found 1 plugins.
Preloading 0 native plugins for Editor in 0.00 ms.
Invoked RoslynAnalysisRunner static constructor.
RoslynAnalysisRunner will not be running.
RoslynAnalysisRunner has terminated.
Mono: successfully reloaded assembly
- Completed reload, in  1.769 seconds
Platform modules already initialized, skipping
Refreshing native plugins compatible for Editor in 0.45 ms, found 1 plugins.
Preloading 0 native plugins for Editor in 0.00 ms.
Unloading 1810 Unused Serialized files (Serialized files now loaded: 0)
System memory in use before: 162.8 MB.
System memory in use after: 162.9 MB.

Unloading 11 unused Assets to reduce memory usage. Loaded Objects now: 2288.
Total: 2.954400 ms (FindLiveObjects: 0.663400 ms CreateObjectMapping: 0.128200 ms MarkObjects: 2.012100 ms  DeleteObjects: 0.149400 ms)

========================================================================
Received Prepare
Registering precompiled user dll's ...
Registered in 0.001217 seconds.
Begin MonoManager ReloadAssembly
Native extension for WindowsStandalone target not found
Refreshing native plugins compatible for Editor in 0.71 ms, found 1 plugins.
Preloading 0 native plugins for Editor in 0.00 ms.
Invoked RoslynAnalysisRunner static constructor.
RoslynAnalysisRunner will not be running.
RoslynAnalysisRunner has terminated.
Mono: successfully reloaded assembly
- Completed reload, in  1.258 seconds
Platform modules already initialized, skipping
Refreshing native plugins compatible for Editor in 0.51 ms, found 1 plugins.
Preloading 0 native plugins for Editor in 0.00 ms.
Unloading 1810 Unused Serialized files (Serialized files now loaded: 0)
System memory in use before: 163.0 MB.
System memory in use after: 163.1 MB.

Unloading 11 unused Assets to reduce memory usage. Loaded Objects now: 2291.
Total: 2.861500 ms (FindLiveObjects: 0.396600 ms CreateObjectMapping: 0.093500 ms MarkObjects: 2.230100 ms  DeleteObjects: 0.139900 ms)

========================================================================
Received Prepare
Refreshing native plugins compatible for Editor in 2.05 ms, found 1 plugins.
Preloading 0 native plugins for Editor in 0.00 ms.
Unloading 12 Unused Serialized files (Serialized files now loaded: 0)
System memory in use before: 127.6 MB.
System memory in use after: 127.7 MB.

Unloading 9 unused Assets to reduce memory usage. Loaded Objects now: 2291.
Total: 3.193500 ms (FindLiveObjects: 0.242400 ms CreateObjectMapping: 0.111900 ms MarkObjects: 2.699900 ms  DeleteObjects: 0.123900 ms)

========================================================================
Received Import Request.
  Time since last request: 2669.383560 seconds.
  path: Assets/SimplePixelUI/prefabs
  artifactKey: Guid(498dfc90ecb35db479c01f0e6a780c1a) Importer(815301076,1909f56bfc062723c751e8b465ee728b)
Start importing Assets/SimplePixelUI/prefabs using Guid(498dfc90ecb35db479c01f0e6a780c1a) Importer(815301076,1909f56bfc062723c751e8b465ee728b)  -> (artifact id: '2a798e76ca9e8c665e1c890f240f4103') in 0.013499 seconds
  Import took 0.019711 seconds .

========================================================================
Received Import Request.
  Time since last request: 0.008234 seconds.
  path: Assets/SimplePixelUI/prefabs
  artifactKey: Guid(498dfc90ecb35db479c01f0e6a780c1a) Importer(815301076,1909f56bfc062723c751e8b465ee728b)
Start importing Assets/SimplePixelUI/prefabs using Guid(498dfc90ecb35db479c01f0e6a780c1a) Importer(815301076,1909f56bfc062723c751e8b465ee728b)  -> (artifact id: '2a798e76ca9e8c665e1c890f240f4103') in 0.009371 seconds
  Import took 0.015171 seconds .

========================================================================
Received Import Request.
  Time since last request: 1.046003 seconds.
  path: Assets/SimplePixelUI/prefabs/color_customizible
  artifactKey: Guid(7648bcc61850c594fa9fd8529d442205) Importer(815301076,1909f56bfc062723c751e8b465ee728b)
Start importing Assets/SimplePixelUI/prefabs/color_customizible using Guid(7648bcc61850c594fa9fd8529d442205) Importer(815301076,1909f56bfc062723c751e8b465ee728b)  -> (artifact id: 'c8797fdd03088d9bd50b9b89ed543f9f') in 0.012310 seconds
  Import took 0.017866 seconds .

========================================================================
Received Import Request.
  Time since last request: 0.802756 seconds.
  path: Assets/SimplePixelUI/prefabs/color_customizible/square
  artifactKey: Guid(dcbc3c64ffb88f8438ab6db412b1b715) Importer(815301076,1909f56bfc062723c751e8b465ee728b)
Start importing Assets/SimplePixelUI/prefabs/color_customizible/square using Guid(dcbc3c64ffb88f8438ab6db412b1b715) Importer(815301076,1909f56bfc062723c751e8b465ee728b)  -> (artifact id: '10c1ceb1deacaee30f05d9cf1d3f7d4e') in 0.011511 seconds
  Import took 0.016050 seconds .

========================================================================
Received Import Request.
  Time since last request: 1.938628 seconds.
  path: Assets/SimplePixelUI/prefabs/color_customizible/rounded
  artifactKey: Guid(80ca6cd00e68d8d459a7aaca894b354e) Importer(815301076,1909f56bfc062723c751e8b465ee728b)
Start importing Assets/SimplePixelUI/prefabs/color_customizible/rounded using Guid(80ca6cd00e68d8d459a7aaca894b354e) Importer(815301076,1909f56bfc062723c751e8b465ee728b)  -> (artifact id: '7bdb35ca1fcab94760355cc4b48dfbff') in 0.013614 seconds
  Import took 0.019039 seconds .

========================================================================
Received Import Request.
  Time since last request: 1.912157 seconds.
  path: Assets/SimplePixelUI/prefabs/Gray_black
  artifactKey: Guid(5b23af8a153ab7a4987aa88e72c13877) Importer(815301076,1909f56bfc062723c751e8b465ee728b)
Start importing Assets/SimplePixelUI/prefabs/Gray_black using Guid(5b23af8a153ab7a4987aa88e72c13877) Importer(815301076,1909f56bfc062723c751e8b465ee728b)  -> (artifact id: '6bb816ce6994f36f1bed8bd8f1b1448a') in 0.014060 seconds
  Import took 0.018832 seconds .

========================================================================
Received Import Request.
  Time since last request: 0.199597 seconds.
  path: Assets/SimplePixelUI/prefabs/Half_color_customizible
  artifactKey: Guid(54870c172e13fc14bb5b7c75cdebce71) Importer(815301076,1909f56bfc062723c751e8b465ee728b)
Start importing Assets/SimplePixelUI/prefabs/Half_color_customizible using Guid(54870c172e13fc14bb5b7c75cdebce71) Importer(815301076,1909f56bfc062723c751e8b465ee728b)  -> (artifact id: '6c736cb4741a9dae34b8d9b7916a7a86') in 0.011343 seconds
  Import took 0.017060 seconds .

========================================================================
Received Import Request.
  Time since last request: 1.503496 seconds.
  path: Assets/SimplePixelUI/prefabs/Half_color_customizible/rounded
  artifactKey: Guid(02ab7e8b7e5809d45b2c808195720164) Importer(815301076,1909f56bfc062723c751e8b465ee728b)
Start importing Assets/SimplePixelUI/prefabs/Half_color_customizible/rounded using Guid(02ab7e8b7e5809d45b2c808195720164) Importer(815301076,1909f56bfc062723c751e8b465ee728b)  -> (artifact id: 'cb0a546440737c10460981fa58569636') in 0.005895 seconds
  Import took 0.010950 seconds .

========================================================================
Received Import Request.
  Time since last request: 0.332340 seconds.
  path: Assets/SimplePixelUI/prefabs/Half_color_customizible/square
  artifactKey: Guid(5ace1880ad3188c468dbca7724cbf7ec) Importer(815301076,1909f56bfc062723c751e8b465ee728b)
Start importing Assets/SimplePixelUI/prefabs/Half_color_customizible/square using Guid(5ace1880ad3188c468dbca7724cbf7ec) Importer(815301076,1909f56bfc062723c751e8b465ee728b)  -> (artifact id: '492fab1e9d98e58840bd4927c9034dfb') in 0.005180 seconds
  Import took 0.010376 seconds .

========================================================================
Received Import Request.
  Time since last request: 0.796466 seconds.
  path: Assets/SimplePixelUI/prefabs/Half_color_customizible/square/buttons
  artifactKey: Guid(ea685c7f6c2bbdc43bbbe38cb1b9f8b6) Importer(815301076,1909f56bfc062723c751e8b465ee728b)
Start importing Assets/SimplePixelUI/prefabs/Half_color_customizible/square/buttons using Guid(ea685c7f6c2bbdc43bbbe38cb1b9f8b6) Importer(815301076,1909f56bfc062723c751e8b465ee728b)  -> (artifact id: '9e147eed6952a6599509a8729619f7b7') in 0.010323 seconds
  Import took 0.015015 seconds .

========================================================================
Received Import Request.
  Time since last request: 0.382953 seconds.
  path: Assets/SimplePixelUI/prefabs/Half_color_customizible/square/Health_bar
  artifactKey: Guid(c71931e3d34b3334185421cfe52bb067) Importer(815301076,1909f56bfc062723c751e8b465ee728b)
Start importing Assets/SimplePixelUI/prefabs/Half_color_customizible/square/Health_bar using Guid(c71931e3d34b3334185421cfe52bb067) Importer(815301076,1909f56bfc062723c751e8b465ee728b)  -> (artifact id: 'e776714636f1d9034031f1d52d6a1612') in 0.012710 seconds
  Import took 0.018253 seconds .

========================================================================
Received Import Request.
  Time since last request: 0.476138 seconds.
  path: Assets/SimplePixelUI/prefabs/Half_color_customizible/square/ScrollBar
  artifactKey: Guid(9f0e1ecd5705b104c87059d9851ed5da) Importer(815301076,1909f56bfc062723c751e8b465ee728b)
Start importing Assets/SimplePixelUI/prefabs/Half_color_customizible/square/ScrollBar using Guid(9f0e1ecd5705b104c87059d9851ed5da) Importer(815301076,1909f56bfc062723c751e8b465ee728b)  -> (artifact id: '1d811f00e8f003df29331ae621c8f379') in 0.011800 seconds
  Import took 0.018792 seconds .

========================================================================
Received Import Request.
  Time since last request: 0.015595 seconds.
  path: Assets/SimplePixelUI/prefabs/Half_color_customizible/square/Slider
  artifactKey: Guid(6246e1220b79924488c91abd63c35396) Importer(815301076,1909f56bfc062723c751e8b465ee728b)
Start importing Assets/SimplePixelUI/prefabs/Half_color_customizible/square/Slider using Guid(6246e1220b79924488c91abd63c35396) Importer(815301076,1909f56bfc062723c751e8b465ee728b)  -> (artifact id: '89690e2bccdc9345a8549f0267136ac6') in 0.019709 seconds
  Import took 0.025019 seconds .

========================================================================
Received Import Request.
  Time since last request: 0.005163 seconds.
  path: Assets/SimplePixelUI/prefabs/Half_color_customizible/square/Slider
  artifactKey: Guid(6246e1220b79924488c91abd63c35396) Importer(815301076,1909f56bfc062723c751e8b465ee728b)
Start importing Assets/SimplePixelUI/prefabs/Half_color_customizible/square/Slider using Guid(6246e1220b79924488c91abd63c35396) Importer(815301076,1909f56bfc062723c751e8b465ee728b)  -> (artifact id: '89690e2bccdc9345a8549f0267136ac6') in 0.006099 seconds
  Import took 0.023554 seconds .

========================================================================
Received Import Request.
  Time since last request: 0.024189 seconds.
  path: Assets/SimplePixelUI/prefabs/Half_color_customizible/square/Slider 2
  artifactKey: Guid(613be2c3572a99642a615670ccb1e095) Importer(815301076,1909f56bfc062723c751e8b465ee728b)
Start importing Assets/SimplePixelUI/prefabs/Half_color_customizible/square/Slider 2 using Guid(613be2c3572a99642a615670ccb1e095) Importer(815301076,1909f56bfc062723c751e8b465ee728b)  -> (artifact id: '224d098671931153cdf3f5723113c252') in 0.013186 seconds
  Import took 0.019828 seconds .

========================================================================
Received Import Request.
  Time since last request: 0.024361 seconds.
  path: Assets/SimplePixelUI/prefabs/Half_color_customizible/square/slider3
  artifactKey: Guid(8ef6d9f814bf15444a5caccfcf048f00) Importer(815301076,1909f56bfc062723c751e8b465ee728b)
Start importing Assets/SimplePixelUI/prefabs/Half_color_customizible/square/slider3 using Guid(8ef6d9f814bf15444a5caccfcf048f00) Importer(815301076,1909f56bfc062723c751e8b465ee728b)  -> (artifact id: '1794b39bacd4aea9e1cb0476df4e74fe') in 0.018710 seconds
  Import took 0.026806 seconds .

========================================================================
Received Import Request.
  Time since last request: 1.623943 seconds.
  path: Assets/SimplePixelUI/prefabs/Half_color_customizible/square/buttons/button_1.prefab
  artifactKey: Guid(d71dfeafe3698c84abc11d667b425100) Importer(815301076,1909f56bfc062723c751e8b465ee728b)
Start importing Assets/SimplePixelUI/prefabs/Half_color_customizible/square/buttons/button_1.prefab using Guid(d71dfeafe3698c84abc11d667b425100) Importer(815301076,1909f56bfc062723c751e8b465ee728b)  -> (artifact id: '163301b4e973e7bebaae10d1b4a20c75') in 0.099737 seconds
  Import took 0.104413 seconds .

========================================================================
Received Import Request.
  Time since last request: 0.006728 seconds.
  path: Assets/SimplePixelUI/prefabs/Half_color_customizible/square/buttons/button_1.prefab
  artifactKey: Guid(d71dfeafe3698c84abc11d667b425100) Importer(815301076,1909f56bfc062723c751e8b465ee728b)
Start importing Assets/SimplePixelUI/prefabs/Half_color_customizible/square/buttons/button_1.prefab using Guid(d71dfeafe3698c84abc11d667b425100) Importer(815301076,1909f56bfc062723c751e8b465ee728b)  -> (artifact id: '163301b4e973e7bebaae10d1b4a20c75') in 0.006384 seconds
  Import took 0.011249 seconds .

========================================================================
Received Import Request.
  Time since last request: 0.143815 seconds.
  path: Assets/SimplePixelUI/prefabs/Half_color_customizible/square/buttons/button_2.prefab
  artifactKey: Guid(d674cea7d852e5d4b93c99842e828db0) Importer(815301076,1909f56bfc062723c751e8b465ee728b)
Start importing Assets/SimplePixelUI/prefabs/Half_color_customizible/square/buttons/button_2.prefab using Guid(d674cea7d852e5d4b93c99842e828db0) Importer(815301076,1909f56bfc062723c751e8b465ee728b)  -> (artifact id: '55f3f64a8bbe60cfb94cea534523af00') in 0.011188 seconds
  Import took 0.015320 seconds .

========================================================================
Received Import Request.
  Time since last request: 1.246565 seconds.
  path: Assets/SimplePixelUI/prefabs/Half_color_customizible/square/buttons/button_small_1.prefab
  artifactKey: Guid(050bc2133fe008f47940192024071571) Importer(815301076,1909f56bfc062723c751e8b465ee728b)
Start importing Assets/SimplePixelUI/prefabs/Half_color_customizible/square/buttons/button_small_1.prefab using Guid(050bc2133fe008f47940192024071571) Importer(815301076,1909f56bfc062723c751e8b465ee728b)  -> (artifact id: '91c19a8607abb072615c573ac184bed0') in 0.011777 seconds
  Import took 0.016363 seconds .

========================================================================
Received Import Request.
  Time since last request: 6.319515 seconds.
  path: Assets/Scenes/Main.unity
  artifactKey: Guid(7d5da99c9b362f143bafe1078efd1803) Importer(815301076,1909f56bfc062723c751e8b465ee728b)
Start importing Assets/Scenes/Main.unity using Guid(7d5da99c9b362f143bafe1078efd1803) Importer(815301076,1909f56bfc062723c751e8b465ee728b)  -> (artifact id: 'e2543db6c0f2edf98c74d295f2f8169a') in 0.071675 seconds
  Import took 0.075379 seconds .

========================================================================
Received Import Request.
  Time since last request: 5.100310 seconds.
  path: Assets/SimplePixelUI/artwork
  artifactKey: Guid(225de32f8fed06f4ca6486d89d08abe7) Importer(815301076,1909f56bfc062723c751e8b465ee728b)
Start importing Assets/SimplePixelUI/artwork using Guid(225de32f8fed06f4ca6486d89d08abe7) Importer(815301076,1909f56bfc062723c751e8b465ee728b)  -> (artifact id: '5526033b76b784ca60ce74e6a710b7c2') in 0.009520 seconds
  Import took 0.014428 seconds .

========================================================================
Received Import Request.
  Time since last request: 0.550369 seconds.
  path: Assets/SimplePixelUI/artwork/colorCustomizible
  artifactKey: Guid(a28442795d3458b49a9b4c24c1f84af2) Importer(815301076,1909f56bfc062723c751e8b465ee728b)
Start importing Assets/SimplePixelUI/artwork/colorCustomizible using Guid(a28442795d3458b49a9b4c24c1f84af2) Importer(815301076,1909f56bfc062723c751e8b465ee728b)  -> (artifact id: '0b131c56df3b80080d17882d6f997806') in 0.013777 seconds
  Import took 0.018175 seconds .

========================================================================
Received Import Request.
  Time since last request: 0.585321 seconds.
  path: Assets/SimplePixelUI/artwork/colorCustomizible/rounded
  artifactKey: Guid(a149011ad80bea04e8233471eb6fb357) Importer(815301076,1909f56bfc062723c751e8b465ee728b)
Start importing Assets/SimplePixelUI/artwork/colorCustomizible/rounded using Guid(a149011ad80bea04e8233471eb6fb357) Importer(815301076,1909f56bfc062723c751e8b465ee728b)  -> (artifact id: '323d1cbf6c28b707296e1334f29222cd') in 0.004371 seconds
  Import took 0.009010 seconds .

========================================================================
Received Import Request.
  Time since last request: 0.001507 seconds.
  path: Assets/SimplePixelUI/artwork/colorCustomizible/rounded
  artifactKey: Guid(a149011ad80bea04e8233471eb6fb357) Importer(815301076,1909f56bfc062723c751e8b465ee728b)
Start importing Assets/SimplePixelUI/artwork/colorCustomizible/rounded using Guid(a149011ad80bea04e8233471eb6fb357) Importer(815301076,1909f56bfc062723c751e8b465ee728b)  -> (artifact id: '323d1cbf6c28b707296e1334f29222cd') in 0.003114 seconds
  Import took 0.008346 seconds .

========================================================================
Received Import Request.
  Time since last request: 0.822682 seconds.
  path: Assets/SimplePixelUI/artwork/colorCustomizible/rounded/buttons
  artifactKey: Guid(53f838e5818bfe54db4332fe8f0c9b8d) Importer(815301076,1909f56bfc062723c751e8b465ee728b)
Start importing Assets/SimplePixelUI/artwork/colorCustomizible/rounded/buttons using Guid(53f838e5818bfe54db4332fe8f0c9b8d) Importer(815301076,1909f56bfc062723c751e8b465ee728b)  -> (artifact id: 'dfc846aaeb33eabf85e1f0abd385984c') in 0.004027 seconds
  Import took 0.008417 seconds .

========================================================================
Received Import Request.
  Time since last request: 0.000924 seconds.
  path: Assets/SimplePixelUI/artwork/colorCustomizible/rounded/buttons
  artifactKey: Guid(53f838e5818bfe54db4332fe8f0c9b8d) Importer(815301076,1909f56bfc062723c751e8b465ee728b)
Start importing Assets/SimplePixelUI/artwork/colorCustomizible/rounded/buttons using Guid(53f838e5818bfe54db4332fe8f0c9b8d) Importer(815301076,1909f56bfc062723c751e8b465ee728b)  -> (artifact id: 'dfc846aaeb33eabf85e1f0abd385984c') in 0.003616 seconds
  Import took 0.008950 seconds .

========================================================================
Received Import Request.
  Time since last request: 1.485920 seconds.
  path: Assets/SimplePixelUI/artwork/colorCustomizible/rounded/Background_CC_rounded.png
  artifactKey: Guid(8117ad03e7d28324f97b6eddfdcd1e1d) Importer(815301076,1909f56bfc062723c751e8b465ee728b)
Start importing Assets/SimplePixelUI/artwork/colorCustomizible/rounded/Background_CC_rounded.png using Guid(8117ad03e7d28324f97b6eddfdcd1e1d) Importer(815301076,1909f56bfc062723c751e8b465ee728b)  -> (artifact id: '989352d12ffe6b3c7bc4896908fec440') in 0.079198 seconds
  Import took 0.084258 seconds .

========================================================================
Received Import Request.
  Time since last request: 0.234673 seconds.
  path: Assets/SimplePixelUI/artwork/colorCustomizible/square
  artifactKey: Guid(7e617f2d40d560b419f50ef2985bd2c6) Importer(815301076,1909f56bfc062723c751e8b465ee728b)
Start importing Assets/SimplePixelUI/artwork/colorCustomizible/square using Guid(7e617f2d40d560b419f50ef2985bd2c6) Importer(815301076,1909f56bfc062723c751e8b465ee728b)  -> (artifact id: '8f32d4b8b65db5386b36748f6ce76800') in 0.005400 seconds
  Import took 0.011558 seconds .

========================================================================
Received Import Request.
  Time since last request: 0.001987 seconds.
  path: Assets/SimplePixelUI/artwork/colorCustomizible/square
  artifactKey: Guid(7e617f2d40d560b419f50ef2985bd2c6) Importer(815301076,1909f56bfc062723c751e8b465ee728b)
Start importing Assets/SimplePixelUI/artwork/colorCustomizible/square using Guid(7e617f2d40d560b419f50ef2985bd2c6) Importer(815301076,1909f56bfc062723c751e8b465ee728b)  -> (artifact id: '8f32d4b8b65db5386b36748f6ce76800') in 0.003360 seconds
  Import took 0.009531 seconds .

========================================================================
Received Import Request.
  Time since last request: 1.088423 seconds.
  path: Assets/SimplePixelUI/artwork/colorCustomizible/square/Buttons
  artifactKey: Guid(c314076aa6dc28e4489129547cdb65f0) Importer(815301076,1909f56bfc062723c751e8b465ee728b)
Start importing Assets/SimplePixelUI/artwork/colorCustomizible/square/Buttons using Guid(c314076aa6dc28e4489129547cdb65f0) Importer(815301076,1909f56bfc062723c751e8b465ee728b)  -> (artifact id: '7e51355ada3502eefbb8226143d70ea0') in 0.027189 seconds
  Import took 0.031529 seconds .

========================================================================
Received Import Request.
  Time since last request: 0.857278 seconds.
  path: Assets/SimplePixelUI/artwork/colorCustomizible/square/scroll_horizontal
  artifactKey: Guid(13b51ba57de5a3b4e9eaec6ad01880a0) Importer(815301076,1909f56bfc062723c751e8b465ee728b)
Start importing Assets/SimplePixelUI/artwork/colorCustomizible/square/scroll_horizontal using Guid(13b51ba57de5a3b4e9eaec6ad01880a0) Importer(815301076,1909f56bfc062723c751e8b465ee728b)  -> (artifact id: 'e6c6550555644a1bd2f2fe303d8b45ec') in 0.012068 seconds
  Import took 0.017836 seconds .

========================================================================
Received Import Request.
  Time since last request: 0.979957 seconds.
  path: Assets/SimplePixelUI/artwork/colorCustomizible/square/scroll_vertical
  artifactKey: Guid(4970a1dfceb1d194bb6f636b87a839f6) Importer(815301076,1909f56bfc062723c751e8b465ee728b)
Start importing Assets/SimplePixelUI/artwork/colorCustomizible/square/scroll_vertical using Guid(4970a1dfceb1d194bb6f636b87a839f6) Importer(815301076,1909f56bfc062723c751e8b465ee728b)  -> (artifact id: '29fcce32e1c07a09f1c343e9661c7abd') in 0.015278 seconds
  Import took 0.019490 seconds .

========================================================================
Received Import Request.
  Time since last request: 1.651423 seconds.
  path: Assets/SimplePixelUI/artwork/gray
  artifactKey: Guid(c11f438d218a29846921341e266ec360) Importer(815301076,1909f56bfc062723c751e8b465ee728b)
Start importing Assets/SimplePixelUI/artwork/gray using Guid(c11f438d218a29846921341e266ec360) Importer(815301076,1909f56bfc062723c751e8b465ee728b)  -> (artifact id: 'f8419630b7bd64a06189ae10507b39e0') in 0.013350 seconds
  Import took 0.017455 seconds .

========================================================================
Received Import Request.
  Time since last request: 0.695547 seconds.
  path: Assets/SimplePixelUI/artwork/gray/rounded
  artifactKey: Guid(8fceee643229ca943a932aa970886283) Importer(815301076,1909f56bfc062723c751e8b465ee728b)
Start importing Assets/SimplePixelUI/artwork/gray/rounded using Guid(8fceee643229ca943a932aa970886283) Importer(815301076,1909f56bfc062723c751e8b465ee728b)  -> (artifact id: '9a1e9ca33742ba0e208299f775b72d8d') in 0.003481 seconds
  Import took 0.008354 seconds .

========================================================================
Received Import Request.
  Time since last request: 0.310239 seconds.
  path: Assets/SimplePixelUI/artwork/gray/square
  artifactKey: Guid(54839013b2376df4eb73361974a2d444) Importer(815301076,1909f56bfc062723c751e8b465ee728b)
Start importing Assets/SimplePixelUI/artwork/gray/square using Guid(54839013b2376df4eb73361974a2d444) Importer(815301076,1909f56bfc062723c751e8b465ee728b)  -> (artifact id: '7160de2928386f13505fee3bb6325218') in 0.004078 seconds
  Import took 0.008615 seconds .

========================================================================
Received Import Request.
  Time since last request: 0.768702 seconds.
  path: Assets/SimplePixelUI/artwork/gray/square/Buttons
  artifactKey: Guid(78bd792078ae1474ca5008940189e83d) Importer(815301076,1909f56bfc062723c751e8b465ee728b)
Start importing Assets/SimplePixelUI/artwork/gray/square/Buttons using Guid(78bd792078ae1474ca5008940189e83d) Importer(815301076,1909f56bfc062723c751e8b465ee728b)  -> (artifact id: '83f55caf0c62f6e9199de9716e96a6c1') in 0.006082 seconds
  Import took 0.011835 seconds .

========================================================================
Received Import Request.
  Time since last request: 2.853054 seconds.
  path: Assets/SimplePixelUI/artwork/halfcustomizible
  artifactKey: Guid(323062aa4e025ff4f95dc86eef23c43f) Importer(815301076,1909f56bfc062723c751e8b465ee728b)
Start importing Assets/SimplePixelUI/artwork/halfcustomizible using Guid(323062aa4e025ff4f95dc86eef23c43f) Importer(815301076,1909f56bfc062723c751e8b465ee728b)  -> (artifact id: 'dd32b9136347af331760f8f213015d7e') in 0.011588 seconds
  Import took 0.019076 seconds .

========================================================================
Received Import Request.
  Time since last request: 0.889933 seconds.
  path: Assets/SimplePixelUI/artwork/halfcustomizible/rounded
  artifactKey: Guid(0c769134db3a6cd42aeff07c5319477b) Importer(815301076,1909f56bfc062723c751e8b465ee728b)
Start importing Assets/SimplePixelUI/artwork/halfcustomizible/rounded using Guid(0c769134db3a6cd42aeff07c5319477b) Importer(815301076,1909f56bfc062723c751e8b465ee728b)  -> (artifact id: '1a96dbf6b70c406fca011df76e600648') in 0.005360 seconds
  Import took 0.010788 seconds .

========================================================================
Received Import Request.
  Time since last request: 0.831686 seconds.
  path: Assets/SimplePixelUI/artwork/halfcustomizible/square
  artifactKey: Guid(e3d467676138ba445b3dd64415602d0f) Importer(815301076,1909f56bfc062723c751e8b465ee728b)
Start importing Assets/SimplePixelUI/artwork/halfcustomizible/square using Guid(e3d467676138ba445b3dd64415602d0f) Importer(815301076,1909f56bfc062723c751e8b465ee728b)  -> (artifact id: '1b33d6edc687b76154e97c5ebfd044fe') in 0.004607 seconds
  Import took 0.009513 seconds .

========================================================================
Received Import Request.
  Time since last request: 1.530450 seconds.
  path: Assets/SimplePixelUI/artwork/halfcustomizible/square/Buttons
  artifactKey: Guid(a5ddfb1c3a7b24a4b96f71bbc0ccc067) Importer(815301076,1909f56bfc062723c751e8b465ee728b)
Start importing Assets/SimplePixelUI/artwork/halfcustomizible/square/Buttons using Guid(a5ddfb1c3a7b24a4b96f71bbc0ccc067) Importer(815301076,1909f56bfc062723c751e8b465ee728b)  -> (artifact id: 'e421c1b4446361526f5391009b9f9dcb') in 0.004039 seconds
  Import took 0.009802 seconds .

========================================================================
Received Import Request.
  Time since last request: 1.872511 seconds.
  path: Assets/SimplePixelUI/artwork/icons
  artifactKey: Guid(235e3d33a6b406b489b4b3abb63fa270) Importer(815301076,1909f56bfc062723c751e8b465ee728b)
Start importing Assets/SimplePixelUI/artwork/icons using Guid(235e3d33a6b406b489b4b3abb63fa270) Importer(815301076,1909f56bfc062723c751e8b465ee728b)  -> (artifact id: '985856ae89904721a0f357097c7a48ae') in 0.011660 seconds
  Import took 0.016619 seconds .

========================================================================
Received Import Request.
  Time since last request: 0.745970 seconds.
  path: Assets/SimplePixelUI/artwork/icons/icons_color_customizible.png
  artifactKey: Guid(2a01691a87fedbe4aa6de6f1c0c0f3d4) Importer(815301076,1909f56bfc062723c751e8b465ee728b)
Start importing Assets/SimplePixelUI/artwork/icons/icons_color_customizible.png using Guid(2a01691a87fedbe4aa6de6f1c0c0f3d4) Importer(815301076,1909f56bfc062723c751e8b465ee728b)  -> (artifact id: '97b58b668313e69dd40d2d1abe0bf94f') in 0.092652 seconds
  Import took 0.096847 seconds .

========================================================================
Received Prepare
Registering precompiled user dll's ...
Registered in 0.001553 seconds.
Begin MonoManager ReloadAssembly
Native extension for WindowsStandalone target not found
Refreshing native plugins compatible for Editor in 0.63 ms, found 1 plugins.
Preloading 0 native plugins for Editor in 0.00 ms.
Invoked RoslynAnalysisRunner static constructor.
RoslynAnalysisRunner will not be running.
RoslynAnalysisRunner has terminated.
Mono: successfully reloaded assembly
- Completed reload, in  1.266 seconds
Platform modules already initialized, skipping
Refreshing native plugins compatible for Editor in 0.88 ms, found 1 plugins.
Preloading 0 native plugins for Editor in 0.00 ms.
Unloading 1809 Unused Serialized files (Serialized files now loaded: 0)
System memory in use before: 163.5 MB.
System memory in use after: 163.5 MB.

Unloading 11 unused Assets to reduce memory usage. Loaded Objects now: 2300.
Total: 2.967400 ms (FindLiveObjects: 0.195100 ms CreateObjectMapping: 0.077000 ms MarkObjects: 2.472100 ms  DeleteObjects: 0.219900 ms)

========================================================================
Received Prepare
Registering precompiled user dll's ...
Registered in 0.002129 seconds.
Begin MonoManager ReloadAssembly
Native extension for WindowsStandalone target not found
Refreshing native plugins compatible for Editor in 0.55 ms, found 1 plugins.
Preloading 0 native plugins for Editor in 0.00 ms.
Invoked RoslynAnalysisRunner static constructor.
RoslynAnalysisRunner will not be running.
RoslynAnalysisRunner has terminated.
Mono: successfully reloaded assembly
- Completed reload, in  1.331 seconds
Platform modules already initialized, skipping
Refreshing native plugins compatible for Editor in 0.58 ms, found 1 plugins.
Preloading 0 native plugins for Editor in 0.00 ms.
Unloading 1810 Unused Serialized files (Serialized files now loaded: 0)
System memory in use before: 162.7 MB.
System memory in use after: 162.7 MB.

Unloading 11 unused Assets to reduce memory usage. Loaded Objects now: 2303.
Total: 2.352100 ms (FindLiveObjects: 0.234700 ms CreateObjectMapping: 0.090600 ms MarkObjects: 1.932700 ms  DeleteObjects: 0.092800 ms)

========================================================================
Received Prepare
Registering precompiled user dll's ...
Registered in 0.001271 seconds.
Begin MonoManager ReloadAssembly
Native extension for WindowsStandalone target not found
Refreshing native plugins compatible for Editor in 0.51 ms, found 1 plugins.
Preloading 0 native plugins for Editor in 0.00 ms.
Invoked RoslynAnalysisRunner static constructor.
RoslynAnalysisRunner will not be running.
RoslynAnalysisRunner has terminated.
Mono: successfully reloaded assembly
- Completed reload, in  1.263 seconds
Platform modules already initialized, skipping
Refreshing native plugins compatible for Editor in 0.73 ms, found 1 plugins.
Preloading 0 native plugins for Editor in 0.00 ms.
Unloading 1810 Unused Serialized files (Serialized files now loaded: 0)
System memory in use before: 162.9 MB.
System memory in use after: 162.9 MB.

Unloading 11 unused Assets to reduce memory usage. Loaded Objects now: 2306.
Total: 2.878900 ms (FindLiveObjects: 0.249300 ms CreateObjectMapping: 0.101500 ms MarkObjects: 2.413300 ms  DeleteObjects: 0.113400 ms)

========================================================================
Received Prepare
Registering precompiled user dll's ...
Registered in 0.001358 seconds.
Begin MonoManager ReloadAssembly
Native extension for WindowsStandalone target not found
Refreshing native plugins compatible for Editor in 0.62 ms, found 1 plugins.
Preloading 0 native plugins for Editor in 0.00 ms.
Invoked RoslynAnalysisRunner static constructor.
RoslynAnalysisRunner will not be running.
RoslynAnalysisRunner has terminated.
Mono: successfully reloaded assembly
- Completed reload, in  1.432 seconds
Platform modules already initialized, skipping
Refreshing native plugins compatible for Editor in 0.48 ms, found 1 plugins.
Preloading 0 native plugins for Editor in 0.00 ms.
Unloading 1810 Unused Serialized files (Serialized files now loaded: 0)
System memory in use before: 163.1 MB.
System memory in use after: 163.2 MB.

Unloading 11 unused Assets to reduce memory usage. Loaded Objects now: 2309.
Total: 3.371700 ms (FindLiveObjects: 1.003800 ms CreateObjectMapping: 0.142800 ms MarkObjects: 2.124200 ms  DeleteObjects: 0.098500 ms)

========================================================================
Received Prepare
Registering precompiled user dll's ...
Registered in 0.018946 seconds.
Begin MonoManager ReloadAssembly
Native extension for WindowsStandalone target not found
Refreshing native plugins compatible for Editor in 0.60 ms, found 1 plugins.
Preloading 0 native plugins for Editor in 0.00 ms.
Invoked RoslynAnalysisRunner static constructor.
RoslynAnalysisRunner will not be running.
RoslynAnalysisRunner has terminated.
Mono: successfully reloaded assembly
- Completed reload, in  1.249 seconds
Platform modules already initialized, skipping
Refreshing native plugins compatible for Editor in 0.51 ms, found 1 plugins.
Preloading 0 native plugins for Editor in 0.00 ms.
Unloading 1810 Unused Serialized files (Serialized files now loaded: 0)
System memory in use before: 163.3 MB.
System memory in use after: 163.4 MB.

Unloading 11 unused Assets to reduce memory usage. Loaded Objects now: 2312.
Total: 3.665700 ms (FindLiveObjects: 0.301500 ms CreateObjectMapping: 0.236500 ms MarkObjects: 2.928600 ms  DeleteObjects: 0.197600 ms)

========================================================================
Received Prepare
Registering precompiled user dll's ...
Registered in 0.001181 seconds.
Begin MonoManager ReloadAssembly
Native extension for WindowsStandalone target not found
Refreshing native plugins compatible for Editor in 0.46 ms, found 1 plugins.
Preloading 0 native plugins for Editor in 0.00 ms.
Invoked RoslynAnalysisRunner static constructor.
RoslynAnalysisRunner will not be running.
RoslynAnalysisRunner has terminated.
Mono: successfully reloaded assembly
- Completed reload, in  3.603 seconds
Platform modules already initialized, skipping
Refreshing native plugins compatible for Editor in 0.50 ms, found 1 plugins.
Preloading 0 native plugins for Editor in 0.00 ms.
Unloading 1810 Unused Serialized files (Serialized files now loaded: 0)
System memory in use before: 163.5 MB.
System memory in use after: 163.5 MB.

Unloading 11 unused Assets to reduce memory usage. Loaded Objects now: 2315.
Total: 12.127500 ms (FindLiveObjects: 9.485800 ms CreateObjectMapping: 0.187500 ms MarkObjects: 2.342100 ms  DeleteObjects: 0.110600 ms)

========================================================================
Received Prepare
Registering precompiled user dll's ...
Registered in 0.001367 seconds.
Begin MonoManager ReloadAssembly
Native extension for WindowsStandalone target not found
Refreshing native plugins compatible for Editor in 0.49 ms, found 1 plugins.
Preloading 0 native plugins for Editor in 0.00 ms.
Invoked RoslynAnalysisRunner static constructor.
RoslynAnalysisRunner will not be running.
RoslynAnalysisRunner has terminated.
Mono: successfully reloaded assembly
- Completed reload, in  1.522 seconds
Platform modules already initialized, skipping
Refreshing native plugins compatible for Editor in 0.61 ms, found 1 plugins.
Preloading 0 native plugins for Editor in 0.00 ms.
Unloading 1810 Unused Serialized files (Serialized files now loaded: 0)
System memory in use before: 162.8 MB.
System memory in use after: 162.8 MB.

Unloading 11 unused Assets to reduce memory usage. Loaded Objects now: 2318.
Total: 2.623000 ms (FindLiveObjects: 0.273800 ms CreateObjectMapping: 0.099200 ms MarkObjects: 2.142300 ms  DeleteObjects: 0.105700 ms)

AssetImportWorkerClient::OnTransportError - code=2 error=End of file
