Using pre-set license
Built from '2020.2/release' branch; Version is '2020.2.0f1 (3721df5a8b28) revision 3613151'; Using compiler version '192528614'; Build Type 'Release'
OS: 'Windows 10  (10.0.0) 64bit' Language: 'ko' Physical Memory: 8075 MB
BatchMode: 1, IsHumanControllingUs: 0, StartBugReporterOnCrash: 0, Is64bit: 1, IsPro: 0

 COMMAND LINE ARGUMENTS:
D:\Unity\2020.2.0f1\Editor\Unity.exe
-adb2
-batchMode
-noUpm
-name
AssetImportWorker1
-projectPath
D:/Unity Projects/My Clicker Game
-logFile
Logs/AssetImportWorker1.log
-srvPort
60166
Successfully changed project path to: D:/Unity Projects/My Clicker Game
D:/Unity Projects/My Clicker Game
Using Asset Import Pipeline V2.
Refreshing native plugins compatible for Editor in 70.47 ms, found 1 plugins.
Preloading 0 native plugins for Editor in 0.00 ms.
Initialize engine version: 2020.2.0f1 (3721df5a8b28)
[Subsystems] Discovering subsystems at path D:/Unity/2020.2.0f1/Editor/Data/Resources/UnitySubsystems
[Subsystems] Discovering subsystems at path D:/Unity Projects/My Clicker Game/Assets
GfxDevice: creating device client; threaded=0
Direct3D:
    Version:  Direct3D 11.0 [level 11.0]
    Renderer: NVIDIA GeForce GTX 950M (ID=0x139a)
    Vendor:   
    VRAM:     2010 MB
    Driver:   27.21.14.6140
Initialize mono
Mono path[0] = 'D:/Unity/2020.2.0f1/Editor/Data/Managed'
Mono path[1] = 'D:/Unity/2020.2.0f1/Editor/Data/MonoBleedingEdge/lib/mono/unityjit'
Mono config path = 'D:/Unity/2020.2.0f1/Editor/Data/MonoBleedingEdge/etc'
Using monoOptions --debugger-agent=transport=dt_socket,embedding=1,server=y,suspend=n,address=127.0.0.1:56468
Begin MonoManager ReloadAssembly
Registering precompiled unity dll's ...
Register platform support module: D:/Unity/2020.2.0f1/Editor/Data/PlaybackEngines/WindowsStandaloneSupport/UnityEditor.WindowsStandalone.Extensions.dll
Registered in 0.002659 seconds.
Native extension for WindowsStandalone target not found
Refreshing native plugins compatible for Editor in 69.09 ms, found 1 plugins.
Preloading 0 native plugins for Editor in 0.00 ms.
Invoked RoslynAnalysisRunner static constructor.
RoslynAnalysisRunner will not be running.
RoslynAnalysisRunner has terminated.
Mono: successfully reloaded assembly
- Completed reload, in  3.265 seconds
Platform modules already initialized, skipping
Registering precompiled user dll's ...
Registered in 0.001482 seconds.
Begin MonoManager ReloadAssembly
Native extension for WindowsStandalone target not found
Refreshing native plugins compatible for Editor in 72.69 ms, found 1 plugins.
Preloading 0 native plugins for Editor in 0.00 ms.
Invoked RoslynAnalysisRunner static constructor.
RoslynAnalysisRunner will not be running.
RoslynAnalysisRunner has terminated.
Mono: successfully reloaded assembly
- Completed reload, in  1.934 seconds
Platform modules already initialized, skipping
========================================================================
Worker process is ready to serve import requests
Launched and connected shader compiler UnityShaderCompiler.exe after 0.28 seconds
Refreshing native plugins compatible for Editor in 0.46 ms, found 1 plugins.
Preloading 0 native plugins for Editor in 0.00 ms.
Unloading 1813 Unused Serialized files (Serialized files now loaded: 0)
System memory in use before: 158.4 MB.
System memory in use after: 158.4 MB.

Unloading 22 unused Assets to reduce memory usage. Loaded Objects now: 2263.
Total: 3.046300 ms (FindLiveObjects: 0.246000 ms CreateObjectMapping: 0.110600 ms MarkObjects: 2.581400 ms  DeleteObjects: 0.105900 ms)

========================================================================
Received Import Request.
  path: Assets/Scripts/PlayerAnimation.cs
  artifactKey: Guid(3b2c0e496e9a8a44a891589579efe06f) Importer(815301076,1909f56bfc062723c751e8b465ee728b)
Start importing Assets/Scripts/PlayerAnimation.cs using Guid(3b2c0e496e9a8a44a891589579efe06f) Importer(815301076,1909f56bfc062723c751e8b465ee728b)  -> (artifact id: '0af3f36e28f4a565d2de389e481ed620') in 0.164969 seconds
  Import took 0.169371 seconds .

========================================================================
Received Import Request.
  Time since last request: 2.219538 seconds.
  path: Assets/Scripts/PlayerAnimation.cs
  artifactKey: Guid(3b2c0e496e9a8a44a891589579efe06f) Importer(815301076,1909f56bfc062723c751e8b465ee728b)
Start importing Assets/Scripts/PlayerAnimation.cs using Guid(3b2c0e496e9a8a44a891589579efe06f) Importer(815301076,1909f56bfc062723c751e8b465ee728b)  -> (artifact id: 'ec2afe9ad8d21b953241ced8a3ee85b5') in 0.030743 seconds
  Import took 0.066819 seconds .

========================================================================
Received Prepare
Registering precompiled user dll's ...
Registered in 0.002212 seconds.
Begin MonoManager ReloadAssembly
Native extension for WindowsStandalone target not found
Refreshing native plugins compatible for Editor in 0.46 ms, found 1 plugins.
Preloading 0 native plugins for Editor in 0.00 ms.
Invoked RoslynAnalysisRunner static constructor.
RoslynAnalysisRunner will not be running.
RoslynAnalysisRunner has terminated.
Mono: successfully reloaded assembly
- Completed reload, in  1.390 seconds
Platform modules already initialized, skipping
Refreshing native plugins compatible for Editor in 0.47 ms, found 1 plugins.
Preloading 0 native plugins for Editor in 0.00 ms.
Unloading 1809 Unused Serialized files (Serialized files now loaded: 0)
System memory in use before: 158.6 MB.
System memory in use after: 158.7 MB.

Unloading 11 unused Assets to reduce memory usage. Loaded Objects now: 2266.
Total: 3.884700 ms (FindLiveObjects: 0.430000 ms CreateObjectMapping: 0.484300 ms MarkObjects: 2.838500 ms  DeleteObjects: 0.111200 ms)

========================================================================
Received Prepare
Registering precompiled user dll's ...
Registered in 0.002969 seconds.
Begin MonoManager ReloadAssembly
Native extension for WindowsStandalone target not found
Refreshing native plugins compatible for Editor in 0.93 ms, found 1 plugins.
Preloading 0 native plugins for Editor in 0.00 ms.
Invoked RoslynAnalysisRunner static constructor.
RoslynAnalysisRunner will not be running.
RoslynAnalysisRunner has terminated.
Mono: successfully reloaded assembly
- Completed reload, in  1.376 seconds
Platform modules already initialized, skipping
Refreshing native plugins compatible for Editor in 0.45 ms, found 1 plugins.
Preloading 0 native plugins for Editor in 0.00 ms.
Unloading 1810 Unused Serialized files (Serialized files now loaded: 0)
System memory in use before: 158.9 MB.
System memory in use after: 158.9 MB.

Unloading 11 unused Assets to reduce memory usage. Loaded Objects now: 2269.
Total: 3.259500 ms (FindLiveObjects: 0.252200 ms CreateObjectMapping: 0.094000 ms MarkObjects: 2.811800 ms  DeleteObjects: 0.100000 ms)

========================================================================
Received Import Request.
  Time since last request: 53.083788 seconds.
  path: Assets/Scripts/PlayerAnimation.cs
  artifactKey: Guid(3b2c0e496e9a8a44a891589579efe06f) Importer(815301076,1909f56bfc062723c751e8b465ee728b)
Start importing Assets/Scripts/PlayerAnimation.cs using Guid(3b2c0e496e9a8a44a891589579efe06f) Importer(815301076,1909f56bfc062723c751e8b465ee728b)  -> (artifact id: '078ba448afbd663b85084619ba1ebc88') in 0.016471 seconds
  Import took 0.020342 seconds .

========================================================================
Received Import Request.
  Time since last request: 0.039661 seconds.
  path: Assets/Scripts/PlayerAnimation.cs
  artifactKey: Guid(3b2c0e496e9a8a44a891589579efe06f) Importer(815301076,1909f56bfc062723c751e8b465ee728b)
Start importing Assets/Scripts/PlayerAnimation.cs using Guid(3b2c0e496e9a8a44a891589579efe06f) Importer(815301076,1909f56bfc062723c751e8b465ee728b)  -> (artifact id: '078ba448afbd663b85084619ba1ebc88') in 0.008285 seconds
  Import took 0.018480 seconds .

========================================================================
Received Prepare
Registering precompiled user dll's ...
Registered in 0.001379 seconds.
Begin MonoManager ReloadAssembly
Native extension for WindowsStandalone target not found
Refreshing native plugins compatible for Editor in 1.28 ms, found 1 plugins.
Preloading 0 native plugins for Editor in 0.00 ms.
Invoked RoslynAnalysisRunner static constructor.
RoslynAnalysisRunner will not be running.
RoslynAnalysisRunner has terminated.
Mono: successfully reloaded assembly
- Completed reload, in  1.515 seconds
Platform modules already initialized, skipping
Refreshing native plugins compatible for Editor in 0.43 ms, found 1 plugins.
Preloading 0 native plugins for Editor in 0.00 ms.
Unloading 1810 Unused Serialized files (Serialized files now loaded: 0)
System memory in use before: 159.1 MB.
System memory in use after: 159.1 MB.

Unloading 11 unused Assets to reduce memory usage. Loaded Objects now: 2272.
Total: 3.677400 ms (FindLiveObjects: 0.217300 ms CreateObjectMapping: 0.098700 ms MarkObjects: 3.238400 ms  DeleteObjects: 0.121100 ms)

========================================================================
Received Prepare
Registering precompiled user dll's ...
Registered in 0.002481 seconds.
Begin MonoManager ReloadAssembly
Native extension for WindowsStandalone target not found
Refreshing native plugins compatible for Editor in 0.76 ms, found 1 plugins.
Preloading 0 native plugins for Editor in 0.00 ms.
Invoked RoslynAnalysisRunner static constructor.
RoslynAnalysisRunner will not be running.
RoslynAnalysisRunner has terminated.
Mono: successfully reloaded assembly
- Completed reload, in  1.404 seconds
Platform modules already initialized, skipping
Refreshing native plugins compatible for Editor in 0.44 ms, found 1 plugins.
Preloading 0 native plugins for Editor in 0.00 ms.
Unloading 1810 Unused Serialized files (Serialized files now loaded: 0)
System memory in use before: 159.3 MB.
System memory in use after: 159.4 MB.

Unloading 11 unused Assets to reduce memory usage. Loaded Objects now: 2275.
Total: 3.353100 ms (FindLiveObjects: 0.240200 ms CreateObjectMapping: 0.298700 ms MarkObjects: 2.669100 ms  DeleteObjects: 0.143000 ms)

========================================================================
Received Prepare
Registering precompiled user dll's ...
Registered in 0.001252 seconds.
Begin MonoManager ReloadAssembly
Native extension for WindowsStandalone target not found
Refreshing native plugins compatible for Editor in 0.47 ms, found 1 plugins.
Preloading 0 native plugins for Editor in 0.00 ms.
Invoked RoslynAnalysisRunner static constructor.
RoslynAnalysisRunner will not be running.
RoslynAnalysisRunner has terminated.
Mono: successfully reloaded assembly
- Completed reload, in  1.343 seconds
Platform modules already initialized, skipping
Refreshing native plugins compatible for Editor in 0.50 ms, found 1 plugins.
Preloading 0 native plugins for Editor in 0.00 ms.
Unloading 1810 Unused Serialized files (Serialized files now loaded: 0)
System memory in use before: 159.4 MB.
System memory in use after: 159.4 MB.

Unloading 11 unused Assets to reduce memory usage. Loaded Objects now: 2278.
Total: 2.549600 ms (FindLiveObjects: 0.236600 ms CreateObjectMapping: 0.095300 ms MarkObjects: 2.117300 ms  DeleteObjects: 0.099000 ms)

========================================================================
Received Import Request.
  Time since last request: 125.725837 seconds.
  path: Assets/Resources/Controlers/N_Player.controller
  artifactKey: Guid(935520d44d535e247a4306ce87481502) Importer(815301076,1909f56bfc062723c751e8b465ee728b)
Start importing Assets/Resources/Controlers/N_Player.controller using Guid(935520d44d535e247a4306ce87481502) Importer(815301076,1909f56bfc062723c751e8b465ee728b)  -> (artifact id: '4b3633f161064c95a794b1230403fa80') in 0.163337 seconds
  Import took 0.168626 seconds .

========================================================================
Received Prepare
Registering precompiled user dll's ...
Registered in 0.001526 seconds.
Begin MonoManager ReloadAssembly
Native extension for WindowsStandalone target not found
Refreshing native plugins compatible for Editor in 0.46 ms, found 1 plugins.
Preloading 0 native plugins for Editor in 0.00 ms.
Invoked RoslynAnalysisRunner static constructor.
RoslynAnalysisRunner will not be running.
RoslynAnalysisRunner has terminated.
Mono: successfully reloaded assembly
- Completed reload, in  1.446 seconds
Platform modules already initialized, skipping
Refreshing native plugins compatible for Editor in 0.47 ms, found 1 plugins.
Preloading 0 native plugins for Editor in 0.00 ms.
Unloading 1810 Unused Serialized files (Serialized files now loaded: 0)
System memory in use before: 159.8 MB.
System memory in use after: 159.8 MB.

Unloading 11 unused Assets to reduce memory usage. Loaded Objects now: 2281.
Total: 4.123400 ms (FindLiveObjects: 0.603000 ms CreateObjectMapping: 0.131800 ms MarkObjects: 3.260800 ms  DeleteObjects: 0.125300 ms)

========================================================================
Received Prepare
Registering precompiled user dll's ...
Registered in 0.001124 seconds.
Begin MonoManager ReloadAssembly
Native extension for WindowsStandalone target not found
Refreshing native plugins compatible for Editor in 0.68 ms, found 1 plugins.
Preloading 0 native plugins for Editor in 0.00 ms.
Invoked RoslynAnalysisRunner static constructor.
RoslynAnalysisRunner will not be running.
RoslynAnalysisRunner has terminated.
Mono: successfully reloaded assembly
- Completed reload, in  1.349 seconds
Platform modules already initialized, skipping
Refreshing native plugins compatible for Editor in 0.45 ms, found 1 plugins.
Preloading 0 native plugins for Editor in 0.00 ms.
Unloading 1810 Unused Serialized files (Serialized files now loaded: 0)
System memory in use before: 160.0 MB.
System memory in use after: 160.0 MB.

Unloading 11 unused Assets to reduce memory usage. Loaded Objects now: 2284.
Total: 2.421000 ms (FindLiveObjects: 0.228900 ms CreateObjectMapping: 0.126100 ms MarkObjects: 1.963300 ms  DeleteObjects: 0.100900 ms)

========================================================================
Received Prepare
Registering precompiled user dll's ...
Registered in 0.002095 seconds.
Begin MonoManager ReloadAssembly
Native extension for WindowsStandalone target not found
Refreshing native plugins compatible for Editor in 0.81 ms, found 1 plugins.
Preloading 0 native plugins for Editor in 0.00 ms.
Invoked RoslynAnalysisRunner static constructor.
RoslynAnalysisRunner will not be running.
RoslynAnalysisRunner has terminated.
Mono: successfully reloaded assembly
- Completed reload, in  1.387 seconds
Platform modules already initialized, skipping
Refreshing native plugins compatible for Editor in 0.67 ms, found 1 plugins.
Preloading 0 native plugins for Editor in 0.00 ms.
Unloading 1810 Unused Serialized files (Serialized files now loaded: 0)
System memory in use before: 160.2 MB.
System memory in use after: 160.2 MB.

Unloading 11 unused Assets to reduce memory usage. Loaded Objects now: 2287.
Total: 2.357400 ms (FindLiveObjects: 0.235000 ms CreateObjectMapping: 0.084400 ms MarkObjects: 1.947000 ms  DeleteObjects: 0.089700 ms)

========================================================================
Received Prepare
Registering precompiled user dll's ...
Registered in 0.002398 seconds.
Begin MonoManager ReloadAssembly
Native extension for WindowsStandalone target not found
Refreshing native plugins compatible for Editor in 0.53 ms, found 1 plugins.
Preloading 0 native plugins for Editor in 0.00 ms.
Invoked RoslynAnalysisRunner static constructor.
RoslynAnalysisRunner will not be running.
RoslynAnalysisRunner has terminated.
Mono: successfully reloaded assembly
- Completed reload, in  1.461 seconds
Platform modules already initialized, skipping
Refreshing native plugins compatible for Editor in 1.33 ms, found 1 plugins.
Preloading 0 native plugins for Editor in 0.00 ms.
Unloading 1810 Unused Serialized files (Serialized files now loaded: 0)
System memory in use before: 160.4 MB.
System memory in use after: 160.4 MB.

Unloading 11 unused Assets to reduce memory usage. Loaded Objects now: 2290.
Total: 2.422600 ms (FindLiveObjects: 0.258500 ms CreateObjectMapping: 0.102000 ms MarkObjects: 1.956900 ms  DeleteObjects: 0.103300 ms)

========================================================================
Received Prepare
Registering precompiled user dll's ...
Registered in 0.001423 seconds.
Begin MonoManager ReloadAssembly
Native extension for WindowsStandalone target not found
Refreshing native plugins compatible for Editor in 0.56 ms, found 1 plugins.
Preloading 0 native plugins for Editor in 0.00 ms.
Invoked RoslynAnalysisRunner static constructor.
RoslynAnalysisRunner will not be running.
RoslynAnalysisRunner has terminated.
Mono: successfully reloaded assembly
- Completed reload, in  1.698 seconds
Platform modules already initialized, skipping
Refreshing native plugins compatible for Editor in 0.47 ms, found 1 plugins.
Preloading 0 native plugins for Editor in 0.00 ms.
Unloading 1810 Unused Serialized files (Serialized files now loaded: 0)
System memory in use before: 159.7 MB.
System memory in use after: 159.7 MB.

Unloading 11 unused Assets to reduce memory usage. Loaded Objects now: 2293.
Total: 3.946500 ms (FindLiveObjects: 0.231700 ms CreateObjectMapping: 0.088500 ms MarkObjects: 3.504800 ms  DeleteObjects: 0.120200 ms)

========================================================================
Received Prepare
Registering precompiled user dll's ...
Registered in 0.001349 seconds.
Begin MonoManager ReloadAssembly
Native extension for WindowsStandalone target not found
Refreshing native plugins compatible for Editor in 0.67 ms, found 1 plugins.
Preloading 0 native plugins for Editor in 0.00 ms.
Invoked RoslynAnalysisRunner static constructor.
RoslynAnalysisRunner will not be running.
RoslynAnalysisRunner has terminated.
Mono: successfully reloaded assembly
- Completed reload, in  1.485 seconds
Platform modules already initialized, skipping
Refreshing native plugins compatible for Editor in 0.79 ms, found 1 plugins.
Preloading 0 native plugins for Editor in 0.00 ms.
Unloading 1810 Unused Serialized files (Serialized files now loaded: 0)
System memory in use before: 159.9 MB.
System memory in use after: 159.9 MB.

Unloading 11 unused Assets to reduce memory usage. Loaded Objects now: 2296.
Total: 2.545900 ms (FindLiveObjects: 0.284400 ms CreateObjectMapping: 0.167200 ms MarkObjects: 1.990400 ms  DeleteObjects: 0.102200 ms)

========================================================================
Received Import Request.
  Time since last request: 216.637763 seconds.
  path: Assets/Prefabs/Goblin.prefab
  artifactKey: Guid(a0553fb36d878a44d8124b2f2e37e12f) Importer(815301076,1909f56bfc062723c751e8b465ee728b)
Start importing Assets/Prefabs/Goblin.prefab using Guid(a0553fb36d878a44d8124b2f2e37e12f) Importer(815301076,1909f56bfc062723c751e8b465ee728b)  -> (artifact id: '66b2be27c75966d07b7a67c764b4d082') in 0.366378 seconds
  Import took 0.372075 seconds .

========================================================================
Received Import Request.
  Time since last request: 3.496477 seconds.
  path: Assets/Resources/Sprites/Enemy/Flying eye/Flight_0.controller
  artifactKey: Guid(a469fd549edc23b4fa64425b9591905c) Importer(815301076,1909f56bfc062723c751e8b465ee728b)
Start importing Assets/Resources/Sprites/Enemy/Flying eye/Flight_0.controller using Guid(a469fd549edc23b4fa64425b9591905c) Importer(815301076,1909f56bfc062723c751e8b465ee728b)  -> (artifact id: '636fb84d040458f04ceb09da0202dcb3') in 0.032032 seconds
  Import took 0.053239 seconds .

========================================================================
Received Import Request.
  Time since last request: 44.923452 seconds.
  path: Assets/Resources/Sprites/Player/idle2.png
  artifactKey: Guid(d1067449d3c2856459d376aa9478fc1d) Importer(815301076,1909f56bfc062723c751e8b465ee728b)
Start importing Assets/Resources/Sprites/Player/idle2.png using Guid(d1067449d3c2856459d376aa9478fc1d) Importer(815301076,1909f56bfc062723c751e8b465ee728b)  -> (artifact id: 'ca48ab37417b65b4d47fb14766ea5456') in 0.577246 seconds
  Import took 0.589485 seconds .

========================================================================
Received Import Request.
  Time since last request: 0.000672 seconds.
  path: Assets/Resources/Sprites/Player/idle2.png
  artifactKey: Guid(d1067449d3c2856459d376aa9478fc1d) Importer(815301076,1909f56bfc062723c751e8b465ee728b)
Start importing Assets/Resources/Sprites/Player/idle2.png using Guid(d1067449d3c2856459d376aa9478fc1d) Importer(815301076,1909f56bfc062723c751e8b465ee728b)  -> (artifact id: 'ca48ab37417b65b4d47fb14766ea5456') in 0.099987 seconds
  Import took 0.106532 seconds .

========================================================================
Received Import Request.
  Time since last request: 98.058576 seconds.
  path: Assets/Resources/Sprites/Enemy/Flying eye/Flight_0.controller
  artifactKey: Guid(a469fd549edc23b4fa64425b9591905c) Importer(815301076,1909f56bfc062723c751e8b465ee728b)
Start importing Assets/Resources/Sprites/Enemy/Flying eye/Flight_0.controller using Guid(a469fd549edc23b4fa64425b9591905c) Importer(815301076,1909f56bfc062723c751e8b465ee728b)  -> (artifact id: 'd00f99ed981f1f1bb490d6286ae7b94e') in 0.015221 seconds
  Import took 0.022560 seconds .

========================================================================
Received Prepare
Registering precompiled user dll's ...
Registered in 0.001671 seconds.
Begin MonoManager ReloadAssembly
Native extension for WindowsStandalone target not found
Refreshing native plugins compatible for Editor in 0.43 ms, found 1 plugins.
Preloading 0 native plugins for Editor in 0.00 ms.
Invoked RoslynAnalysisRunner static constructor.
RoslynAnalysisRunner will not be running.
RoslynAnalysisRunner has terminated.
Mono: successfully reloaded assembly
- Completed reload, in  1.523 seconds
Platform modules already initialized, skipping
Refreshing native plugins compatible for Editor in 0.46 ms, found 1 plugins.
Preloading 0 native plugins for Editor in 0.00 ms.
Unloading 1810 Unused Serialized files (Serialized files now loaded: 0)
System memory in use before: 163.2 MB.
System memory in use after: 163.2 MB.

Unloading 11 unused Assets to reduce memory usage. Loaded Objects now: 2308.
Total: 3.361400 ms (FindLiveObjects: 0.235900 ms CreateObjectMapping: 0.098900 ms MarkObjects: 2.897800 ms  DeleteObjects: 0.113100 ms)

========================================================================
Received Prepare
Registering precompiled user dll's ...
Registered in 0.001340 seconds.
Begin MonoManager ReloadAssembly
Native extension for WindowsStandalone target not found
Refreshing native plugins compatible for Editor in 0.53 ms, found 1 plugins.
Preloading 0 native plugins for Editor in 0.00 ms.
Invoked RoslynAnalysisRunner static constructor.
RoslynAnalysisRunner will not be running.
RoslynAnalysisRunner has terminated.
Mono: successfully reloaded assembly
- Completed reload, in  1.610 seconds
Platform modules already initialized, skipping
Refreshing native plugins compatible for Editor in 0.47 ms, found 1 plugins.
Preloading 0 native plugins for Editor in 0.00 ms.
Unloading 1810 Unused Serialized files (Serialized files now loaded: 0)
System memory in use before: 163.4 MB.
System memory in use after: 163.4 MB.

Unloading 11 unused Assets to reduce memory usage. Loaded Objects now: 2311.
Total: 4.238300 ms (FindLiveObjects: 0.311000 ms CreateObjectMapping: 0.104200 ms MarkObjects: 3.706800 ms  DeleteObjects: 0.114200 ms)

========================================================================
Received Prepare
Registering precompiled user dll's ...
Registered in 0.001236 seconds.
Begin MonoManager ReloadAssembly
Native extension for WindowsStandalone target not found
Refreshing native plugins compatible for Editor in 1.81 ms, found 1 plugins.
Preloading 0 native plugins for Editor in 0.00 ms.
Invoked RoslynAnalysisRunner static constructor.
RoslynAnalysisRunner will not be running.
RoslynAnalysisRunner has terminated.
Mono: successfully reloaded assembly
- Completed reload, in  1.543 seconds
Platform modules already initialized, skipping
Refreshing native plugins compatible for Editor in 0.43 ms, found 1 plugins.
Preloading 0 native plugins for Editor in 0.00 ms.
Unloading 1810 Unused Serialized files (Serialized files now loaded: 0)
System memory in use before: 163.5 MB.
System memory in use after: 163.6 MB.

Unloading 11 unused Assets to reduce memory usage. Loaded Objects now: 2314.
Total: 3.220500 ms (FindLiveObjects: 0.350700 ms CreateObjectMapping: 0.237700 ms MarkObjects: 2.525000 ms  DeleteObjects: 0.105200 ms)

========================================================================
Received Prepare
Registering precompiled user dll's ...
Registered in 0.001241 seconds.
Begin MonoManager ReloadAssembly
Native extension for WindowsStandalone target not found
Refreshing native plugins compatible for Editor in 0.44 ms, found 1 plugins.
Preloading 0 native plugins for Editor in 0.00 ms.
Invoked RoslynAnalysisRunner static constructor.
RoslynAnalysisRunner will not be running.
RoslynAnalysisRunner has terminated.
Mono: successfully reloaded assembly
- Completed reload, in  1.408 seconds
Platform modules already initialized, skipping
Refreshing native plugins compatible for Editor in 0.52 ms, found 1 plugins.
Preloading 0 native plugins for Editor in 0.00 ms.
Unloading 1810 Unused Serialized files (Serialized files now loaded: 0)
System memory in use before: 162.8 MB.
System memory in use after: 162.9 MB.

Unloading 11 unused Assets to reduce memory usage. Loaded Objects now: 2317.
Total: 3.644400 ms (FindLiveObjects: 1.120800 ms CreateObjectMapping: 0.142500 ms MarkObjects: 2.158200 ms  DeleteObjects: 0.196200 ms)

========================================================================
Received Prepare
Registering precompiled user dll's ...
Registered in 0.001343 seconds.
Begin MonoManager ReloadAssembly
Native extension for WindowsStandalone target not found
Refreshing native plugins compatible for Editor in 0.48 ms, found 1 plugins.
Preloading 0 native plugins for Editor in 0.00 ms.
Invoked RoslynAnalysisRunner static constructor.
RoslynAnalysisRunner will not be running.
RoslynAnalysisRunner has terminated.
Mono: successfully reloaded assembly
- Completed reload, in  1.215 seconds
Platform modules already initialized, skipping
Refreshing native plugins compatible for Editor in 0.47 ms, found 1 plugins.
Preloading 0 native plugins for Editor in 0.00 ms.
Unloading 1810 Unused Serialized files (Serialized files now loaded: 0)
System memory in use before: 163.1 MB.
System memory in use after: 163.1 MB.

Unloading 11 unused Assets to reduce memory usage. Loaded Objects now: 2320.
Total: 2.427700 ms (FindLiveObjects: 0.244400 ms CreateObjectMapping: 0.092100 ms MarkObjects: 1.966300 ms  DeleteObjects: 0.123800 ms)

========================================================================
Received Prepare
Registering precompiled user dll's ...
Registered in 0.001152 seconds.
Begin MonoManager ReloadAssembly
Native extension for WindowsStandalone target not found
Refreshing native plugins compatible for Editor in 0.42 ms, found 1 plugins.
Preloading 0 native plugins for Editor in 0.00 ms.
Invoked RoslynAnalysisRunner static constructor.
RoslynAnalysisRunner will not be running.
RoslynAnalysisRunner has terminated.
Mono: successfully reloaded assembly
- Completed reload, in  1.209 seconds
Platform modules already initialized, skipping
Refreshing native plugins compatible for Editor in 0.61 ms, found 1 plugins.
Preloading 0 native plugins for Editor in 0.00 ms.
Unloading 1810 Unused Serialized files (Serialized files now loaded: 0)
System memory in use before: 163.3 MB.
System memory in use after: 163.3 MB.

Unloading 11 unused Assets to reduce memory usage. Loaded Objects now: 2323.
Total: 4.764800 ms (FindLiveObjects: 0.258500 ms CreateObjectMapping: 0.109100 ms MarkObjects: 3.623800 ms  DeleteObjects: 0.770800 ms)

========================================================================
Received Prepare
Registering precompiled user dll's ...
Registered in 0.002060 seconds.
Begin MonoManager ReloadAssembly
Native extension for WindowsStandalone target not found
Refreshing native plugins compatible for Editor in 0.62 ms, found 1 plugins.
Preloading 0 native plugins for Editor in 0.00 ms.
Invoked RoslynAnalysisRunner static constructor.
RoslynAnalysisRunner will not be running.
RoslynAnalysisRunner has terminated.
Mono: successfully reloaded assembly
- Completed reload, in  1.204 seconds
Platform modules already initialized, skipping
Refreshing native plugins compatible for Editor in 0.60 ms, found 1 plugins.
Preloading 0 native plugins for Editor in 0.00 ms.
Unloading 1810 Unused Serialized files (Serialized files now loaded: 0)
System memory in use before: 163.5 MB.
System memory in use after: 163.5 MB.

Unloading 11 unused Assets to reduce memory usage. Loaded Objects now: 2326.
Total: 2.638500 ms (FindLiveObjects: 0.267900 ms CreateObjectMapping: 0.089900 ms MarkObjects: 2.172200 ms  DeleteObjects: 0.107200 ms)

========================================================================
Received Prepare
Registering precompiled user dll's ...
Registered in 0.001250 seconds.
Begin MonoManager ReloadAssembly
Native extension for WindowsStandalone target not found
Refreshing native plugins compatible for Editor in 0.46 ms, found 1 plugins.
Preloading 0 native plugins for Editor in 0.00 ms.
Invoked RoslynAnalysisRunner static constructor.
RoslynAnalysisRunner will not be running.
RoslynAnalysisRunner has terminated.
Mono: successfully reloaded assembly
- Completed reload, in  1.318 seconds
Platform modules already initialized, skipping
Refreshing native plugins compatible for Editor in 0.49 ms, found 1 plugins.
Preloading 0 native plugins for Editor in 0.00 ms.
Unloading 1810 Unused Serialized files (Serialized files now loaded: 0)
System memory in use before: 163.6 MB.
System memory in use after: 163.6 MB.

Unloading 11 unused Assets to reduce memory usage. Loaded Objects now: 2329.
Total: 3.094200 ms (FindLiveObjects: 0.435000 ms CreateObjectMapping: 0.112000 ms MarkObjects: 2.332300 ms  DeleteObjects: 0.213300 ms)

========================================================================
Received Import Request.
  Time since last request: 2672.439724 seconds.
  path: Assets/Resources/Sprites/Enemy/Mushroom/Idle_0 (1).controller
  artifactKey: Guid(f9d20ea479e10894aaca7981a471824e) Importer(815301076,1909f56bfc062723c751e8b465ee728b)
Start importing Assets/Resources/Sprites/Enemy/Mushroom/Idle_0 (1).controller using Guid(f9d20ea479e10894aaca7981a471824e) Importer(815301076,1909f56bfc062723c751e8b465ee728b)  -> (artifact id: '8b1d7ac6f1cdd63c723a9a3a997f589a') in 0.065355 seconds
  Import took 0.070197 seconds .

========================================================================
Received Import Request.
  Time since last request: 45.904349 seconds.
  path: Assets/Resources/Sprites/Enemy/Goblin/Idle_0.controller
  artifactKey: Guid(4831f8a177366134093db63879b83636) Importer(815301076,1909f56bfc062723c751e8b465ee728b)
Start importing Assets/Resources/Sprites/Enemy/Goblin/Idle_0.controller using Guid(4831f8a177366134093db63879b83636) Importer(815301076,1909f56bfc062723c751e8b465ee728b)  -> (artifact id: '32f45bf4ae7f710cdab15192c3e4b780') in 0.020644 seconds
  Import took 0.029017 seconds .

========================================================================
Received Import Request.
  Time since last request: 0.837323 seconds.
  path: Assets/Resources/Sprites/Enemy/Goblin/Goblin.anim
  artifactKey: Guid(d7d648d91295cfd49804b3c5e62f5ddf) Importer(815301076,1909f56bfc062723c751e8b465ee728b)
Start importing Assets/Resources/Sprites/Enemy/Goblin/Goblin.anim using Guid(d7d648d91295cfd49804b3c5e62f5ddf) Importer(815301076,1909f56bfc062723c751e8b465ee728b)  -> (artifact id: '79f7568729240bfebc5b03994d6c97eb') in 0.028133 seconds
  Import took 0.033696 seconds .

========================================================================
Received Import Request.
  Time since last request: 0.000639 seconds.
  path: Assets/Resources/Sprites/Enemy/Goblin/Goblin.anim
  artifactKey: Guid(d7d648d91295cfd49804b3c5e62f5ddf) Importer(815301076,1909f56bfc062723c751e8b465ee728b)
Start importing Assets/Resources/Sprites/Enemy/Goblin/Goblin.anim using Guid(d7d648d91295cfd49804b3c5e62f5ddf) Importer(815301076,1909f56bfc062723c751e8b465ee728b)  -> (artifact id: '79f7568729240bfebc5b03994d6c97eb') in 0.012419 seconds
  Import took 0.019055 seconds .

========================================================================
Received Import Request.
  Time since last request: 51.260908 seconds.
  path: Assets/Resources/Sprites/Enemy/Goblin/Idle_0.controller
  artifactKey: Guid(4831f8a177366134093db63879b83636) Importer(815301076,1909f56bfc062723c751e8b465ee728b)
Start importing Assets/Resources/Sprites/Enemy/Goblin/Idle_0.controller using Guid(4831f8a177366134093db63879b83636) Importer(815301076,1909f56bfc062723c751e8b465ee728b)  -> (artifact id: 'a8214691e3b1d4beaa98c719d9e8245c') in 0.017858 seconds
  Import took 0.022661 seconds .

========================================================================
Received Import Request.
  Time since last request: 224.454905 seconds.
  path: Assets/Resources/Sprites/Enemy/Mushroom/Idle_0 (1).controller
  artifactKey: Guid(f9d20ea479e10894aaca7981a471824e) Importer(815301076,1909f56bfc062723c751e8b465ee728b)
Start importing Assets/Resources/Sprites/Enemy/Mushroom/Idle_0 (1).controller using Guid(f9d20ea479e10894aaca7981a471824e) Importer(815301076,1909f56bfc062723c751e8b465ee728b)  -> (artifact id: 'd7f26630c94d1f980e46bece2ed275c6') in 0.013545 seconds
  Import took 0.020248 seconds .

========================================================================
Received Import Request.
  Time since last request: 11.139336 seconds.
  path: Assets/Resources/Sprites/Enemy/Mushroom
  artifactKey: Guid(c50392c3fe9138043b78e7611d958478) Importer(815301076,1909f56bfc062723c751e8b465ee728b)
Start importing Assets/Resources/Sprites/Enemy/Mushroom using Guid(c50392c3fe9138043b78e7611d958478) Importer(815301076,1909f56bfc062723c751e8b465ee728b)  -> (artifact id: '791c2c823666b088d32e4ac6efd3383e') in 0.058992 seconds
  Import took 0.064141 seconds .

========================================================================
Received Import Request.
  Time since last request: 151.764701 seconds.
  path: Assets/Resources/Sprites/Enemy/Flying eye/Flight_0.controller
  artifactKey: Guid(a469fd549edc23b4fa64425b9591905c) Importer(815301076,1909f56bfc062723c751e8b465ee728b)
Start importing Assets/Resources/Sprites/Enemy/Flying eye/Flight_0.controller using Guid(a469fd549edc23b4fa64425b9591905c) Importer(815301076,1909f56bfc062723c751e8b465ee728b)  -> (artifact id: 'b044bda2a21d22e0b2df2df8f1fb4d4e') in 0.303658 seconds
  Import took 0.309685 seconds .

========================================================================
Received Prepare
Registering precompiled user dll's ...
Registered in 0.001176 seconds.
Begin MonoManager ReloadAssembly
Native extension for WindowsStandalone target not found
Refreshing native plugins compatible for Editor in 0.41 ms, found 1 plugins.
Preloading 0 native plugins for Editor in 0.00 ms.
Invoked RoslynAnalysisRunner static constructor.
RoslynAnalysisRunner will not be running.
RoslynAnalysisRunner has terminated.
Mono: successfully reloaded assembly
- Completed reload, in  1.216 seconds
Platform modules already initialized, skipping
Refreshing native plugins compatible for Editor in 0.49 ms, found 1 plugins.
Preloading 0 native plugins for Editor in 0.00 ms.
Unloading 1810 Unused Serialized files (Serialized files now loaded: 0)
System memory in use before: 162.9 MB.
System memory in use after: 163.0 MB.

Unloading 11 unused Assets to reduce memory usage. Loaded Objects now: 2332.
Total: 2.773600 ms (FindLiveObjects: 0.220700 ms CreateObjectMapping: 0.100100 ms MarkObjects: 2.353600 ms  DeleteObjects: 0.097700 ms)

========================================================================
Received Prepare
Registering precompiled user dll's ...
Registered in 0.001254 seconds.
Begin MonoManager ReloadAssembly
Native extension for WindowsStandalone target not found
Refreshing native plugins compatible for Editor in 0.45 ms, found 1 plugins.
Preloading 0 native plugins for Editor in 0.00 ms.
Invoked RoslynAnalysisRunner static constructor.
RoslynAnalysisRunner will not be running.
RoslynAnalysisRunner has terminated.
Mono: successfully reloaded assembly
- Completed reload, in  1.354 seconds
Platform modules already initialized, skipping
Refreshing native plugins compatible for Editor in 0.50 ms, found 1 plugins.
Preloading 0 native plugins for Editor in 0.00 ms.
Unloading 1810 Unused Serialized files (Serialized files now loaded: 0)
System memory in use before: 163.1 MB.
System memory in use after: 163.2 MB.

Unloading 11 unused Assets to reduce memory usage. Loaded Objects now: 2335.
Total: 2.567000 ms (FindLiveObjects: 0.220400 ms CreateObjectMapping: 0.086400 ms MarkObjects: 2.003100 ms  DeleteObjects: 0.256000 ms)

========================================================================
Received Prepare
Registering precompiled user dll's ...
Registered in 0.001306 seconds.
Begin MonoManager ReloadAssembly
Native extension for WindowsStandalone target not found
Refreshing native plugins compatible for Editor in 0.52 ms, found 1 plugins.
Preloading 0 native plugins for Editor in 0.00 ms.
Invoked RoslynAnalysisRunner static constructor.
RoslynAnalysisRunner will not be running.
RoslynAnalysisRunner has terminated.
Mono: successfully reloaded assembly
- Completed reload, in  2.771 seconds
Platform modules already initialized, skipping
Refreshing native plugins compatible for Editor in 0.49 ms, found 1 plugins.
Preloading 0 native plugins for Editor in 0.00 ms.
Unloading 1810 Unused Serialized files (Serialized files now loaded: 0)
System memory in use before: 163.4 MB.
System memory in use after: 163.4 MB.

Unloading 11 unused Assets to reduce memory usage. Loaded Objects now: 2338.
Total: 3.446600 ms (FindLiveObjects: 0.791200 ms CreateObjectMapping: 0.411600 ms MarkObjects: 2.108300 ms  DeleteObjects: 0.133200 ms)

========================================================================
Received Prepare
Registering precompiled user dll's ...
Registered in 0.001170 seconds.
Begin MonoManager ReloadAssembly
Native extension for WindowsStandalone target not found
Refreshing native plugins compatible for Editor in 0.51 ms, found 1 plugins.
Preloading 0 native plugins for Editor in 0.00 ms.
Invoked RoslynAnalysisRunner static constructor.
RoslynAnalysisRunner will not be running.
RoslynAnalysisRunner has terminated.
Mono: successfully reloaded assembly
- Completed reload, in  1.238 seconds
Platform modules already initialized, skipping
Refreshing native plugins compatible for Editor in 0.47 ms, found 1 plugins.
Preloading 0 native plugins for Editor in 0.00 ms.
Unloading 1810 Unused Serialized files (Serialized files now loaded: 0)
System memory in use before: 163.6 MB.
System memory in use after: 163.6 MB.

Unloading 11 unused Assets to reduce memory usage. Loaded Objects now: 2341.
Total: 3.313100 ms (FindLiveObjects: 0.259200 ms CreateObjectMapping: 0.125200 ms MarkObjects: 2.672300 ms  DeleteObjects: 0.252900 ms)

========================================================================
Received Prepare
Registering precompiled user dll's ...
Registered in 0.001196 seconds.
Begin MonoManager ReloadAssembly
Native extension for WindowsStandalone target not found
Refreshing native plugins compatible for Editor in 0.58 ms, found 1 plugins.
Preloading 0 native plugins for Editor in 0.00 ms.
Invoked RoslynAnalysisRunner static constructor.
RoslynAnalysisRunner will not be running.
RoslynAnalysisRunner has terminated.
Mono: successfully reloaded assembly
- Completed reload, in  1.234 seconds
Platform modules already initialized, skipping
Refreshing native plugins compatible for Editor in 0.43 ms, found 1 plugins.
Preloading 0 native plugins for Editor in 0.00 ms.
Unloading 1810 Unused Serialized files (Serialized files now loaded: 0)
System memory in use before: 163.6 MB.
System memory in use after: 163.7 MB.

Unloading 11 unused Assets to reduce memory usage. Loaded Objects now: 2344.
Total: 2.409400 ms (FindLiveObjects: 0.234400 ms CreateObjectMapping: 0.094300 ms MarkObjects: 1.983200 ms  DeleteObjects: 0.096400 ms)

========================================================================
Received Import Request.
  Time since last request: 1015.562725 seconds.
  path: Assets/Medieval King Pack 2/Sprites
  artifactKey: Guid(16d8449acf73f8146b39adfcb83b519e) Importer(815301076,1909f56bfc062723c751e8b465ee728b)
Start importing Assets/Medieval King Pack 2/Sprites using Guid(16d8449acf73f8146b39adfcb83b519e) Importer(815301076,1909f56bfc062723c751e8b465ee728b)  -> (artifact id: '3ddfe16d837b91b81117fa1007dacae9') in 0.322301 seconds
  Import took 0.327758 seconds .

========================================================================
Received Import Request.
  Time since last request: 0.759915 seconds.
  path: Assets/Medieval King Pack 2/Sprites/Attack1.png
  artifactKey: Guid(a69f9e788982b8746a34ef183bb4aacf) Importer(815301076,1909f56bfc062723c751e8b465ee728b)
Start importing Assets/Medieval King Pack 2/Sprites/Attack1.png using Guid(a69f9e788982b8746a34ef183bb4aacf) Importer(815301076,1909f56bfc062723c751e8b465ee728b)  -> (artifact id: 'ec51a402f95855cfa2a76aebd5e06f2f') in 0.143287 seconds
  Import took 0.147511 seconds .

========================================================================
Received Import Request.
  Time since last request: 2.203417 seconds.
  path: Assets/Medieval King Pack 2/Sprites/Jump.png
  artifactKey: Guid(0a9460c5d02da8e46a486b489e357b89) Importer(815301076,1909f56bfc062723c751e8b465ee728b)
Start importing Assets/Medieval King Pack 2/Sprites/Jump.png using Guid(0a9460c5d02da8e46a486b489e357b89) Importer(815301076,1909f56bfc062723c751e8b465ee728b)  -> (artifact id: '18e2871c035179a92d04b695ab0a79e2') in 0.034617 seconds
  Import took 0.039885 seconds .

========================================================================
Received Import Request.
  Time since last request: 8.198846 seconds.
  path: Assets/Resources/Sprites/Player/New
  artifactKey: Guid(2121d3be6a1a79c46a90255ed92d5ee4) Importer(815301076,1909f56bfc062723c751e8b465ee728b)
Start importing Assets/Resources/Sprites/Player/New using Guid(2121d3be6a1a79c46a90255ed92d5ee4) Importer(815301076,1909f56bfc062723c751e8b465ee728b)  -> (artifact id: '9de060ac1a110738004c88246a0cc545') in 0.018468 seconds
  Import took 0.023818 seconds .

========================================================================
Received Import Request.
  Time since last request: 123.524142 seconds.
  path: Assets/Resources/Sprites/Player/New/Idle.png
  artifactKey: Guid(0e3502a80399d164ea01f1868f65acbf) Importer(815301076,1909f56bfc062723c751e8b465ee728b)
Start importing Assets/Resources/Sprites/Player/New/Idle.png using Guid(0e3502a80399d164ea01f1868f65acbf) Importer(815301076,1909f56bfc062723c751e8b465ee728b)  -> (artifact id: 'ae2696f64fd1ad65e89c710662bec693') in 0.055729 seconds
  Import took 0.060813 seconds .

========================================================================
Received Import Request.
  Time since last request: 41.350543 seconds.
  path: Assets/Resources/Sprites/Player/New/Run.png
  artifactKey: Guid(b41abf840d9ea3741a347d9f69137138) Importer(815301076,1909f56bfc062723c751e8b465ee728b)
Start importing Assets/Resources/Sprites/Player/New/Run.png using Guid(b41abf840d9ea3741a347d9f69137138) Importer(815301076,1909f56bfc062723c751e8b465ee728b)  -> (artifact id: '47c31d5af74e0bbfd15b3640f3d686b0') in 0.065604 seconds
  Import took 0.072304 seconds .

========================================================================
Received Import Request.
  Time since last request: 63.450735 seconds.
  path: Assets/Resources/Sprites/Player/New/Attack2.png
  artifactKey: Guid(426f724d7a0489b48be59c8e9125a9b4) Importer(815301076,1909f56bfc062723c751e8b465ee728b)
Start importing Assets/Resources/Sprites/Player/New/Attack2.png using Guid(426f724d7a0489b48be59c8e9125a9b4) Importer(815301076,1909f56bfc062723c751e8b465ee728b)  -> (artifact id: 'e8dcbc8089cb921ed6055b179b5fc119') in 0.107717 seconds
  Import took 0.112298 seconds .

========================================================================
Received Import Request.
  Time since last request: 9.879784 seconds.
  path: Assets/Resources/Sprites/Player/New/Attack3.png
  artifactKey: Guid(54ec4f0cdd3de40498e6a8dc361b8953) Importer(815301076,1909f56bfc062723c751e8b465ee728b)
Start importing Assets/Resources/Sprites/Player/New/Attack3.png using Guid(54ec4f0cdd3de40498e6a8dc361b8953) Importer(815301076,1909f56bfc062723c751e8b465ee728b)  -> (artifact id: '7585ea0822c225207c3f6d496101793a') in 0.043288 seconds
  Import took 0.048320 seconds .

========================================================================
Received Import Request.
  Time since last request: 14.453760 seconds.
  path: Assets/Resources/Sprites/Player/New/Fall.png
  artifactKey: Guid(18c272d27b28a784083dec9dbfbfa466) Importer(815301076,1909f56bfc062723c751e8b465ee728b)
Start importing Assets/Resources/Sprites/Player/New/Fall.png using Guid(18c272d27b28a784083dec9dbfbfa466) Importer(815301076,1909f56bfc062723c751e8b465ee728b)  -> (artifact id: '3952e8a67717ca7a166f04c347e380b7') in 0.108326 seconds
  Import took 0.113148 seconds .

========================================================================
Received Import Request.
  Time since last request: 183.134931 seconds.
  path: Assets/Resources/Controlers/N_Player.controller
  artifactKey: Guid(935520d44d535e247a4306ce87481502) Importer(815301076,1909f56bfc062723c751e8b465ee728b)
Start importing Assets/Resources/Controlers/N_Player.controller using Guid(935520d44d535e247a4306ce87481502) Importer(815301076,1909f56bfc062723c751e8b465ee728b)  -> (artifact id: '2f257c16637f95a10a87994db05e3d80') in 0.166330 seconds
  Import took 0.173411 seconds .

========================================================================
Received Prepare
Registering precompiled user dll's ...
Registered in 0.001169 seconds.
Begin MonoManager ReloadAssembly
Native extension for WindowsStandalone target not found
Refreshing native plugins compatible for Editor in 0.46 ms, found 1 plugins.
Preloading 0 native plugins for Editor in 0.00 ms.
Invoked RoslynAnalysisRunner static constructor.
RoslynAnalysisRunner will not be running.
RoslynAnalysisRunner has terminated.
Mono: successfully reloaded assembly
- Completed reload, in  1.342 seconds
Platform modules already initialized, skipping
Refreshing native plugins compatible for Editor in 0.42 ms, found 1 plugins.
Preloading 0 native plugins for Editor in 0.00 ms.
Unloading 1810 Unused Serialized files (Serialized files now loaded: 0)
System memory in use before: 163.1 MB.
System memory in use after: 163.1 MB.

Unloading 11 unused Assets to reduce memory usage. Loaded Objects now: 2353.
Total: 4.050900 ms (FindLiveObjects: 0.337800 ms CreateObjectMapping: 0.117000 ms MarkObjects: 3.359900 ms  DeleteObjects: 0.234000 ms)

========================================================================
Received Prepare
Registering precompiled user dll's ...
Registered in 0.007760 seconds.
Begin MonoManager ReloadAssembly
Native extension for WindowsStandalone target not found
Refreshing native plugins compatible for Editor in 0.42 ms, found 1 plugins.
Preloading 0 native plugins for Editor in 0.00 ms.
Invoked RoslynAnalysisRunner static constructor.
RoslynAnalysisRunner will not be running.
RoslynAnalysisRunner has terminated.
Mono: successfully reloaded assembly
- Completed reload, in  1.630 seconds
Platform modules already initialized, skipping
Refreshing native plugins compatible for Editor in 0.50 ms, found 1 plugins.
Preloading 0 native plugins for Editor in 0.00 ms.
Unloading 1810 Unused Serialized files (Serialized files now loaded: 0)
System memory in use before: 163.3 MB.
System memory in use after: 163.3 MB.

Unloading 11 unused Assets to reduce memory usage. Loaded Objects now: 2356.
Total: 2.557900 ms (FindLiveObjects: 0.240100 ms CreateObjectMapping: 0.093300 ms MarkObjects: 2.107200 ms  DeleteObjects: 0.115700 ms)

========================================================================
Received Prepare
Registering precompiled user dll's ...
Registered in 0.003284 seconds.
Begin MonoManager ReloadAssembly
Native extension for WindowsStandalone target not found
Refreshing native plugins compatible for Editor in 0.43 ms, found 1 plugins.
Preloading 0 native plugins for Editor in 0.00 ms.
Invoked RoslynAnalysisRunner static constructor.
RoslynAnalysisRunner will not be running.
RoslynAnalysisRunner has terminated.
Mono: successfully reloaded assembly
- Completed reload, in  1.467 seconds
Platform modules already initialized, skipping
Refreshing native plugins compatible for Editor in 2.71 ms, found 1 plugins.
Preloading 0 native plugins for Editor in 0.00 ms.
Unloading 1810 Unused Serialized files (Serialized files now loaded: 0)
System memory in use before: 163.5 MB.
System memory in use after: 163.5 MB.

Unloading 11 unused Assets to reduce memory usage. Loaded Objects now: 2359.
Total: 3.232000 ms (FindLiveObjects: 0.246900 ms CreateObjectMapping: 0.096700 ms MarkObjects: 2.776300 ms  DeleteObjects: 0.110600 ms)

========================================================================
Received Prepare
Registering precompiled user dll's ...
Registered in 0.001185 seconds.
Begin MonoManager ReloadAssembly
Native extension for WindowsStandalone target not found
Refreshing native plugins compatible for Editor in 0.97 ms, found 1 plugins.
Preloading 0 native plugins for Editor in 0.00 ms.
Invoked RoslynAnalysisRunner static constructor.
RoslynAnalysisRunner will not be running.
RoslynAnalysisRunner has terminated.
Mono: successfully reloaded assembly
- Completed reload, in  1.417 seconds
Platform modules already initialized, skipping
Refreshing native plugins compatible for Editor in 0.53 ms, found 1 plugins.
Preloading 0 native plugins for Editor in 0.00 ms.
Unloading 1810 Unused Serialized files (Serialized files now loaded: 0)
System memory in use before: 163.7 MB.
System memory in use after: 163.7 MB.

Unloading 11 unused Assets to reduce memory usage. Loaded Objects now: 2362.
Total: 3.239100 ms (FindLiveObjects: 0.241900 ms CreateObjectMapping: 0.094900 ms MarkObjects: 2.792700 ms  DeleteObjects: 0.107900 ms)

========================================================================
Received Prepare
Registering precompiled user dll's ...
Registered in 0.006512 seconds.
Begin MonoManager ReloadAssembly
Native extension for WindowsStandalone target not found
Refreshing native plugins compatible for Editor in 0.83 ms, found 1 plugins.
Preloading 0 native plugins for Editor in 0.00 ms.
Invoked RoslynAnalysisRunner static constructor.
RoslynAnalysisRunner will not be running.
RoslynAnalysisRunner has terminated.
Mono: successfully reloaded assembly
- Completed reload, in  2.213 seconds
Platform modules already initialized, skipping
Refreshing native plugins compatible for Editor in 0.74 ms, found 1 plugins.
Preloading 0 native plugins for Editor in 0.00 ms.
Unloading 1810 Unused Serialized files (Serialized files now loaded: 0)
System memory in use before: 162.9 MB.
System memory in use after: 163.0 MB.

Unloading 11 unused Assets to reduce memory usage. Loaded Objects now: 2365.
Total: 7.405200 ms (FindLiveObjects: 0.520000 ms CreateObjectMapping: 0.144500 ms MarkObjects: 6.630200 ms  DeleteObjects: 0.108700 ms)

========================================================================
Received Prepare
Registering precompiled user dll's ...
Registered in 0.001108 seconds.
Begin MonoManager ReloadAssembly
Native extension for WindowsStandalone target not found
Refreshing native plugins compatible for Editor in 0.51 ms, found 1 plugins.
Preloading 0 native plugins for Editor in 0.00 ms.
Invoked RoslynAnalysisRunner static constructor.
RoslynAnalysisRunner will not be running.
RoslynAnalysisRunner has terminated.
Mono: successfully reloaded assembly
- Completed reload, in  1.609 seconds
Platform modules already initialized, skipping
Refreshing native plugins compatible for Editor in 0.43 ms, found 1 plugins.
Preloading 0 native plugins for Editor in 0.00 ms.
Unloading 1810 Unused Serialized files (Serialized files now loaded: 0)
System memory in use before: 163.1 MB.
System memory in use after: 163.2 MB.

Unloading 11 unused Assets to reduce memory usage. Loaded Objects now: 2368.
Total: 2.642700 ms (FindLiveObjects: 0.249300 ms CreateObjectMapping: 0.094100 ms MarkObjects: 2.199500 ms  DeleteObjects: 0.098600 ms)

========================================================================
Received Prepare
Registering precompiled user dll's ...
Registered in 0.001491 seconds.
Begin MonoManager ReloadAssembly
Native extension for WindowsStandalone target not found
Refreshing native plugins compatible for Editor in 0.46 ms, found 1 plugins.
Preloading 0 native plugins for Editor in 0.00 ms.
Invoked RoslynAnalysisRunner static constructor.
RoslynAnalysisRunner will not be running.
RoslynAnalysisRunner has terminated.
Mono: successfully reloaded assembly
- Completed reload, in  1.456 seconds
Platform modules already initialized, skipping
Refreshing native plugins compatible for Editor in 0.48 ms, found 1 plugins.
Preloading 0 native plugins for Editor in 0.00 ms.
Unloading 1810 Unused Serialized files (Serialized files now loaded: 0)
System memory in use before: 163.4 MB.
System memory in use after: 163.4 MB.

Unloading 11 unused Assets to reduce memory usage. Loaded Objects now: 2371.
Total: 2.687600 ms (FindLiveObjects: 0.251700 ms CreateObjectMapping: 0.088000 ms MarkObjects: 2.241900 ms  DeleteObjects: 0.104600 ms)

========================================================================
Received Prepare
Registering precompiled user dll's ...
Registered in 0.001126 seconds.
Begin MonoManager ReloadAssembly
Native extension for WindowsStandalone target not found
Refreshing native plugins compatible for Editor in 0.41 ms, found 1 plugins.
Preloading 0 native plugins for Editor in 0.00 ms.
Invoked RoslynAnalysisRunner static constructor.
RoslynAnalysisRunner will not be running.
RoslynAnalysisRunner has terminated.
Mono: successfully reloaded assembly
- Completed reload, in  1.715 seconds
Platform modules already initialized, skipping
Refreshing native plugins compatible for Editor in 1.00 ms, found 1 plugins.
Preloading 0 native plugins for Editor in 0.00 ms.
Unloading 1810 Unused Serialized files (Serialized files now loaded: 0)
System memory in use before: 163.6 MB.
System memory in use after: 163.6 MB.

Unloading 11 unused Assets to reduce memory usage. Loaded Objects now: 2374.
Total: 2.472500 ms (FindLiveObjects: 0.237100 ms CreateObjectMapping: 0.101600 ms MarkObjects: 2.025200 ms  DeleteObjects: 0.107000 ms)

========================================================================
Received Prepare
Registering precompiled user dll's ...
Registered in 0.001448 seconds.
Begin MonoManager ReloadAssembly
Native extension for WindowsStandalone target not found
Refreshing native plugins compatible for Editor in 0.65 ms, found 1 plugins.
Preloading 0 native plugins for Editor in 0.00 ms.
Invoked RoslynAnalysisRunner static constructor.
RoslynAnalysisRunner will not be running.
RoslynAnalysisRunner has terminated.
Mono: successfully reloaded assembly
- Completed reload, in  2.077 seconds
Platform modules already initialized, skipping
Refreshing native plugins compatible for Editor in 0.55 ms, found 1 plugins.
Preloading 0 native plugins for Editor in 0.00 ms.
Unloading 1810 Unused Serialized files (Serialized files now loaded: 0)
System memory in use before: 163.7 MB.
System memory in use after: 163.8 MB.

Unloading 11 unused Assets to reduce memory usage. Loaded Objects now: 2377.
Total: 4.906500 ms (FindLiveObjects: 0.990000 ms CreateObjectMapping: 0.274800 ms MarkObjects: 3.516400 ms  DeleteObjects: 0.121900 ms)

========================================================================
Received Prepare
Registering precompiled user dll's ...
Registered in 0.001265 seconds.
Begin MonoManager ReloadAssembly
Native extension for WindowsStandalone target not found
Refreshing native plugins compatible for Editor in 0.51 ms, found 1 plugins.
Preloading 0 native plugins for Editor in 0.00 ms.
Invoked RoslynAnalysisRunner static constructor.
RoslynAnalysisRunner will not be running.
RoslynAnalysisRunner has terminated.
Mono: successfully reloaded assembly
- Completed reload, in  1.768 seconds
Platform modules already initialized, skipping
Refreshing native plugins compatible for Editor in 0.54 ms, found 1 plugins.
Preloading 0 native plugins for Editor in 0.00 ms.
Unloading 1810 Unused Serialized files (Serialized files now loaded: 0)
System memory in use before: 163.0 MB.
System memory in use after: 163.0 MB.

Unloading 11 unused Assets to reduce memory usage. Loaded Objects now: 2380.
Total: 4.052000 ms (FindLiveObjects: 0.266200 ms CreateObjectMapping: 0.165000 ms MarkObjects: 3.515100 ms  DeleteObjects: 0.103400 ms)

========================================================================
Received Prepare
Registering precompiled user dll's ...
Registered in 0.001182 seconds.
Begin MonoManager ReloadAssembly
Native extension for WindowsStandalone target not found
Refreshing native plugins compatible for Editor in 0.52 ms, found 1 plugins.
Preloading 0 native plugins for Editor in 0.00 ms.
Invoked RoslynAnalysisRunner static constructor.
RoslynAnalysisRunner will not be running.
RoslynAnalysisRunner has terminated.
Mono: successfully reloaded assembly
- Completed reload, in  1.598 seconds
Platform modules already initialized, skipping
Refreshing native plugins compatible for Editor in 0.75 ms, found 1 plugins.
Preloading 0 native plugins for Editor in 0.00 ms.
Unloading 1810 Unused Serialized files (Serialized files now loaded: 0)
System memory in use before: 163.2 MB.
System memory in use after: 163.3 MB.

Unloading 11 unused Assets to reduce memory usage. Loaded Objects now: 2383.
Total: 4.860200 ms (FindLiveObjects: 0.423000 ms CreateObjectMapping: 0.108800 ms MarkObjects: 3.793700 ms  DeleteObjects: 0.532600 ms)

========================================================================
Received Import Request.
  Time since last request: 1380.634603 seconds.
  path: Assets/Resources/Anim/Player/Attack1.anim
  artifactKey: Guid(081459c2d9e6308419ef95a92438909b) Importer(815301076,1909f56bfc062723c751e8b465ee728b)
Start importing Assets/Resources/Anim/Player/Attack1.anim using Guid(081459c2d9e6308419ef95a92438909b) Importer(815301076,1909f56bfc062723c751e8b465ee728b)  -> (artifact id: 'e49fc4fc7b99ebbe861d25114b1bc7df') in 0.042144 seconds
  Import took 0.052804 seconds .

========================================================================
Received Import Request.
  Time since last request: 1.949061 seconds.
  path: Assets/Resources/Anim/Player/Attack2.anim
  artifactKey: Guid(eec730ab04db251409d2227e45562c21) Importer(815301076,1909f56bfc062723c751e8b465ee728b)
Start importing Assets/Resources/Anim/Player/Attack2.anim using Guid(eec730ab04db251409d2227e45562c21) Importer(815301076,1909f56bfc062723c751e8b465ee728b)  -> (artifact id: 'eaff2f75f70a5b35b21599820d8d6646') in 0.018843 seconds
  Import took 0.025476 seconds .

========================================================================
Received Prepare
Registering precompiled user dll's ...
Registered in 0.008700 seconds.
Begin MonoManager ReloadAssembly
Native extension for WindowsStandalone target not found
Refreshing native plugins compatible for Editor in 2.58 ms, found 1 plugins.
Preloading 0 native plugins for Editor in 0.00 ms.
Invoked RoslynAnalysisRunner static constructor.
RoslynAnalysisRunner will not be running.
RoslynAnalysisRunner has terminated.
Mono: successfully reloaded assembly
- Completed reload, in  3.022 seconds
Platform modules already initialized, skipping
Refreshing native plugins compatible for Editor in 0.47 ms, found 1 plugins.
Preloading 0 native plugins for Editor in 0.00 ms.
Unloading 1810 Unused Serialized files (Serialized files now loaded: 0)
System memory in use before: 163.4 MB.
System memory in use after: 163.5 MB.

Unloading 11 unused Assets to reduce memory usage. Loaded Objects now: 2386.
Total: 6.806400 ms (FindLiveObjects: 0.269600 ms CreateObjectMapping: 0.104000 ms MarkObjects: 6.313500 ms  DeleteObjects: 0.117400 ms)

========================================================================
Received Prepare
Registering precompiled user dll's ...
Registered in 0.001644 seconds.
Begin MonoManager ReloadAssembly
Native extension for WindowsStandalone target not found
Refreshing native plugins compatible for Editor in 0.84 ms, found 1 plugins.
Preloading 0 native plugins for Editor in 0.00 ms.
Invoked RoslynAnalysisRunner static constructor.
RoslynAnalysisRunner will not be running.
RoslynAnalysisRunner has terminated.
Mono: successfully reloaded assembly
- Completed reload, in  2.219 seconds
Platform modules already initialized, skipping
Refreshing native plugins compatible for Editor in 0.73 ms, found 1 plugins.
Preloading 0 native plugins for Editor in 0.00 ms.
Unloading 1810 Unused Serialized files (Serialized files now loaded: 0)
System memory in use before: 163.7 MB.
System memory in use after: 163.7 MB.

Unloading 11 unused Assets to reduce memory usage. Loaded Objects now: 2389.
Total: 8.357800 ms (FindLiveObjects: 0.382900 ms CreateObjectMapping: 0.095700 ms MarkObjects: 7.752000 ms  DeleteObjects: 0.125300 ms)

========================================================================
Received Import Request.
  Time since last request: 43.448803 seconds.
  path: Assets/Resources/Anim/Player/Attack3.anim
  artifactKey: Guid(fde7aae0e0ee0aa4b9f8d0554cac9e77) Importer(815301076,1909f56bfc062723c751e8b465ee728b)
Start importing Assets/Resources/Anim/Player/Attack3.anim using Guid(fde7aae0e0ee0aa4b9f8d0554cac9e77) Importer(815301076,1909f56bfc062723c751e8b465ee728b)  -> (artifact id: '1961d6e2bc20553745ed5ae76b761a63') in 0.039821 seconds
  Import took 0.049354 seconds .

========================================================================
Received Import Request.
  Time since last request: 116.540644 seconds.
  path: Assets/Resources/Anim/Player/Attack4.anim
  artifactKey: Guid(4d8f8843357931840b63d22edcdcf4f9) Importer(815301076,1909f56bfc062723c751e8b465ee728b)
Start importing Assets/Resources/Anim/Player/Attack4.anim using Guid(4d8f8843357931840b63d22edcdcf4f9) Importer(815301076,1909f56bfc062723c751e8b465ee728b)  -> (artifact id: '27086b6f651ffc05520dd55150e61f3c') in 0.042358 seconds
  Import took 0.050421 seconds .

========================================================================
Received Import Request.
  Time since last request: 8.392507 seconds.
  path: Assets/Resources/Anim/Player/Attack5.anim
  artifactKey: Guid(8508dc9428bfe2847a52e1123b7874e5) Importer(815301076,1909f56bfc062723c751e8b465ee728b)
Start importing Assets/Resources/Anim/Player/Attack5.anim using Guid(8508dc9428bfe2847a52e1123b7874e5) Importer(815301076,1909f56bfc062723c751e8b465ee728b)  -> (artifact id: '25342644526104755f2a9c23228b9e9e') in 0.027912 seconds
  Import took 0.041078 seconds .

========================================================================
Received Import Request.
  Time since last request: 36.766411 seconds.
  path: Assets/Resources/Sprites/Player/New/Jump.png
  artifactKey: Guid(0a9460c5d02da8e46a486b489e357b89) Importer(815301076,1909f56bfc062723c751e8b465ee728b)
Start importing Assets/Resources/Sprites/Player/New/Jump.png using Guid(0a9460c5d02da8e46a486b489e357b89) Importer(815301076,1909f56bfc062723c751e8b465ee728b)  -> (artifact id: '0c3a2d4353a8b3f2c076245fe54b1d3f') in 0.118281 seconds
  Import took 0.156099 seconds .

========================================================================
Received Prepare
Registering precompiled user dll's ...
Registered in 0.035491 seconds.
Begin MonoManager ReloadAssembly
Native extension for WindowsStandalone target not found
Refreshing native plugins compatible for Editor in 0.64 ms, found 1 plugins.
Preloading 0 native plugins for Editor in 0.00 ms.
Invoked RoslynAnalysisRunner static constructor.
RoslynAnalysisRunner will not be running.
RoslynAnalysisRunner has terminated.
Mono: successfully reloaded assembly
- Completed reload, in  2.025 seconds
Platform modules already initialized, skipping
Refreshing native plugins compatible for Editor in 0.44 ms, found 1 plugins.
Preloading 0 native plugins for Editor in 0.00 ms.
Unloading 1810 Unused Serialized files (Serialized files now loaded: 0)
System memory in use before: 163.8 MB.
System memory in use after: 163.8 MB.

Unloading 11 unused Assets to reduce memory usage. Loaded Objects now: 2393.
Total: 3.765900 ms (FindLiveObjects: 0.938100 ms CreateObjectMapping: 0.206300 ms MarkObjects: 2.502700 ms  DeleteObjects: 0.117000 ms)

========================================================================
Received Prepare
Registering precompiled user dll's ...
Registered in 0.001632 seconds.
Begin MonoManager ReloadAssembly
Native extension for WindowsStandalone target not found
Refreshing native plugins compatible for Editor in 0.78 ms, found 1 plugins.
Preloading 0 native plugins for Editor in 0.00 ms.
Invoked RoslynAnalysisRunner static constructor.
RoslynAnalysisRunner will not be running.
RoslynAnalysisRunner has terminated.
Mono: successfully reloaded assembly
- Completed reload, in  2.630 seconds
Platform modules already initialized, skipping
Refreshing native plugins compatible for Editor in 0.60 ms, found 1 plugins.
Preloading 0 native plugins for Editor in 0.00 ms.
Unloading 1810 Unused Serialized files (Serialized files now loaded: 0)
System memory in use before: 163.1 MB.
System memory in use after: 163.1 MB.

Unloading 11 unused Assets to reduce memory usage. Loaded Objects now: 2396.
Total: 7.680500 ms (FindLiveObjects: 1.043900 ms CreateObjectMapping: 0.113300 ms MarkObjects: 6.408600 ms  DeleteObjects: 0.112100 ms)

========================================================================
Received Import Request.
  Time since last request: 1879.042318 seconds.
  path: Assets/Resources/Anim/Player/Run.anim
  artifactKey: Guid(f66968bbf8554ba4d88ebfd74f229cee) Importer(815301076,1909f56bfc062723c751e8b465ee728b)
Start importing Assets/Resources/Anim/Player/Run.anim using Guid(f66968bbf8554ba4d88ebfd74f229cee) Importer(815301076,1909f56bfc062723c751e8b465ee728b)  -> (artifact id: '3cf0b786463a6eba2d0209d69c77f110') in 0.072464 seconds
  Import took 0.082837 seconds .

========================================================================
Received Prepare
Registering precompiled user dll's ...
Registered in 0.001139 seconds.
Begin MonoManager ReloadAssembly
Native extension for WindowsStandalone target not found
Refreshing native plugins compatible for Editor in 0.42 ms, found 1 plugins.
Preloading 0 native plugins for Editor in 0.00 ms.
Invoked RoslynAnalysisRunner static constructor.
RoslynAnalysisRunner will not be running.
RoslynAnalysisRunner has terminated.
Mono: successfully reloaded assembly
- Completed reload, in  1.510 seconds
Platform modules already initialized, skipping
Refreshing native plugins compatible for Editor in 0.46 ms, found 1 plugins.
Preloading 0 native plugins for Editor in 0.00 ms.
Unloading 1810 Unused Serialized files (Serialized files now loaded: 0)
System memory in use before: 163.3 MB.
System memory in use after: 163.3 MB.

Unloading 11 unused Assets to reduce memory usage. Loaded Objects now: 2399.
Total: 3.754300 ms (FindLiveObjects: 0.472700 ms CreateObjectMapping: 0.900300 ms MarkObjects: 2.275900 ms  DeleteObjects: 0.103800 ms)

========================================================================
Received Prepare
Registering precompiled user dll's ...
Registered in 0.001148 seconds.
Begin MonoManager ReloadAssembly
Native extension for WindowsStandalone target not found
Refreshing native plugins compatible for Editor in 0.57 ms, found 1 plugins.
Preloading 0 native plugins for Editor in 0.00 ms.
Invoked RoslynAnalysisRunner static constructor.
RoslynAnalysisRunner will not be running.
RoslynAnalysisRunner has terminated.
Mono: successfully reloaded assembly
- Completed reload, in  1.441 seconds
Platform modules already initialized, skipping
Refreshing native plugins compatible for Editor in 0.45 ms, found 1 plugins.
Preloading 0 native plugins for Editor in 0.00 ms.
Unloading 1810 Unused Serialized files (Serialized files now loaded: 0)
System memory in use before: 163.5 MB.
System memory in use after: 163.6 MB.

Unloading 11 unused Assets to reduce memory usage. Loaded Objects now: 2402.
Total: 4.021100 ms (FindLiveObjects: 0.463200 ms CreateObjectMapping: 0.125200 ms MarkObjects: 3.239600 ms  DeleteObjects: 0.191400 ms)

========================================================================
Received Import Request.
  Time since last request: 225.470989 seconds.
  path: Assets/Resources/Controlers/N_Player.controller
  artifactKey: Guid(935520d44d535e247a4306ce87481502) Importer(815301076,1909f56bfc062723c751e8b465ee728b)
Start importing Assets/Resources/Controlers/N_Player.controller using Guid(935520d44d535e247a4306ce87481502) Importer(815301076,1909f56bfc062723c751e8b465ee728b)  -> (artifact id: '1f0f6fb6fddb5ac77463a5f95ba942a6') in 0.441982 seconds
  Import took 0.457554 seconds .

========================================================================
Received Import Request.
  Time since last request: 0.009741 seconds.
  path: Assets/Resources/Controlers/N_Player.controller
  artifactKey: Guid(935520d44d535e247a4306ce87481502) Importer(815301076,1909f56bfc062723c751e8b465ee728b)
Start importing Assets/Resources/Controlers/N_Player.controller using Guid(935520d44d535e247a4306ce87481502) Importer(815301076,1909f56bfc062723c751e8b465ee728b)  -> (artifact id: '1f0f6fb6fddb5ac77463a5f95ba942a6') in 0.086069 seconds
  Import took 0.101408 seconds .

========================================================================
Received Import Request.
  Time since last request: 60.006277 seconds.
  path: Assets/Resources/Anim/Player/Attack3.anim
  artifactKey: Guid(fde7aae0e0ee0aa4b9f8d0554cac9e77) Importer(815301076,1909f56bfc062723c751e8b465ee728b)
Start importing Assets/Resources/Anim/Player/Attack3.anim using Guid(fde7aae0e0ee0aa4b9f8d0554cac9e77) Importer(815301076,1909f56bfc062723c751e8b465ee728b)  -> (artifact id: '7fde81d3b5f1ae8e9e0bc015b65e8340') in 0.021025 seconds
  Import took 0.028651 seconds .

========================================================================
Received Prepare
Registering precompiled user dll's ...
Registered in 0.003246 seconds.
Begin MonoManager ReloadAssembly
Native extension for WindowsStandalone target not found
Refreshing native plugins compatible for Editor in 0.43 ms, found 1 plugins.
Preloading 0 native plugins for Editor in 0.00 ms.
Invoked RoslynAnalysisRunner static constructor.
RoslynAnalysisRunner will not be running.
RoslynAnalysisRunner has terminated.
Mono: successfully reloaded assembly
- Completed reload, in  1.498 seconds
Platform modules already initialized, skipping
Refreshing native plugins compatible for Editor in 0.56 ms, found 1 plugins.
Preloading 0 native plugins for Editor in 0.00 ms.
Unloading 1810 Unused Serialized files (Serialized files now loaded: 0)
System memory in use before: 163.7 MB.
System memory in use after: 163.8 MB.

Unloading 11 unused Assets to reduce memory usage. Loaded Objects now: 2405.
Total: 4.019900 ms (FindLiveObjects: 0.265300 ms CreateObjectMapping: 0.273600 ms MarkObjects: 3.361600 ms  DeleteObjects: 0.117500 ms)

========================================================================
Received Prepare
Registering precompiled user dll's ...
Registered in 0.002035 seconds.
Begin MonoManager ReloadAssembly
Native extension for WindowsStandalone target not found
Refreshing native plugins compatible for Editor in 0.80 ms, found 1 plugins.
Preloading 0 native plugins for Editor in 0.00 ms.
Invoked RoslynAnalysisRunner static constructor.
RoslynAnalysisRunner will not be running.
RoslynAnalysisRunner has terminated.
Mono: successfully reloaded assembly
- Completed reload, in  1.556 seconds
Platform modules already initialized, skipping
Refreshing native plugins compatible for Editor in 0.46 ms, found 1 plugins.
Preloading 0 native plugins for Editor in 0.00 ms.
Unloading 1810 Unused Serialized files (Serialized files now loaded: 0)
System memory in use before: 163.8 MB.
System memory in use after: 163.8 MB.

Unloading 11 unused Assets to reduce memory usage. Loaded Objects now: 2408.
Total: 7.298600 ms (FindLiveObjects: 0.414800 ms CreateObjectMapping: 0.208700 ms MarkObjects: 6.521800 ms  DeleteObjects: 0.151200 ms)

========================================================================
Received Prepare
Registering precompiled user dll's ...
Registered in 0.001362 seconds.
Begin MonoManager ReloadAssembly
Native extension for WindowsStandalone target not found
Refreshing native plugins compatible for Editor in 0.50 ms, found 1 plugins.
Preloading 0 native plugins for Editor in 0.00 ms.
Invoked RoslynAnalysisRunner static constructor.
RoslynAnalysisRunner will not be running.
RoslynAnalysisRunner has terminated.
Mono: successfully reloaded assembly
- Completed reload, in  1.854 seconds
Platform modules already initialized, skipping
Refreshing native plugins compatible for Editor in 0.47 ms, found 1 plugins.
Preloading 0 native plugins for Editor in 0.00 ms.
Unloading 1810 Unused Serialized files (Serialized files now loaded: 0)
System memory in use before: 163.2 MB.
System memory in use after: 163.2 MB.

Unloading 11 unused Assets to reduce memory usage. Loaded Objects now: 2411.
Total: 3.524100 ms (FindLiveObjects: 0.343800 ms CreateObjectMapping: 0.136300 ms MarkObjects: 2.737400 ms  DeleteObjects: 0.304600 ms)

========================================================================
Received Import Request.
  Time since last request: 243.518946 seconds.
  path: Assets/Scenes/Playing.unity
  artifactKey: Guid(6327ea76e82c9844297d459fe0681e77) Importer(815301076,1909f56bfc062723c751e8b465ee728b)
Start importing Assets/Scenes/Playing.unity using Guid(6327ea76e82c9844297d459fe0681e77) Importer(815301076,1909f56bfc062723c751e8b465ee728b)  -> (artifact id: 'b9a09ac700237c922150533b9858242b') in 0.038065 seconds
  Import took 0.042467 seconds .

========================================================================
Received Import Request.
  Time since last request: 0.446631 seconds.
  path: Assets/Scenes/Main.unity
  artifactKey: Guid(7d5da99c9b362f143bafe1078efd1803) Importer(815301076,1909f56bfc062723c751e8b465ee728b)
Start importing Assets/Scenes/Main.unity using Guid(7d5da99c9b362f143bafe1078efd1803) Importer(815301076,1909f56bfc062723c751e8b465ee728b)  -> (artifact id: 'c52b9385b9483696ec4da3ca5b30b8b7') in 0.013830 seconds
  Import took 0.024080 seconds .

========================================================================
Received Prepare
Registering precompiled user dll's ...
Registered in 0.001469 seconds.
Begin MonoManager ReloadAssembly
Native extension for WindowsStandalone target not found
Refreshing native plugins compatible for Editor in 0.79 ms, found 1 plugins.
Preloading 0 native plugins for Editor in 0.00 ms.
Invoked RoslynAnalysisRunner static constructor.
RoslynAnalysisRunner will not be running.
RoslynAnalysisRunner has terminated.
Mono: successfully reloaded assembly
- Completed reload, in  1.566 seconds
Platform modules already initialized, skipping
Refreshing native plugins compatible for Editor in 0.54 ms, found 1 plugins.
Preloading 0 native plugins for Editor in 0.00 ms.
Unloading 1810 Unused Serialized files (Serialized files now loaded: 0)
System memory in use before: 163.4 MB.
System memory in use after: 163.4 MB.

Unloading 11 unused Assets to reduce memory usage. Loaded Objects now: 2414.
Total: 2.457200 ms (FindLiveObjects: 0.262000 ms CreateObjectMapping: 0.106300 ms MarkObjects: 1.985300 ms  DeleteObjects: 0.102100 ms)

========================================================================
Received Prepare
Registering precompiled user dll's ...
Registered in 0.003972 seconds.
Begin MonoManager ReloadAssembly
Native extension for WindowsStandalone target not found
Refreshing native plugins compatible for Editor in 0.44 ms, found 1 plugins.
Preloading 0 native plugins for Editor in 0.00 ms.
Invoked RoslynAnalysisRunner static constructor.
RoslynAnalysisRunner will not be running.
RoslynAnalysisRunner has terminated.
Mono: successfully reloaded assembly
- Completed reload, in  1.729 seconds
Platform modules already initialized, skipping
Refreshing native plugins compatible for Editor in 0.53 ms, found 1 plugins.
Preloading 0 native plugins for Editor in 0.00 ms.
Unloading 1810 Unused Serialized files (Serialized files now loaded: 0)
System memory in use before: 163.6 MB.
System memory in use after: 163.7 MB.

Unloading 11 unused Assets to reduce memory usage. Loaded Objects now: 2417.
Total: 2.462100 ms (FindLiveObjects: 0.270800 ms CreateObjectMapping: 0.110000 ms MarkObjects: 1.967900 ms  DeleteObjects: 0.112100 ms)

========================================================================
Received Prepare
Registering precompiled user dll's ...
Registered in 0.001138 seconds.
Begin MonoManager ReloadAssembly
Native extension for WindowsStandalone target not found
Refreshing native plugins compatible for Editor in 0.59 ms, found 1 plugins.
Preloading 0 native plugins for Editor in 0.00 ms.
Invoked RoslynAnalysisRunner static constructor.
RoslynAnalysisRunner will not be running.
RoslynAnalysisRunner has terminated.
Mono: successfully reloaded assembly
- Completed reload, in  1.582 seconds
Platform modules already initialized, skipping
Refreshing native plugins compatible for Editor in 0.45 ms, found 1 plugins.
Preloading 0 native plugins for Editor in 0.00 ms.
Unloading 1810 Unused Serialized files (Serialized files now loaded: 0)
System memory in use before: 163.8 MB.
System memory in use after: 163.9 MB.

Unloading 11 unused Assets to reduce memory usage. Loaded Objects now: 2420.
Total: 4.260100 ms (FindLiveObjects: 0.286500 ms CreateObjectMapping: 0.097200 ms MarkObjects: 3.691100 ms  DeleteObjects: 0.183200 ms)

========================================================================
Received Prepare
Registering precompiled user dll's ...
Registered in 0.009145 seconds.
Begin MonoManager ReloadAssembly
Native extension for WindowsStandalone target not found
Refreshing native plugins compatible for Editor in 0.62 ms, found 1 plugins.
Preloading 0 native plugins for Editor in 0.00 ms.
Invoked RoslynAnalysisRunner static constructor.
RoslynAnalysisRunner will not be running.
RoslynAnalysisRunner has terminated.
Mono: successfully reloaded assembly
- Completed reload, in  1.736 seconds
Platform modules already initialized, skipping
Refreshing native plugins compatible for Editor in 0.51 ms, found 1 plugins.
Preloading 0 native plugins for Editor in 0.00 ms.
Unloading 1810 Unused Serialized files (Serialized files now loaded: 0)
System memory in use before: 164.1 MB.
System memory in use after: 164.1 MB.

Unloading 11 unused Assets to reduce memory usage. Loaded Objects now: 2423.
Total: 4.691900 ms (FindLiveObjects: 0.299400 ms CreateObjectMapping: 0.184800 ms MarkObjects: 4.025900 ms  DeleteObjects: 0.178900 ms)

========================================================================
Received Prepare
Registering precompiled user dll's ...
Registered in 0.001362 seconds.
Begin MonoManager ReloadAssembly
Native extension for WindowsStandalone target not found
Refreshing native plugins compatible for Editor in 0.54 ms, found 1 plugins.
Preloading 0 native plugins for Editor in 0.00 ms.
Invoked RoslynAnalysisRunner static constructor.
RoslynAnalysisRunner will not be running.
RoslynAnalysisRunner has terminated.
Mono: successfully reloaded assembly
- Completed reload, in  1.385 seconds
Platform modules already initialized, skipping
Refreshing native plugins compatible for Editor in 0.46 ms, found 1 plugins.
Preloading 0 native plugins for Editor in 0.00 ms.
Unloading 1810 Unused Serialized files (Serialized files now loaded: 0)
System memory in use before: 163.3 MB.
System memory in use after: 163.3 MB.

Unloading 11 unused Assets to reduce memory usage. Loaded Objects now: 2426.
Total: 2.470600 ms (FindLiveObjects: 0.273400 ms CreateObjectMapping: 0.095200 ms MarkObjects: 1.989000 ms  DeleteObjects: 0.111500 ms)

AssetImportWorkerClient::OnTransportError - code=2 error=End of file
